2020-03-05 17:42:41 INFO: Server-RaspberryAQ Started!
2020-03-05 17:42:47 INFO: Inputfile imported
2020-03-05 17:42:47 INFO: Mainlight is switched on
2020-03-05 17:42:47 INFO: CO2 is switched on
2020-03-05 17:42:47 INFO: Heater is switched off
2020-03-05 17:42:47 INFO: Checking for new Input file.
2020-03-05 17:42:52 INFO: Mainlight is switched on
2020-03-05 17:42:52 INFO: CO2 is switched on
2020-03-05 17:42:52 INFO: Heater is switched off
2020-03-05 17:42:57 INFO: Mainlight is switched on
2020-03-05 17:42:57 INFO: CO2 is switched on
2020-03-05 17:42:57 INFO: Heater is switched off
2020-03-05 17:43:02 INFO: Mainlight is switched on
2020-03-05 17:43:02 INFO: CO2 is switched on
2020-03-05 17:43:02 INFO: Heater is switched off
2020-03-05 17:47:28 INFO: Server-RaspberryAQ Started!
2020-03-05 17:47:33 INFO: Inputfile imported
2020-03-05 17:47:33 INFO: Mainlight is switched on
2020-03-05 17:47:33 INFO: CO2 is switched on
2020-03-05 17:47:33 INFO: Heater is switched off
2020-03-05 17:47:33 INFO: Checking for new Input file.
2020-03-05 17:47:38 INFO: Mainlight is switched on
2020-03-05 17:47:38 INFO: CO2 is switched on
2020-03-05 17:47:38 INFO: Heater is switched off
2020-03-05 17:47:43 INFO: Mainlight is switched on
2020-03-05 17:47:43 INFO: CO2 is switched on
2020-03-05 17:47:43 INFO: Heater is switched off
2020-03-05 17:47:48 INFO: Mainlight is switched on
2020-03-05 17:47:48 INFO: CO2 is switched on
2020-03-05 17:47:48 INFO: Heater is switched off
