2020-02-11 23:11:53 INFO: Server-RaspberryAQ Started!
2020-02-11 23:13:34 INFO: Server-RaspberryAQ Started!
2020-02-11 23:13:39 INFO: Inputfile imported
2020-02-11 23:13:39 INFO: Mainlight is switched off
2020-02-11 23:13:39 INFO: CO2 is switched off
2020-02-11 23:13:39 INFO: Heater is switched off
2020-02-11 23:13:39 INFO: Checking for new Input file.
2020-02-11 23:13:44 INFO: Mainlight is switched off
2020-02-11 23:13:44 INFO: CO2 is switched off
2020-02-11 23:13:44 INFO: Heater is switched off
2020-02-11 23:13:49 INFO: Mainlight is switched off
2020-02-11 23:13:49 INFO: CO2 is switched off
2020-02-11 23:13:49 INFO: Heater is switched off
2020-02-11 23:13:54 INFO: Mainlight is switched off
2020-02-11 23:13:54 INFO: CO2 is switched off
2020-02-11 23:13:54 INFO: Heater is switched off
2020-02-11 23:13:59 INFO: Mainlight is switched off
2020-02-11 23:13:59 INFO: CO2 is switched off
2020-02-11 23:13:59 INFO: Heater is switched off
2020-02-11 23:14:04 INFO: Mainlight is switched off
2020-02-11 23:14:04 INFO: CO2 is switched off
2020-02-11 23:14:04 INFO: Heater is switched off
2020-02-11 23:14:04 INFO: Checking for new Input file.
2020-02-11 23:14:09 INFO: Mainlight is switched off
2020-02-11 23:14:09 INFO: CO2 is switched off
2020-02-11 23:14:09 INFO: Heater is switched off
2020-02-11 23:14:14 INFO: Mainlight is switched off
2020-02-11 23:14:14 INFO: CO2 is switched off
2020-02-11 23:14:14 INFO: Heater is switched off
2020-02-11 23:14:19 INFO: Mainlight is switched off
2020-02-11 23:14:19 INFO: CO2 is switched off
2020-02-11 23:14:19 INFO: Heater is switched off
2020-02-11 23:14:24 INFO: Mainlight is switched off
2020-02-11 23:14:24 INFO: CO2 is switched off
2020-02-11 23:14:24 INFO: Heater is switched off
2020-02-11 23:14:29 INFO: Mainlight is switched off
2020-02-11 23:14:29 INFO: CO2 is switched off
2020-02-11 23:14:29 INFO: Heater is switched off
2020-02-11 23:14:29 INFO: Checking for new Input file.
2020-02-11 23:14:34 INFO: Mainlight is switched off
2020-02-11 23:14:34 INFO: CO2 is switched off
2020-02-11 23:14:34 INFO: Heater is switched off
2020-02-11 23:14:39 INFO: Mainlight is switched off
2020-02-11 23:14:39 INFO: CO2 is switched off
2020-02-11 23:14:39 INFO: Heater is switched off
2020-02-11 23:14:44 INFO: Mainlight is switched off
2020-02-11 23:14:44 INFO: CO2 is switched off
2020-02-11 23:14:44 INFO: Heater is switched off
2020-02-11 23:14:49 INFO: Mainlight is switched off
2020-02-11 23:14:49 INFO: CO2 is switched off
2020-02-11 23:14:49 INFO: Heater is switched off
2020-02-11 23:14:54 INFO: Mainlight is switched off
2020-02-11 23:14:54 INFO: CO2 is switched off
2020-02-11 23:14:54 INFO: Heater is switched off
2020-02-11 23:14:54 INFO: Checking for new Input file.
2020-02-11 23:14:59 INFO: Mainlight is switched off
2020-02-11 23:14:59 INFO: CO2 is switched off
2020-02-11 23:14:59 INFO: Heater is switched off
2020-02-11 23:15:04 INFO: Mainlight is switched off
2020-02-11 23:15:04 INFO: CO2 is switched off
2020-02-11 23:15:04 INFO: Heater is switched off
2020-02-11 23:15:09 INFO: Mainlight is switched off
2020-02-11 23:15:09 INFO: CO2 is switched off
2020-02-11 23:15:09 INFO: Heater is switched off
2020-02-11 23:15:14 INFO: Mainlight is switched off
2020-02-11 23:15:14 INFO: CO2 is switched off
2020-02-11 23:15:14 INFO: Heater is switched off
2020-02-11 23:15:19 INFO: Mainlight is switched off
2020-02-11 23:15:19 INFO: CO2 is switched off
2020-02-11 23:15:19 INFO: Heater is switched off
2020-02-11 23:15:19 INFO: Checking for new Input file.
2020-02-11 23:15:24 INFO: Mainlight is switched off
2020-02-11 23:15:24 INFO: CO2 is switched off
2020-02-11 23:15:24 INFO: Heater is switched off
2020-02-11 23:15:29 INFO: Mainlight is switched off
2020-02-11 23:15:29 INFO: CO2 is switched off
2020-02-11 23:15:29 INFO: Heater is switched off
2020-02-11 23:15:34 INFO: Mainlight is switched off
2020-02-11 23:15:34 INFO: CO2 is switched off
2020-02-11 23:15:34 INFO: Heater is switched off
2020-02-11 23:15:39 INFO: Mainlight is switched off
2020-02-11 23:15:39 INFO: CO2 is switched off
2020-02-11 23:15:39 INFO: Heater is switched off
2020-02-11 23:15:44 INFO: Mainlight is switched off
2020-02-11 23:15:44 INFO: CO2 is switched off
2020-02-11 23:15:44 INFO: Heater is switched off
2020-02-11 23:15:44 INFO: Checking for new Input file.
2020-02-11 23:15:49 INFO: Mainlight is switched off
2020-02-11 23:15:49 INFO: CO2 is switched off
2020-02-11 23:15:49 INFO: Heater is switched off
2020-02-11 23:15:54 INFO: Mainlight is switched off
2020-02-11 23:15:54 INFO: CO2 is switched off
2020-02-11 23:15:54 INFO: Heater is switched off
2020-02-11 23:16:00 INFO: Mainlight is switched off
2020-02-11 23:16:00 INFO: CO2 is switched off
2020-02-11 23:16:00 INFO: Heater is switched off
2020-02-11 23:16:05 INFO: Mainlight is switched off
2020-02-11 23:16:05 INFO: CO2 is switched off
2020-02-11 23:16:05 INFO: Heater is switched off
2020-02-11 23:16:10 INFO: Mainlight is switched off
2020-02-11 23:16:10 INFO: CO2 is switched off
2020-02-11 23:16:10 INFO: Heater is switched off
2020-02-11 23:16:10 INFO: Checking for new Input file.
2020-02-11 23:16:15 INFO: Mainlight is switched off
2020-02-11 23:16:15 INFO: CO2 is switched off
2020-02-11 23:16:15 INFO: Heater is switched off
2020-02-11 23:16:20 INFO: Mainlight is switched off
2020-02-11 23:16:20 INFO: CO2 is switched off
2020-02-11 23:16:20 INFO: Heater is switched off
2020-02-11 23:16:25 INFO: Mainlight is switched off
2020-02-11 23:16:25 INFO: CO2 is switched off
2020-02-11 23:16:25 INFO: Heater is switched off
2020-02-11 23:16:30 INFO: Mainlight is switched off
2020-02-11 23:16:30 INFO: CO2 is switched off
2020-02-11 23:16:30 INFO: Heater is switched off
2020-02-11 23:16:35 INFO: Mainlight is switched off
2020-02-11 23:16:35 INFO: CO2 is switched off
2020-02-11 23:16:35 INFO: Heater is switched off
2020-02-11 23:16:35 INFO: Checking for new Input file.
2020-02-11 23:16:40 INFO: Mainlight is switched off
2020-02-11 23:16:40 INFO: CO2 is switched off
2020-02-11 23:16:40 INFO: Heater is switched off
2020-02-11 23:16:45 INFO: Mainlight is switched off
2020-02-11 23:16:45 INFO: CO2 is switched off
2020-02-11 23:16:45 INFO: Heater is switched off
2020-02-11 23:16:50 INFO: Mainlight is switched off
2020-02-11 23:16:50 INFO: CO2 is switched off
2020-02-11 23:16:50 INFO: Heater is switched off
2020-02-11 23:16:55 INFO: Mainlight is switched off
2020-02-11 23:16:55 INFO: CO2 is switched off
2020-02-11 23:16:55 INFO: Heater is switched off
2020-02-11 23:17:00 INFO: Mainlight is switched off
2020-02-11 23:17:00 INFO: CO2 is switched off
2020-02-11 23:17:00 INFO: Heater is switched off
2020-02-11 23:17:00 INFO: Checking for new Input file.
2020-02-11 23:17:05 INFO: Mainlight is switched off
2020-02-11 23:17:05 INFO: CO2 is switched off
2020-02-11 23:17:05 INFO: Heater is switched off
2020-02-11 23:17:10 INFO: Mainlight is switched off
2020-02-11 23:17:10 INFO: CO2 is switched off
2020-02-11 23:17:10 INFO: Heater is switched off
2020-02-11 23:17:15 INFO: Mainlight is switched off
2020-02-11 23:17:15 INFO: CO2 is switched off
2020-02-11 23:17:15 INFO: Heater is switched off
2020-02-11 23:17:20 INFO: Mainlight is switched off
2020-02-11 23:17:20 INFO: CO2 is switched off
2020-02-11 23:17:20 INFO: Heater is switched off
2020-02-11 23:17:25 INFO: Mainlight is switched off
2020-02-11 23:17:25 INFO: CO2 is switched off
2020-02-11 23:17:25 INFO: Heater is switched off
2020-02-11 23:17:25 INFO: Checking for new Input file.
2020-02-11 23:17:30 INFO: Mainlight is switched off
2020-02-11 23:17:30 INFO: CO2 is switched off
2020-02-11 23:17:30 INFO: Heater is switched off
2020-02-11 23:17:35 INFO: Mainlight is switched off
2020-02-11 23:17:35 INFO: CO2 is switched off
2020-02-11 23:17:35 INFO: Heater is switched off
2020-02-11 23:17:40 INFO: Mainlight is switched off
2020-02-11 23:17:40 INFO: CO2 is switched off
2020-02-11 23:17:40 INFO: Heater is switched off
2020-02-11 23:17:45 INFO: Mainlight is switched off
2020-02-11 23:17:45 INFO: CO2 is switched off
2020-02-11 23:17:45 INFO: Heater is switched off
2020-02-11 23:17:50 INFO: Mainlight is switched off
2020-02-11 23:17:50 INFO: CO2 is switched off
2020-02-11 23:17:50 INFO: Heater is switched off
2020-02-11 23:17:50 INFO: Checking for new Input file.
2020-02-11 23:17:55 INFO: Mainlight is switched off
2020-02-11 23:17:55 INFO: CO2 is switched off
2020-02-11 23:17:55 INFO: Heater is switched off
2020-02-11 23:18:00 INFO: Mainlight is switched off
2020-02-11 23:18:00 INFO: CO2 is switched off
2020-02-11 23:18:00 INFO: Heater is switched off
2020-02-11 23:18:05 INFO: Mainlight is switched off
2020-02-11 23:18:05 INFO: CO2 is switched off
2020-02-11 23:18:05 INFO: Heater is switched off
2020-02-11 23:18:10 INFO: Mainlight is switched off
2020-02-11 23:18:10 INFO: CO2 is switched off
2020-02-11 23:18:10 INFO: Heater is switched off
2020-02-11 23:18:15 INFO: Mainlight is switched off
2020-02-11 23:18:15 INFO: CO2 is switched off
2020-02-11 23:18:15 INFO: Heater is switched off
2020-02-11 23:18:15 INFO: Checking for new Input file.
2020-02-11 23:18:20 INFO: Mainlight is switched off
2020-02-11 23:18:20 INFO: CO2 is switched off
2020-02-11 23:18:20 INFO: Heater is switched off
2020-02-11 23:18:25 INFO: Mainlight is switched off
2020-02-11 23:18:25 INFO: CO2 is switched off
2020-02-11 23:18:25 INFO: Heater is switched off
2020-02-11 23:18:30 INFO: Mainlight is switched off
2020-02-11 23:18:30 INFO: CO2 is switched off
2020-02-11 23:18:30 INFO: Heater is switched off
2020-02-11 23:18:35 INFO: Mainlight is switched off
2020-02-11 23:18:35 INFO: CO2 is switched off
2020-02-11 23:18:35 INFO: Heater is switched off
2020-02-11 23:18:40 INFO: Mainlight is switched off
2020-02-11 23:18:40 INFO: CO2 is switched off
2020-02-11 23:18:40 INFO: Heater is switched off
2020-02-11 23:18:40 INFO: Checking for new Input file.
2020-02-11 23:18:45 INFO: Mainlight is switched off
2020-02-11 23:18:45 INFO: CO2 is switched off
2020-02-11 23:18:45 INFO: Heater is switched off
2020-02-11 23:18:50 INFO: Mainlight is switched off
2020-02-11 23:18:50 INFO: CO2 is switched off
2020-02-11 23:18:50 INFO: Heater is switched off
2020-02-11 23:18:55 INFO: Mainlight is switched off
2020-02-11 23:18:55 INFO: CO2 is switched off
2020-02-11 23:18:55 INFO: Heater is switched off
2020-02-11 23:19:00 INFO: Mainlight is switched off
2020-02-11 23:19:00 INFO: CO2 is switched off
2020-02-11 23:19:00 INFO: Heater is switched off
2020-02-11 23:19:05 INFO: Mainlight is switched off
2020-02-11 23:19:05 INFO: CO2 is switched off
2020-02-11 23:19:05 INFO: Heater is switched off
2020-02-11 23:19:05 INFO: Checking for new Input file.
2020-02-11 23:19:10 INFO: Mainlight is switched off
2020-02-11 23:19:10 INFO: CO2 is switched off
2020-02-11 23:19:10 INFO: Heater is switched off
2020-02-11 23:19:16 INFO: Mainlight is switched off
2020-02-11 23:19:16 INFO: CO2 is switched off
2020-02-11 23:19:16 INFO: Heater is switched off
2020-02-11 23:19:21 INFO: Mainlight is switched off
2020-02-11 23:19:21 INFO: CO2 is switched off
2020-02-11 23:19:21 INFO: Heater is switched off
2020-02-11 23:19:26 INFO: Mainlight is switched off
2020-02-11 23:19:26 INFO: CO2 is switched off
2020-02-11 23:19:26 INFO: Heater is switched off
2020-02-11 23:19:31 INFO: Mainlight is switched off
2020-02-11 23:19:31 INFO: CO2 is switched off
2020-02-11 23:19:31 INFO: Heater is switched off
2020-02-11 23:19:31 INFO: Checking for new Input file.
2020-02-11 23:19:36 INFO: Mainlight is switched off
2020-02-11 23:19:36 INFO: CO2 is switched off
2020-02-11 23:19:36 INFO: Heater is switched off
2020-02-11 23:19:41 INFO: Mainlight is switched off
2020-02-11 23:19:41 INFO: CO2 is switched off
2020-02-11 23:19:41 INFO: Heater is switched off
2020-02-11 23:19:46 INFO: Mainlight is switched off
2020-02-11 23:19:46 INFO: CO2 is switched off
2020-02-11 23:19:46 INFO: Heater is switched off
2020-02-11 23:19:51 INFO: Mainlight is switched off
2020-02-11 23:19:51 INFO: CO2 is switched off
2020-02-11 23:19:51 INFO: Heater is switched off
2020-02-11 23:19:56 INFO: Mainlight is switched off
2020-02-11 23:19:56 INFO: CO2 is switched off
2020-02-11 23:19:56 INFO: Heater is switched off
2020-02-11 23:19:56 INFO: Checking for new Input file.
2020-02-11 23:20:01 INFO: Mainlight is switched off
2020-02-11 23:20:01 INFO: CO2 is switched off
2020-02-11 23:20:01 INFO: Heater is switched off
2020-02-11 23:20:06 INFO: Mainlight is switched off
2020-02-11 23:20:06 INFO: CO2 is switched off
2020-02-11 23:20:06 INFO: Heater is switched off
2020-02-11 23:20:11 INFO: Mainlight is switched off
2020-02-11 23:20:11 INFO: CO2 is switched off
2020-02-11 23:20:11 INFO: Heater is switched off
2020-02-11 23:20:16 INFO: Mainlight is switched off
2020-02-11 23:20:16 INFO: CO2 is switched off
2020-02-11 23:20:16 INFO: Heater is switched off
2020-02-11 23:20:21 INFO: Mainlight is switched off
2020-02-11 23:20:21 INFO: CO2 is switched off
2020-02-11 23:20:21 INFO: Heater is switched off
2020-02-11 23:20:21 INFO: Checking for new Input file.
2020-02-11 23:20:26 INFO: Mainlight is switched off
2020-02-11 23:20:26 INFO: CO2 is switched off
2020-02-11 23:20:26 INFO: Heater is switched off
2020-02-11 23:20:30 INFO: Server-RaspberryAQ Started!
2020-02-11 23:20:35 INFO: Inputfile imported
2020-02-11 23:20:35 INFO: Mainlight is switched off
2020-02-11 23:20:35 INFO: CO2 is switched off
2020-02-11 23:20:35 INFO: Heater is switched off
2020-02-11 23:20:35 INFO: Checking for new Input file.
2020-02-11 23:20:40 INFO: Mainlight is switched off
2020-02-11 23:20:40 INFO: CO2 is switched off
2020-02-11 23:20:40 INFO: Heater is switched off
2020-02-11 23:20:45 INFO: Mainlight is switched off
2020-02-11 23:20:45 INFO: CO2 is switched off
2020-02-11 23:20:45 INFO: Heater is switched off
2020-02-11 23:20:50 INFO: Mainlight is switched off
2020-02-11 23:20:50 INFO: CO2 is switched off
2020-02-11 23:20:50 INFO: Heater is switched off
2020-02-11 23:20:55 INFO: Mainlight is switched off
2020-02-11 23:20:55 INFO: CO2 is switched off
2020-02-11 23:20:55 INFO: Heater is switched off
2020-02-11 23:21:00 INFO: Mainlight is switched off
2020-02-11 23:21:00 INFO: CO2 is switched off
2020-02-11 23:21:00 INFO: Heater is switched off
2020-02-11 23:21:00 INFO: Checking for new Input file.
2020-02-11 23:21:05 INFO: Mainlight is switched off
2020-02-11 23:21:05 INFO: CO2 is switched off
2020-02-11 23:21:05 INFO: Heater is switched off
2020-02-11 23:21:10 INFO: Mainlight is switched off
2020-02-11 23:21:10 INFO: CO2 is switched off
2020-02-11 23:21:10 INFO: Heater is switched off
2020-02-11 23:21:15 INFO: Mainlight is switched off
2020-02-11 23:21:15 INFO: CO2 is switched off
2020-02-11 23:21:15 INFO: Heater is switched off
2020-02-11 23:21:20 INFO: Mainlight is switched off
2020-02-11 23:21:20 INFO: CO2 is switched off
2020-02-11 23:21:20 INFO: Heater is switched off
2020-02-11 23:21:25 INFO: Mainlight is switched off
2020-02-11 23:21:25 INFO: CO2 is switched off
2020-02-11 23:21:25 INFO: Heater is switched off
2020-02-11 23:21:25 INFO: Checking for new Input file.
2020-02-11 23:21:30 INFO: Mainlight is switched off
2020-02-11 23:21:30 INFO: CO2 is switched off
2020-02-11 23:21:30 INFO: Heater is switched off
2020-02-11 23:21:35 INFO: Mainlight is switched off
2020-02-11 23:21:35 INFO: CO2 is switched off
2020-02-11 23:21:35 INFO: Heater is switched off
2020-02-11 23:21:41 INFO: Mainlight is switched off
2020-02-11 23:21:41 INFO: CO2 is switched off
2020-02-11 23:21:41 INFO: Heater is switched off
2020-02-11 23:21:46 INFO: Mainlight is switched off
2020-02-11 23:21:46 INFO: CO2 is switched off
2020-02-11 23:21:46 INFO: Heater is switched off
2020-02-11 23:21:51 INFO: Mainlight is switched off
2020-02-11 23:21:51 INFO: CO2 is switched off
2020-02-11 23:21:51 INFO: Heater is switched off
2020-02-11 23:21:51 INFO: Checking for new Input file.
2020-02-11 23:21:56 INFO: Mainlight is switched off
2020-02-11 23:21:56 INFO: CO2 is switched off
2020-02-11 23:21:56 INFO: Heater is switched off
2020-02-11 23:22:01 INFO: Mainlight is switched off
2020-02-11 23:22:01 INFO: CO2 is switched off
2020-02-11 23:22:01 INFO: Heater is switched off
2020-02-11 23:22:06 INFO: Server-RaspberryAQ Started!
2020-02-11 23:22:11 INFO: Inputfile imported
2020-02-11 23:22:11 INFO: Mainlight is switched off
2020-02-11 23:22:11 INFO: CO2 is switched off
2020-02-11 23:22:11 INFO: Heater is switched off
2020-02-11 23:22:11 INFO: Checking for new Input file.
2020-02-11 23:22:16 INFO: Mainlight is switched off
2020-02-11 23:22:16 INFO: CO2 is switched off
2020-02-11 23:22:16 INFO: Heater is switched off
2020-02-11 23:22:21 INFO: Mainlight is switched off
2020-02-11 23:22:21 INFO: CO2 is switched off
2020-02-11 23:22:21 INFO: Heater is switched off
2020-02-11 23:22:26 INFO: Mainlight is switched off
2020-02-11 23:22:26 INFO: CO2 is switched off
2020-02-11 23:22:26 INFO: Heater is switched off
2020-02-11 23:22:31 INFO: Mainlight is switched off
2020-02-11 23:22:31 INFO: CO2 is switched off
2020-02-11 23:22:31 INFO: Heater is switched off
2020-02-11 23:22:36 INFO: Mainlight is switched off
2020-02-11 23:22:36 INFO: CO2 is switched off
2020-02-11 23:22:36 INFO: Heater is switched off
2020-02-11 23:22:36 INFO: Checking for new Input file.
2020-02-11 23:22:41 INFO: Mainlight is switched off
2020-02-11 23:22:41 INFO: CO2 is switched off
2020-02-11 23:22:41 INFO: Heater is switched off
2020-02-11 23:22:46 INFO: Mainlight is switched off
2020-02-11 23:22:46 INFO: CO2 is switched off
2020-02-11 23:22:46 INFO: Heater is switched off
2020-02-11 23:22:51 INFO: Mainlight is switched off
2020-02-11 23:22:51 INFO: CO2 is switched off
2020-02-11 23:22:51 INFO: Heater is switched off
2020-02-11 23:22:56 INFO: Mainlight is switched off
2020-02-11 23:22:56 INFO: CO2 is switched off
2020-02-11 23:22:56 INFO: Heater is switched off
2020-02-11 23:23:01 INFO: Mainlight is switched off
2020-02-11 23:23:01 INFO: CO2 is switched off
2020-02-11 23:23:01 INFO: Heater is switched off
2020-02-11 23:23:01 INFO: Checking for new Input file.
2020-02-11 23:23:06 INFO: Mainlight is switched off
2020-02-11 23:23:06 INFO: CO2 is switched off
2020-02-11 23:23:06 INFO: Heater is switched off
2020-02-11 23:23:58 INFO: Server-RaspberryAQ Started!
2020-02-11 23:24:03 INFO: Inputfile imported
2020-02-11 23:24:03 INFO: Mainlight is switched off
2020-02-11 23:24:03 INFO: CO2 is switched off
2020-02-11 23:24:03 INFO: Heater is switched off
2020-02-11 23:24:03 INFO: Checking for new Input file.
2020-02-11 23:24:08 INFO: Mainlight is switched off
2020-02-11 23:24:08 INFO: CO2 is switched off
2020-02-11 23:24:08 INFO: Heater is switched off
2020-02-11 23:24:13 INFO: Mainlight is switched off
2020-02-11 23:24:13 INFO: CO2 is switched off
2020-02-11 23:24:13 INFO: Heater is switched off
2020-02-11 23:24:18 INFO: Mainlight is switched off
2020-02-11 23:24:18 INFO: CO2 is switched off
2020-02-11 23:24:18 INFO: Heater is switched off
2020-02-11 23:24:23 INFO: Mainlight is switched off
2020-02-11 23:24:23 INFO: CO2 is switched off
2020-02-11 23:24:23 INFO: Heater is switched off
2020-02-11 23:24:28 INFO: Mainlight is switched off
2020-02-11 23:24:28 INFO: CO2 is switched off
2020-02-11 23:24:28 INFO: Heater is switched off
2020-02-11 23:24:28 INFO: Checking for new Input file.
2020-02-11 23:24:33 INFO: Mainlight is switched off
2020-02-11 23:24:33 INFO: CO2 is switched off
2020-02-11 23:24:33 INFO: Heater is switched off
2020-02-11 23:24:38 INFO: Mainlight is switched off
2020-02-11 23:24:38 INFO: CO2 is switched off
2020-02-11 23:24:38 INFO: Heater is switched off
2020-02-11 23:24:43 INFO: Mainlight is switched off
2020-02-11 23:24:44 INFO: CO2 is switched off
2020-02-11 23:24:44 INFO: Heater is switched off
2020-02-11 23:24:49 INFO: Mainlight is switched off
2020-02-11 23:24:49 INFO: CO2 is switched off
2020-02-11 23:24:49 INFO: Heater is switched off
2020-02-11 23:24:54 INFO: Mainlight is switched off
2020-02-11 23:24:54 INFO: CO2 is switched off
2020-02-11 23:24:54 INFO: Heater is switched off
2020-02-11 23:24:54 INFO: Checking for new Input file.
2020-02-11 23:24:59 INFO: Mainlight is switched off
2020-02-11 23:24:59 INFO: CO2 is switched off
2020-02-11 23:24:59 INFO: Heater is switched off
2020-02-11 23:25:04 INFO: Mainlight is switched off
2020-02-11 23:25:04 INFO: CO2 is switched off
2020-02-11 23:25:04 INFO: Heater is switched off
2020-02-11 23:25:09 INFO: Mainlight is switched off
2020-02-11 23:25:09 INFO: CO2 is switched off
2020-02-11 23:25:09 INFO: Heater is switched off
2020-02-11 23:25:14 INFO: Mainlight is switched off
2020-02-11 23:25:14 INFO: CO2 is switched off
2020-02-11 23:25:14 INFO: Heater is switched off
2020-02-11 23:25:19 INFO: Mainlight is switched off
2020-02-11 23:25:19 INFO: CO2 is switched off
2020-02-11 23:25:19 INFO: Heater is switched off
2020-02-11 23:25:19 INFO: Checking for new Input file.
2020-02-11 23:25:24 INFO: Mainlight is switched off
2020-02-11 23:25:24 INFO: CO2 is switched off
2020-02-11 23:25:24 INFO: Heater is switched off
2020-02-11 23:25:29 INFO: Mainlight is switched off
2020-02-11 23:25:29 INFO: CO2 is switched off
2020-02-11 23:25:29 INFO: Heater is switched off
2020-02-11 23:25:34 INFO: Mainlight is switched off
2020-02-11 23:25:34 INFO: CO2 is switched off
2020-02-11 23:25:34 INFO: Heater is switched off
2020-02-11 23:25:39 INFO: Mainlight is switched off
2020-02-11 23:25:39 INFO: CO2 is switched off
2020-02-11 23:25:39 INFO: Heater is switched off
2020-02-11 23:25:44 INFO: Mainlight is switched off
2020-02-11 23:25:44 INFO: CO2 is switched off
2020-02-11 23:25:44 INFO: Heater is switched off
2020-02-11 23:25:44 INFO: Checking for new Input file.
2020-02-11 23:25:49 INFO: Mainlight is switched off
2020-02-11 23:25:49 INFO: CO2 is switched off
2020-02-11 23:25:49 INFO: Heater is switched off
2020-02-11 23:25:54 INFO: Mainlight is switched off
2020-02-11 23:25:54 INFO: CO2 is switched off
2020-02-11 23:25:54 INFO: Heater is switched off
2020-02-11 23:25:59 INFO: Mainlight is switched off
2020-02-11 23:25:59 INFO: CO2 is switched off
2020-02-11 23:25:59 INFO: Heater is switched off
2020-02-11 23:26:04 INFO: Mainlight is switched off
2020-02-11 23:26:04 INFO: CO2 is switched off
2020-02-11 23:26:04 INFO: Heater is switched off
2020-02-11 23:26:09 INFO: Mainlight is switched off
2020-02-11 23:26:09 INFO: CO2 is switched off
2020-02-11 23:26:09 INFO: Heater is switched off
2020-02-11 23:26:09 INFO: Checking for new Input file.
2020-02-11 23:26:14 INFO: Mainlight is switched off
2020-02-11 23:26:14 INFO: CO2 is switched off
2020-02-11 23:26:14 INFO: Heater is switched off
2020-02-11 23:26:19 INFO: Mainlight is switched off
2020-02-11 23:26:19 INFO: CO2 is switched off
2020-02-11 23:26:19 INFO: Heater is switched off
2020-02-11 23:26:24 INFO: Mainlight is switched off
2020-02-11 23:26:24 INFO: CO2 is switched off
2020-02-11 23:26:24 INFO: Heater is switched off
2020-02-11 23:26:29 INFO: Mainlight is switched off
2020-02-11 23:26:29 INFO: CO2 is switched off
2020-02-11 23:26:29 INFO: Heater is switched off
2020-02-11 23:26:34 INFO: Mainlight is switched off
2020-02-11 23:26:34 INFO: CO2 is switched off
2020-02-11 23:26:34 INFO: Heater is switched off
2020-02-11 23:26:34 INFO: Checking for new Input file.
2020-02-11 23:26:39 INFO: Mainlight is switched off
2020-02-11 23:26:39 INFO: CO2 is switched off
2020-02-11 23:26:39 INFO: Heater is switched off
2020-02-11 23:26:44 INFO: Mainlight is switched off
2020-02-11 23:26:44 INFO: CO2 is switched off
2020-02-11 23:26:44 INFO: Heater is switched off
2020-02-11 23:26:49 INFO: Mainlight is switched off
2020-02-11 23:26:49 INFO: CO2 is switched off
2020-02-11 23:26:49 INFO: Heater is switched off
2020-02-11 23:26:54 INFO: Mainlight is switched off
2020-02-11 23:26:54 INFO: CO2 is switched off
2020-02-11 23:26:54 INFO: Heater is switched off
2020-02-11 23:26:59 INFO: Mainlight is switched off
2020-02-11 23:26:59 INFO: CO2 is switched off
2020-02-11 23:26:59 INFO: Heater is switched off
2020-02-11 23:26:59 INFO: Checking for new Input file.
2020-02-11 23:27:04 INFO: Mainlight is switched off
2020-02-11 23:27:04 INFO: CO2 is switched off
2020-02-11 23:27:04 INFO: Heater is switched off
2020-02-11 23:27:09 INFO: Mainlight is switched off
2020-02-11 23:27:09 INFO: CO2 is switched off
2020-02-11 23:27:09 INFO: Heater is switched off
2020-02-11 23:27:14 INFO: Mainlight is switched off
2020-02-11 23:27:14 INFO: CO2 is switched off
2020-02-11 23:27:14 INFO: Heater is switched off
2020-02-11 23:27:17 INFO: Server-RaspberryAQ Started!
2020-02-11 23:27:22 INFO: Inputfile imported
2020-02-11 23:27:22 INFO: Mainlight is switched off
2020-02-11 23:27:22 INFO: CO2 is switched off
2020-02-11 23:27:22 INFO: Heater is switched off
2020-02-11 23:27:22 INFO: Checking for new Input file.
2020-02-11 23:27:27 INFO: Mainlight is switched off
2020-02-11 23:27:27 INFO: CO2 is switched off
2020-02-11 23:27:27 INFO: Heater is switched off
2020-02-11 23:27:32 INFO: Mainlight is switched off
2020-02-11 23:27:32 INFO: CO2 is switched off
2020-02-11 23:27:32 INFO: Heater is switched off
2020-02-11 23:27:37 INFO: Mainlight is switched off
2020-02-11 23:27:37 INFO: CO2 is switched off
2020-02-11 23:27:37 INFO: Heater is switched off
2020-02-11 23:27:42 INFO: Mainlight is switched off
2020-02-11 23:27:42 INFO: CO2 is switched off
2020-02-11 23:27:42 INFO: Heater is switched off
2020-02-11 23:27:48 INFO: Mainlight is switched off
2020-02-11 23:27:48 INFO: CO2 is switched off
2020-02-11 23:27:48 INFO: Heater is switched off
2020-02-11 23:27:48 INFO: Checking for new Input file.
2020-02-11 23:27:53 INFO: Mainlight is switched off
2020-02-11 23:27:53 INFO: CO2 is switched off
2020-02-11 23:27:53 INFO: Heater is switched off
2020-02-11 23:27:58 INFO: Mainlight is switched off
2020-02-11 23:27:58 INFO: CO2 is switched off
2020-02-11 23:27:58 INFO: Heater is switched off
2020-02-11 23:28:03 INFO: Mainlight is switched off
2020-02-11 23:28:03 INFO: CO2 is switched off
2020-02-11 23:28:03 INFO: Heater is switched off
2020-02-11 23:28:08 INFO: Mainlight is switched off
2020-02-11 23:28:08 INFO: CO2 is switched off
2020-02-11 23:28:08 INFO: Heater is switched off
2020-02-11 23:28:13 INFO: Mainlight is switched off
2020-02-11 23:28:13 INFO: CO2 is switched off
2020-02-11 23:28:13 INFO: Heater is switched off
2020-02-11 23:28:13 INFO: Checking for new Input file.
2020-02-11 23:28:18 INFO: Mainlight is switched off
2020-02-11 23:28:18 INFO: CO2 is switched off
2020-02-11 23:28:18 INFO: Heater is switched off
2020-02-11 23:28:23 INFO: Mainlight is switched off
2020-02-11 23:28:23 INFO: CO2 is switched off
2020-02-11 23:28:23 INFO: Heater is switched off
2020-02-11 23:28:28 INFO: Mainlight is switched off
2020-02-11 23:28:28 INFO: CO2 is switched off
2020-02-11 23:28:28 INFO: Heater is switched off
2020-02-11 23:28:33 INFO: Mainlight is switched off
2020-02-11 23:28:33 INFO: CO2 is switched off
2020-02-11 23:28:33 INFO: Heater is switched off
2020-02-11 23:28:38 INFO: Mainlight is switched off
2020-02-11 23:28:38 INFO: CO2 is switched off
2020-02-11 23:28:38 INFO: Heater is switched off
2020-02-11 23:28:38 INFO: Checking for new Input file.
2020-02-11 23:28:43 INFO: Mainlight is switched off
2020-02-11 23:28:43 INFO: CO2 is switched off
2020-02-11 23:28:43 INFO: Heater is switched off
2020-02-11 23:28:48 INFO: Mainlight is switched off
2020-02-11 23:28:48 INFO: CO2 is switched off
2020-02-11 23:28:48 INFO: Heater is switched off
2020-02-11 23:28:53 INFO: Mainlight is switched off
2020-02-11 23:28:53 INFO: CO2 is switched off
2020-02-11 23:28:53 INFO: Heater is switched off
2020-02-11 23:28:58 INFO: Mainlight is switched off
2020-02-11 23:28:58 INFO: CO2 is switched off
2020-02-11 23:28:58 INFO: Heater is switched off
2020-02-11 23:29:03 INFO: Mainlight is switched off
2020-02-11 23:29:03 INFO: CO2 is switched off
2020-02-11 23:29:03 INFO: Heater is switched off
2020-02-11 23:29:03 INFO: Checking for new Input file.
2020-02-11 23:29:08 INFO: Mainlight is switched off
2020-02-11 23:29:08 INFO: CO2 is switched off
2020-02-11 23:29:08 INFO: Heater is switched off
2020-02-11 23:29:13 INFO: Mainlight is switched off
2020-02-11 23:29:13 INFO: CO2 is switched off
2020-02-11 23:29:13 INFO: Heater is switched off
2020-02-11 23:29:18 INFO: Mainlight is switched off
2020-02-11 23:29:18 INFO: CO2 is switched off
2020-02-11 23:29:18 INFO: Heater is switched off
2020-02-11 23:29:23 INFO: Mainlight is switched off
2020-02-11 23:29:23 INFO: CO2 is switched off
2020-02-11 23:29:23 INFO: Heater is switched off
2020-02-11 23:29:28 INFO: Mainlight is switched off
2020-02-11 23:29:28 INFO: CO2 is switched off
2020-02-11 23:29:28 INFO: Heater is switched off
2020-02-11 23:29:28 INFO: Checking for new Input file.
2020-02-11 23:29:33 INFO: Mainlight is switched off
2020-02-11 23:29:33 INFO: CO2 is switched off
2020-02-11 23:29:33 INFO: Heater is switched off
2020-02-11 23:29:38 INFO: Mainlight is switched off
2020-02-11 23:29:38 INFO: CO2 is switched off
2020-02-11 23:29:38 INFO: Heater is switched off
2020-02-11 23:29:43 INFO: Mainlight is switched off
2020-02-11 23:29:43 INFO: CO2 is switched off
2020-02-11 23:29:43 INFO: Heater is switched off
2020-02-11 23:29:48 INFO: Mainlight is switched off
2020-02-11 23:29:48 INFO: CO2 is switched off
2020-02-11 23:29:48 INFO: Heater is switched off
2020-02-11 23:29:53 INFO: Mainlight is switched off
2020-02-11 23:29:53 INFO: CO2 is switched off
2020-02-11 23:29:53 INFO: Heater is switched off
2020-02-11 23:29:53 INFO: Checking for new Input file.
2020-02-11 23:29:58 INFO: Mainlight is switched off
2020-02-11 23:29:58 INFO: CO2 is switched off
2020-02-11 23:29:58 INFO: Heater is switched off
2020-02-11 23:30:03 INFO: Mainlight is switched off
2020-02-11 23:30:03 INFO: CO2 is switched off
2020-02-11 23:30:03 INFO: Heater is switched off
2020-02-11 23:30:08 INFO: Mainlight is switched off
2020-02-11 23:30:08 INFO: CO2 is switched off
2020-02-11 23:30:08 INFO: Heater is switched off
2020-02-11 23:30:13 INFO: Mainlight is switched off
2020-02-11 23:30:13 INFO: CO2 is switched off
2020-02-11 23:30:13 INFO: Heater is switched off
2020-02-11 23:30:18 INFO: Mainlight is switched off
2020-02-11 23:30:18 INFO: CO2 is switched off
2020-02-11 23:30:18 INFO: Heater is switched off
2020-02-11 23:30:18 INFO: Checking for new Input file.
2020-02-11 23:30:23 INFO: Mainlight is switched off
2020-02-11 23:30:23 INFO: CO2 is switched off
2020-02-11 23:30:23 INFO: Heater is switched off
2020-02-11 23:30:28 INFO: Mainlight is switched off
2020-02-11 23:30:28 INFO: CO2 is switched off
2020-02-11 23:30:28 INFO: Heater is switched off
2020-02-11 23:30:33 INFO: Mainlight is switched off
2020-02-11 23:30:33 INFO: CO2 is switched off
2020-02-11 23:30:33 INFO: Heater is switched off
2020-02-11 23:30:38 INFO: Mainlight is switched off
2020-02-11 23:30:38 INFO: CO2 is switched off
2020-02-11 23:30:38 INFO: Heater is switched off
2020-02-11 23:30:43 INFO: Mainlight is switched off
2020-02-11 23:30:43 INFO: CO2 is switched off
2020-02-11 23:30:43 INFO: Heater is switched off
2020-02-11 23:30:43 INFO: Checking for new Input file.
2020-02-11 23:30:48 INFO: Mainlight is switched off
2020-02-11 23:30:48 INFO: CO2 is switched off
2020-02-11 23:30:48 INFO: Heater is switched off
2020-02-11 23:30:53 INFO: Mainlight is switched off
2020-02-11 23:30:53 INFO: CO2 is switched off
2020-02-11 23:30:53 INFO: Heater is switched off
2020-02-11 23:30:58 INFO: Mainlight is switched off
2020-02-11 23:30:58 INFO: CO2 is switched off
2020-02-11 23:30:58 INFO: Heater is switched off
2020-02-11 23:31:03 INFO: Mainlight is switched off
2020-02-11 23:31:03 INFO: CO2 is switched off
2020-02-11 23:31:03 INFO: Heater is switched off
2020-02-11 23:31:09 INFO: Mainlight is switched off
2020-02-11 23:31:09 INFO: CO2 is switched off
2020-02-11 23:31:09 INFO: Heater is switched off
2020-02-11 23:31:09 INFO: Checking for new Input file.
2020-02-11 23:31:14 INFO: Mainlight is switched off
2020-02-11 23:31:14 INFO: CO2 is switched off
2020-02-11 23:31:14 INFO: Heater is switched off
2020-02-11 23:31:19 INFO: Mainlight is switched off
2020-02-11 23:31:19 INFO: CO2 is switched off
2020-02-11 23:31:19 INFO: Heater is switched off
2020-02-11 23:31:24 INFO: Mainlight is switched off
2020-02-11 23:31:24 INFO: CO2 is switched off
2020-02-11 23:31:24 INFO: Heater is switched off
2020-02-11 23:31:29 INFO: Mainlight is switched off
2020-02-11 23:31:29 INFO: CO2 is switched off
2020-02-11 23:31:29 INFO: Heater is switched off
2020-02-11 23:31:34 INFO: Mainlight is switched off
2020-02-11 23:31:34 INFO: CO2 is switched off
2020-02-11 23:31:34 INFO: Heater is switched off
2020-02-11 23:31:34 INFO: Checking for new Input file.
2020-02-11 23:31:39 INFO: Mainlight is switched off
2020-02-11 23:31:39 INFO: CO2 is switched off
2020-02-11 23:31:39 INFO: Heater is switched off
2020-02-11 23:31:44 INFO: Mainlight is switched off
2020-02-11 23:31:44 INFO: CO2 is switched off
2020-02-11 23:31:44 INFO: Heater is switched off
2020-02-11 23:31:49 INFO: Mainlight is switched off
2020-02-11 23:31:49 INFO: CO2 is switched off
2020-02-11 23:31:49 INFO: Heater is switched off
2020-02-11 23:31:54 INFO: Mainlight is switched off
2020-02-11 23:31:54 INFO: CO2 is switched off
2020-02-11 23:31:54 INFO: Heater is switched off
2020-02-11 23:31:59 INFO: Mainlight is switched off
2020-02-11 23:31:59 INFO: CO2 is switched off
2020-02-11 23:31:59 INFO: Heater is switched off
2020-02-11 23:31:59 INFO: Checking for new Input file.
2020-02-11 23:32:04 INFO: Mainlight is switched off
2020-02-11 23:32:04 INFO: CO2 is switched off
2020-02-11 23:32:04 INFO: Heater is switched off
2020-02-11 23:32:09 INFO: Server-RaspberryAQ Started!
2020-02-11 23:32:14 INFO: Inputfile imported
2020-02-11 23:32:14 INFO: Mainlight is switched off
2020-02-11 23:32:14 INFO: CO2 is switched off
2020-02-11 23:32:14 INFO: Heater is switched off
2020-02-11 23:32:14 INFO: Checking for new Input file.
2020-02-11 23:32:19 INFO: Mainlight is switched off
2020-02-11 23:32:19 INFO: CO2 is switched off
2020-02-11 23:32:19 INFO: Heater is switched off
2020-02-11 23:32:24 INFO: Mainlight is switched off
2020-02-11 23:32:24 INFO: CO2 is switched off
2020-02-11 23:32:24 INFO: Heater is switched off
2020-02-11 23:32:29 INFO: Mainlight is switched off
2020-02-11 23:32:29 INFO: CO2 is switched off
2020-02-11 23:32:29 INFO: Heater is switched off
2020-02-11 23:32:34 INFO: Mainlight is switched off
2020-02-11 23:32:34 INFO: CO2 is switched off
2020-02-11 23:32:34 INFO: Heater is switched off
2020-02-11 23:32:39 INFO: Mainlight is switched off
2020-02-11 23:32:39 INFO: CO2 is switched off
2020-02-11 23:32:39 INFO: Heater is switched off
2020-02-11 23:32:39 INFO: Checking for new Input file.
2020-02-11 23:32:44 INFO: Mainlight is switched off
2020-02-11 23:32:44 INFO: CO2 is switched off
2020-02-11 23:32:44 INFO: Heater is switched off
2020-02-11 23:32:49 INFO: Mainlight is switched off
2020-02-11 23:32:49 INFO: CO2 is switched off
2020-02-11 23:32:49 INFO: Heater is switched off
2020-02-11 23:32:54 INFO: Mainlight is switched off
2020-02-11 23:32:54 INFO: CO2 is switched off
2020-02-11 23:32:54 INFO: Heater is switched off
2020-02-11 23:32:59 INFO: Mainlight is switched off
2020-02-11 23:32:59 INFO: CO2 is switched off
2020-02-11 23:32:59 INFO: Heater is switched off
2020-02-11 23:33:04 INFO: Mainlight is switched off
2020-02-11 23:33:04 INFO: CO2 is switched off
2020-02-11 23:33:04 INFO: Heater is switched off
2020-02-11 23:33:04 INFO: Checking for new Input file.
2020-02-11 23:33:09 INFO: Mainlight is switched off
2020-02-11 23:33:09 INFO: CO2 is switched off
2020-02-11 23:33:09 INFO: Heater is switched off
2020-02-11 23:33:14 INFO: Mainlight is switched off
2020-02-11 23:33:14 INFO: CO2 is switched off
2020-02-11 23:33:14 INFO: Heater is switched off
2020-02-11 23:33:20 INFO: Server-RaspberryAQ Started!
2020-02-11 23:33:25 INFO: Inputfile imported
2020-02-11 23:33:25 INFO: Mainlight is switched off
2020-02-11 23:33:25 INFO: CO2 is switched off
2020-02-11 23:33:25 INFO: Heater is switched off
2020-02-11 23:33:25 INFO: Checking for new Input file.
2020-02-11 23:33:30 INFO: Mainlight is switched off
2020-02-11 23:33:30 INFO: CO2 is switched off
2020-02-11 23:33:30 INFO: Heater is switched off
2020-02-11 23:33:35 INFO: Mainlight is switched off
2020-02-11 23:33:35 INFO: CO2 is switched off
2020-02-11 23:33:35 INFO: Heater is switched off
2020-02-11 23:38:26 INFO: Server-RaspberryAQ Started!
2020-02-11 23:38:31 INFO: Inputfile imported
2020-02-11 23:38:31 INFO: Mainlight is switched off
2020-02-11 23:38:31 INFO: CO2 is switched off
2020-02-11 23:38:31 INFO: Heater is switched off
2020-02-11 23:38:31 INFO: Checking for new Input file.
2020-02-11 23:38:36 INFO: Mainlight is switched off
2020-02-11 23:38:36 INFO: CO2 is switched off
2020-02-11 23:38:36 INFO: Heater is switched off
2020-02-11 23:38:41 INFO: Mainlight is switched off
2020-02-11 23:38:41 INFO: CO2 is switched off
2020-02-11 23:38:41 INFO: Heater is switched off
2020-02-11 23:42:21 INFO: Server-RaspberryAQ Started!
2020-02-11 23:42:26 INFO: Inputfile imported
2020-02-11 23:42:26 INFO: Mainlight is switched off
2020-02-11 23:42:26 INFO: CO2 is switched off
2020-02-11 23:42:26 INFO: Heater is switched off
2020-02-11 23:42:40 INFO: Server-RaspberryAQ Started!
2020-02-11 23:42:45 INFO: Inputfile imported
2020-02-11 23:42:45 INFO: Mainlight is switched off
2020-02-11 23:42:45 INFO: CO2 is switched off
2020-02-11 23:42:45 INFO: Heater is switched off
2020-02-11 23:43:43 INFO: Server-RaspberryAQ Started!
2020-02-11 23:43:48 INFO: Inputfile imported
2020-02-11 23:43:48 INFO: Mainlight is switched off
2020-02-11 23:43:48 INFO: CO2 is switched off
2020-02-11 23:43:48 INFO: Heater is switched off
2020-02-11 23:44:57 INFO: Server-RaspberryAQ Started!
2020-02-11 23:45:02 INFO: Inputfile imported
2020-02-11 23:45:02 INFO: Mainlight is switched off
2020-02-11 23:45:02 INFO: CO2 is switched off
2020-02-11 23:45:02 INFO: Heater is switched off
2020-02-11 23:46:48 INFO: Server-RaspberryAQ Started!
2020-02-11 23:46:53 INFO: Inputfile imported
2020-02-11 23:46:53 INFO: Mainlight is switched off
2020-02-11 23:46:53 INFO: CO2 is switched off
2020-02-11 23:46:53 INFO: Heater is switched off
2020-02-11 23:48:36 INFO: Server-RaspberryAQ Started!
2020-02-11 23:48:41 INFO: Inputfile imported
2020-02-11 23:48:41 INFO: Mainlight is switched off
2020-02-11 23:48:41 INFO: CO2 is switched off
2020-02-11 23:48:41 INFO: Heater is switched off
2020-02-11 23:48:41 INFO: Checking for new Input file.
2020-02-11 23:48:46 INFO: Mainlight is switched off
2020-02-11 23:48:46 INFO: CO2 is switched off
2020-02-11 23:48:46 INFO: Heater is switched off
2020-02-11 23:51:28 INFO: Server-RaspberryAQ Started!
2020-02-11 23:51:33 INFO: Inputfile imported
2020-02-11 23:51:33 INFO: Mainlight is switched off
2020-02-11 23:51:33 INFO: CO2 is switched off
2020-02-11 23:51:33 INFO: Heater is switched off
2020-02-11 23:52:24 INFO: Server-RaspberryAQ Started!
2020-02-11 23:52:29 INFO: Inputfile imported
2020-02-11 23:52:29 INFO: Mainlight is switched off
2020-02-11 23:52:29 INFO: CO2 is switched off
2020-02-11 23:52:29 INFO: Heater is switched off
2020-02-11 23:53:11 INFO: Server-RaspberryAQ Started!
2020-02-11 23:53:16 INFO: Inputfile imported
2020-02-11 23:53:16 INFO: Mainlight is switched off
2020-02-11 23:53:16 INFO: CO2 is switched off
2020-02-11 23:53:16 INFO: Heater is switched off
2020-02-11 23:53:57 INFO: Server-RaspberryAQ Started!
2020-02-11 23:54:02 INFO: Inputfile imported
2020-02-11 23:54:02 INFO: Mainlight is switched off
2020-02-11 23:54:02 INFO: CO2 is switched off
2020-02-11 23:54:02 INFO: Heater is switched off
2020-02-11 23:55:06 INFO: Server-RaspberryAQ Started!
2020-02-11 23:55:11 INFO: Inputfile imported
2020-02-11 23:55:11 INFO: Mainlight is switched off
2020-02-11 23:55:11 INFO: CO2 is switched off
2020-02-11 23:55:11 INFO: Heater is switched off
2020-02-11 23:55:40 INFO: Server-RaspberryAQ Started!
2020-02-11 23:55:45 INFO: Inputfile imported
2020-02-11 23:55:45 INFO: Mainlight is switched off
2020-02-11 23:55:45 INFO: CO2 is switched off
2020-02-11 23:55:45 INFO: Heater is switched off
2020-02-11 23:57:13 INFO: Server-RaspberryAQ Started!
2020-02-11 23:57:18 INFO: Inputfile imported
2020-02-11 23:57:18 INFO: Mainlight is switched off
2020-02-11 23:57:18 INFO: CO2 is switched off
2020-02-11 23:57:18 INFO: Heater is switched off
2020-02-11 23:58:20 INFO: Server-RaspberryAQ Started!
2020-02-11 23:58:25 INFO: Inputfile imported
2020-02-11 23:58:25 INFO: Mainlight is switched off
2020-02-11 23:58:25 INFO: CO2 is switched off
2020-02-11 23:58:25 INFO: Heater is switched off
2020-02-11 23:59:38 INFO: Server-RaspberryAQ Started!
2020-02-11 23:59:43 INFO: Inputfile imported
2020-02-11 23:59:43 INFO: Mainlight is switched off
2020-02-11 23:59:43 INFO: CO2 is switched off
2020-02-11 23:59:43 INFO: Heater is switched off
2020-02-11 23:59:56 INFO: Server-RaspberryAQ Started!
2020-02-12 00:00:01 INFO: Inputfile imported
2020-02-12 00:00:01 INFO: Mainlight is switched off
2020-02-12 00:00:01 INFO: CO2 is switched off
2020-02-12 00:00:01 INFO: Heater is switched off
