2020-01-18 11:30:50 INFO: Server-RaspberryAQ Started!
2020-01-18 11:30:50 INFO: Mainlight is switched off
2020-01-18 11:30:50 INFO: CO2 is switched off
2020-01-18 11:31:02 INFO: Server-RaspberryAQ Started!
2020-01-18 11:31:02 INFO: Mainlight is switched off
2020-01-18 11:31:02 INFO: CO2 is switched off
2020-01-18 11:31:57 INFO: Server-RaspberryAQ Started!
2020-01-18 11:31:57 INFO: Mainlight is switched off
2020-01-18 11:31:57 INFO: CO2 is switched off
2020-01-18 11:42:23 INFO: Server-RaspberryAQ Started!
2020-01-18 11:42:23 INFO: Mainlight is switched off
2020-01-18 11:42:23 INFO: CO2 is switched off
2020-01-18 11:42:34 INFO: Server-RaspberryAQ Started!
2020-01-18 11:42:34 INFO: Mainlight is switched off
2020-01-18 11:42:34 INFO: CO2 is switched off
2020-01-18 11:42:39 INFO: Mainlight is switched off
2020-01-18 11:42:39 INFO: CO2 is switched off
2020-01-18 11:42:44 INFO: Mainlight is switched off
2020-01-18 11:42:44 INFO: CO2 is switched off
2020-01-18 11:42:49 INFO: Mainlight is switched off
2020-01-18 11:42:49 INFO: CO2 is switched off
2020-01-18 11:42:54 INFO: Mainlight is switched off
2020-01-18 11:42:54 INFO: CO2 is switched off
2020-01-18 11:42:59 INFO: Mainlight is switched off
2020-01-18 11:42:59 INFO: CO2 is switched off
2020-01-18 11:43:04 INFO: Mainlight is switched off
2020-01-18 11:43:04 INFO: CO2 is switched off
2020-01-18 11:43:09 INFO: Mainlight is switched off
2020-01-18 11:43:09 INFO: CO2 is switched off
2020-01-18 11:43:14 INFO: Mainlight is switched off
2020-01-18 11:43:14 INFO: CO2 is switched off
2020-01-18 11:43:19 INFO: Mainlight is switched off
2020-01-18 11:43:19 INFO: CO2 is switched off
2020-01-18 11:43:24 INFO: Mainlight is switched off
2020-01-18 11:43:24 INFO: CO2 is switched off
2020-01-18 11:43:29 INFO: Mainlight is switched off
2020-01-18 11:43:29 INFO: CO2 is switched off
2020-01-18 11:43:34 INFO: Mainlight is switched off
2020-01-18 11:43:34 INFO: CO2 is switched off
2020-01-18 11:43:39 INFO: Mainlight is switched off
2020-01-18 11:43:39 INFO: CO2 is switched off
2020-01-18 11:43:44 INFO: Mainlight is switched off
2020-01-18 11:43:44 INFO: CO2 is switched off
2020-01-18 11:43:50 INFO: Mainlight is switched off
2020-01-18 11:43:50 INFO: CO2 is switched off
2020-01-18 11:43:55 INFO: Mainlight is switched off
2020-01-18 11:43:55 INFO: CO2 is switched off
2020-01-18 11:44:00 INFO: Mainlight is switched off
2020-01-18 11:44:00 INFO: CO2 is switched off
2020-01-18 11:44:05 INFO: Mainlight is switched off
2020-01-18 11:44:05 INFO: CO2 is switched off
2020-01-18 11:44:10 INFO: Mainlight is switched off
2020-01-18 11:44:10 INFO: CO2 is switched off
2020-01-18 11:44:15 INFO: Mainlight is switched off
2020-01-18 11:44:15 INFO: CO2 is switched off
2020-01-18 11:44:20 INFO: Mainlight is switched off
2020-01-18 11:44:20 INFO: CO2 is switched off
2020-01-18 11:44:25 INFO: Mainlight is switched off
2020-01-18 11:44:25 INFO: CO2 is switched off
2020-01-18 11:44:30 INFO: Mainlight is switched off
2020-01-18 11:44:30 INFO: CO2 is switched off
2020-01-18 11:44:35 INFO: Mainlight is switched off
2020-01-18 11:44:35 INFO: CO2 is switched off
2020-01-18 11:44:40 INFO: Mainlight is switched off
2020-01-18 11:44:40 INFO: CO2 is switched off
2020-01-18 11:44:45 INFO: Mainlight is switched off
2020-01-18 11:44:45 INFO: CO2 is switched off
2020-01-18 11:44:50 INFO: Mainlight is switched off
2020-01-18 11:44:50 INFO: CO2 is switched off
2020-01-18 11:44:55 INFO: Mainlight is switched off
2020-01-18 11:44:55 INFO: CO2 is switched off
2020-01-18 11:45:00 INFO: Mainlight is switched off
2020-01-18 11:45:00 INFO: CO2 is switched off
2020-01-18 11:45:06 INFO: Mainlight is switched off
2020-01-18 11:45:06 INFO: CO2 is switched off
2020-01-18 18:01:32 INFO: Server-RaspberryAQ Started!
2020-01-18 18:01:32 INFO: Mainlight is switched on
2020-01-18 18:01:32 INFO: CO2 is switched on
2020-01-18 18:01:37 INFO: Mainlight is switched on
2020-01-18 18:01:37 INFO: CO2 is switched on
2020-01-18 18:01:42 INFO: Mainlight is switched on
2020-01-18 18:01:42 INFO: CO2 is switched on
2020-01-18 18:01:47 INFO: Mainlight is switched on
2020-01-18 18:01:47 INFO: CO2 is switched on
2020-01-18 18:01:52 INFO: Mainlight is switched on
2020-01-18 18:01:52 INFO: CO2 is switched on
2020-01-18 18:01:57 INFO: Mainlight is switched on
2020-01-18 18:01:57 INFO: CO2 is switched on
2020-01-18 18:02:02 INFO: Mainlight is switched on
2020-01-18 18:02:02 INFO: CO2 is switched on
2020-01-18 18:02:07 INFO: Mainlight is switched on
2020-01-18 18:02:07 INFO: CO2 is switched on
2020-01-18 18:02:12 INFO: Mainlight is switched on
2020-01-18 18:02:12 INFO: CO2 is switched on
2020-01-18 18:02:17 INFO: Mainlight is switched on
2020-01-18 18:02:17 INFO: CO2 is switched on
2020-01-18 18:02:22 INFO: Mainlight is switched on
2020-01-18 18:02:22 INFO: CO2 is switched on
