2020-01-18 20:01:10 INFO: Server-RaspberryAQ Started!
2020-01-18 20:01:10 INFO: Mainlight is switched off
2020-01-18 20:01:10 INFO: CO2 is switched on
2020-01-18 20:01:10 INFO: Checking for new Input file.
2020-01-18 20:01:41 INFO: Server-RaspberryAQ Started!
2020-01-18 20:01:41 INFO: Mainlight is switched off
2020-01-18 20:01:41 INFO: CO2 is switched on
2020-01-18 20:01:41 INFO: Checking for new Input file.
2020-01-18 20:02:01 INFO: Server-RaspberryAQ Started!
2020-01-18 20:02:01 INFO: Mainlight is switched off
2020-01-18 20:02:01 INFO: CO2 is switched on
2020-01-18 20:02:01 INFO: Checking for new Input file.
2020-01-18 20:05:37 INFO: Server-RaspberryAQ Started!
2020-01-18 20:05:37 INFO: Mainlight is switched off
2020-01-18 20:05:37 INFO: CO2 is switched on
2020-01-18 20:05:37 INFO: Checking for new Input file.
2020-01-18 20:06:03 INFO: Server-RaspberryAQ Started!
2020-01-18 20:06:03 INFO: Mainlight is switched off
2020-01-18 20:06:03 INFO: CO2 is switched on
2020-01-18 20:06:03 INFO: Checking for new Input file.
2020-01-18 20:06:10 INFO: Mainlight is switched off
2020-01-18 20:06:10 INFO: CO2 is switched on
2020-01-18 20:06:18 INFO: Mainlight is switched off
2020-01-18 20:06:18 INFO: CO2 is switched on
2020-01-18 20:08:11 INFO: Server-RaspberryAQ Started!
2020-01-18 20:08:11 INFO: Mainlight is switched off
2020-01-18 20:08:11 INFO: CO2 is switched on
2020-01-18 20:08:11 INFO: Checking for new Input file.
2020-01-18 20:09:14 INFO: Server-RaspberryAQ Started!
2020-01-18 20:09:14 INFO: Mainlight is switched off
2020-01-18 20:09:14 INFO: CO2 is switched on
2020-01-18 20:09:14 INFO: Checking for new Input file.
2020-01-18 20:09:16 WARNING: MYSQL: Coudn't connect to MYSQL Database
2020-01-18 20:09:21 INFO: Mainlight is switched off
2020-01-18 20:09:21 INFO: CO2 is switched on
2020-01-18 20:09:23 WARNING: MYSQL: Coudn't connect to MYSQL Database
2020-01-18 20:09:28 INFO: Mainlight is switched off
2020-01-18 20:09:28 INFO: CO2 is switched on
2020-01-18 20:09:31 WARNING: MYSQL: Coudn't connect to MYSQL Database
2020-01-18 20:09:36 INFO: Mainlight is switched off
2020-01-18 20:09:36 INFO: CO2 is switched on
2020-01-18 20:09:38 WARNING: MYSQL: Coudn't connect to MYSQL Database
2020-01-18 20:09:43 INFO: Mainlight is switched off
2020-01-18 20:09:43 INFO: CO2 is switched on
2020-01-18 20:09:45 WARNING: MYSQL: Coudn't connect to MYSQL Database
2020-01-18 20:09:50 INFO: Mainlight is switched off
2020-01-18 20:09:50 INFO: CO2 is switched on
2020-01-18 20:09:53 WARNING: MYSQL: Coudn't connect to MYSQL Database
2020-01-18 20:09:58 INFO: Mainlight is switched off
2020-01-18 20:09:58 INFO: CO2 is switched on
2020-01-18 20:10:00 WARNING: MYSQL: Coudn't connect to MYSQL Database
2020-01-18 20:10:05 INFO: Mainlight is switched off
2020-01-18 20:10:05 INFO: CO2 is switched on
2020-01-18 20:10:07 WARNING: MYSQL: Coudn't connect to MYSQL Database
2020-01-18 20:10:12 INFO: Mainlight is switched off
2020-01-18 20:10:12 INFO: CO2 is switched on
2020-01-18 20:10:15 WARNING: MYSQL: Coudn't connect to MYSQL Database
2020-01-18 20:10:20 INFO: Mainlight is switched off
2020-01-18 20:10:20 INFO: CO2 is switched on
2020-01-18 20:10:22 WARNING: MYSQL: Coudn't connect to MYSQL Database
2020-01-18 20:10:27 INFO: Mainlight is switched off
2020-01-18 20:10:27 INFO: CO2 is switched on
2020-01-18 20:10:29 WARNING: MYSQL: Coudn't connect to MYSQL Database
2020-01-18 20:10:34 INFO: Mainlight is switched off
2020-01-18 20:10:34 INFO: CO2 is switched on
2020-01-18 20:10:37 WARNING: MYSQL: Coudn't connect to MYSQL Database
2020-01-18 20:10:42 INFO: Mainlight is switched off
2020-01-18 20:10:42 INFO: CO2 is switched on
2020-01-18 20:10:44 WARNING: MYSQL: Coudn't connect to MYSQL Database
2020-01-18 20:10:49 INFO: Mainlight is switched off
2020-01-18 20:10:49 INFO: CO2 is switched on
2020-01-18 20:10:51 WARNING: MYSQL: Coudn't connect to MYSQL Database
2020-01-18 20:10:56 INFO: Mainlight is switched off
2020-01-18 20:10:56 INFO: CO2 is switched on
2020-01-18 20:10:59 WARNING: MYSQL: Coudn't connect to MYSQL Database
2020-01-18 20:11:04 INFO: Mainlight is switched off
2020-01-18 20:11:04 INFO: CO2 is switched on
2020-01-18 20:11:06 WARNING: MYSQL: Coudn't connect to MYSQL Database
2020-01-18 20:11:11 INFO: Mainlight is switched off
2020-01-18 20:11:11 INFO: CO2 is switched on
2020-01-18 20:11:13 WARNING: MYSQL: Coudn't connect to MYSQL Database
2020-01-18 20:11:19 INFO: Mainlight is switched off
2020-01-18 20:11:19 INFO: CO2 is switched on
2020-01-18 20:11:21 WARNING: MYSQL: Coudn't connect to MYSQL Database
2020-01-18 20:11:26 INFO: Mainlight is switched off
2020-01-18 20:11:26 INFO: CO2 is switched on
2020-01-18 20:11:28 WARNING: MYSQL: Coudn't connect to MYSQL Database
2020-01-18 20:11:33 INFO: Mainlight is switched off
2020-01-18 20:11:33 INFO: CO2 is switched on
2020-01-18 20:11:35 WARNING: MYSQL: Coudn't connect to MYSQL Database
2020-01-18 20:11:41 INFO: Mainlight is switched off
2020-01-18 20:11:41 INFO: CO2 is switched on
2020-01-18 20:11:43 WARNING: MYSQL: Coudn't connect to MYSQL Database
2020-01-18 20:11:48 INFO: Mainlight is switched off
2020-01-18 20:11:48 INFO: CO2 is switched on
2020-01-18 20:11:50 WARNING: MYSQL: Coudn't connect to MYSQL Database
2020-01-18 20:11:55 INFO: Mainlight is switched off
2020-01-18 20:11:55 INFO: CO2 is switched on
2020-01-18 20:11:57 WARNING: MYSQL: Coudn't connect to MYSQL Database
2020-01-18 20:12:02 INFO: Mainlight is switched off
2020-01-18 20:12:03 INFO: CO2 is switched on
2020-01-18 20:12:05 WARNING: MYSQL: Coudn't connect to MYSQL Database
2020-01-18 20:12:10 INFO: Mainlight is switched off
2020-01-18 20:12:10 INFO: CO2 is switched on
2020-01-18 20:12:12 WARNING: MYSQL: Coudn't connect to MYSQL Database
2020-01-18 20:12:17 INFO: Mainlight is switched off
2020-01-18 20:12:17 INFO: CO2 is switched on
2020-01-18 20:12:19 WARNING: MYSQL: Coudn't connect to MYSQL Database
2020-01-18 20:12:24 INFO: Mainlight is switched off
2020-01-18 20:12:24 INFO: CO2 is switched on
2020-01-18 20:12:27 WARNING: MYSQL: Coudn't connect to MYSQL Database
2020-01-18 20:12:32 INFO: Mainlight is switched off
2020-01-18 20:12:32 INFO: CO2 is switched on
2020-01-18 20:12:34 WARNING: MYSQL: Coudn't connect to MYSQL Database
2020-01-18 20:12:39 INFO: Mainlight is switched off
2020-01-18 20:12:39 INFO: CO2 is switched on
2020-01-18 20:12:41 WARNING: MYSQL: Coudn't connect to MYSQL Database
2020-01-18 20:12:46 INFO: Mainlight is switched off
2020-01-18 20:12:46 INFO: CO2 is switched on
2020-01-18 20:12:49 WARNING: MYSQL: Coudn't connect to MYSQL Database
2020-01-18 20:12:54 INFO: Mainlight is switched off
2020-01-18 20:12:54 INFO: CO2 is switched on
2020-01-18 20:12:56 WARNING: MYSQL: Coudn't connect to MYSQL Database
2020-01-18 20:13:01 INFO: Mainlight is switched off
2020-01-18 20:13:01 INFO: CO2 is switched on
2020-01-18 20:13:03 WARNING: MYSQL: Coudn't connect to MYSQL Database
2020-01-18 20:13:08 INFO: Mainlight is switched off
2020-01-18 20:13:08 INFO: CO2 is switched on
2020-01-18 20:13:11 WARNING: MYSQL: Coudn't connect to MYSQL Database
2020-01-18 20:13:16 INFO: Mainlight is switched off
2020-01-18 20:13:16 INFO: CO2 is switched on
2020-01-18 20:13:18 WARNING: MYSQL: Coudn't connect to MYSQL Database
2020-01-18 20:13:23 INFO: Mainlight is switched off
2020-01-18 20:13:23 INFO: CO2 is switched on
2020-01-18 20:13:25 WARNING: MYSQL: Coudn't connect to MYSQL Database
2020-01-18 20:13:30 INFO: Mainlight is switched off
2020-01-18 20:13:30 INFO: CO2 is switched on
2020-01-18 20:13:33 WARNING: MYSQL: Coudn't connect to MYSQL Database
2020-01-18 20:13:38 INFO: Mainlight is switched off
2020-01-18 20:13:38 INFO: CO2 is switched on
2020-01-18 20:13:40 WARNING: MYSQL: Coudn't connect to MYSQL Database
2020-01-18 20:13:47 INFO: Server-RaspberryAQ Started!
2020-01-18 20:13:47 INFO: Mainlight is switched off
2020-01-18 20:13:47 INFO: CO2 is switched on
2020-01-18 20:13:47 INFO: Checking for new Input file.
2020-01-18 20:13:52 INFO: Mainlight is switched off
2020-01-18 20:13:52 INFO: CO2 is switched on
2020-01-18 20:13:57 INFO: Mainlight is switched off
2020-01-18 20:13:57 INFO: CO2 is switched on
2020-01-18 20:14:02 INFO: Mainlight is switched off
2020-01-18 20:14:02 INFO: CO2 is switched on
2020-01-18 20:14:07 INFO: Mainlight is switched off
2020-01-18 20:14:07 INFO: CO2 is switched on
2020-01-18 20:14:12 INFO: Mainlight is switched off
2020-01-18 20:14:12 INFO: CO2 is switched on
2020-01-18 20:14:17 INFO: Server-RaspberryAQ Started!
2020-01-18 20:14:17 INFO: Mainlight is switched off
2020-01-18 20:14:17 INFO: CO2 is switched on
2020-01-18 20:14:17 INFO: Checking for new Input file.
2020-01-18 20:14:22 INFO: Mainlight is switched off
2020-01-18 20:14:22 INFO: CO2 is switched on
2020-01-18 20:14:28 INFO: Mainlight is switched off
2020-01-18 20:14:28 INFO: CO2 is switched on
2020-01-18 20:14:33 INFO: Mainlight is switched off
2020-01-18 20:14:33 INFO: CO2 is switched on
2020-01-18 20:14:38 INFO: Mainlight is switched off
2020-01-18 20:14:38 INFO: CO2 is switched on
2020-01-18 20:14:43 INFO: Mainlight is switched off
2020-01-18 20:14:43 INFO: CO2 is switched on
2020-01-18 20:14:48 INFO: Mainlight is switched off
2020-01-18 20:14:48 INFO: CO2 is switched on
2020-01-18 20:14:57 INFO: Server-RaspberryAQ Started!
2020-01-18 20:14:57 INFO: Mainlight is switched off
2020-01-18 20:14:57 INFO: CO2 is switched on
2020-01-18 20:14:57 INFO: Checking for new Input file.
2020-01-18 20:15:02 INFO: Mainlight is switched off
2020-01-18 20:15:02 INFO: CO2 is switched on
2020-01-18 20:15:07 INFO: Mainlight is switched off
2020-01-18 20:15:07 INFO: CO2 is switched on
2020-01-18 20:15:12 INFO: Mainlight is switched off
2020-01-18 20:15:12 INFO: CO2 is switched on
2020-01-18 20:15:17 INFO: Mainlight is switched off
2020-01-18 20:15:17 INFO: CO2 is switched on
2020-01-18 20:15:22 INFO: Mainlight is switched off
2020-01-18 20:15:22 INFO: CO2 is switched on
2020-01-18 20:15:27 INFO: Mainlight is switched off
2020-01-18 20:15:27 INFO: CO2 is switched on
2020-01-18 20:15:32 INFO: Mainlight is switched off
2020-01-18 20:15:32 INFO: CO2 is switched on
2020-01-18 20:15:37 INFO: Mainlight is switched off
2020-01-18 20:15:37 INFO: CO2 is switched on
2020-01-18 20:15:42 INFO: Mainlight is switched off
2020-01-18 20:15:42 INFO: CO2 is switched on
2020-01-18 20:15:47 INFO: Mainlight is switched off
2020-01-18 20:15:47 INFO: CO2 is switched on
2020-01-18 20:15:52 INFO: Mainlight is switched off
2020-01-18 20:15:52 INFO: CO2 is switched on
2020-01-18 20:15:58 INFO: Mainlight is switched off
2020-01-18 20:15:58 INFO: CO2 is switched on
2020-01-18 20:16:03 INFO: Mainlight is switched off
2020-01-18 20:16:03 INFO: CO2 is switched on
2020-01-18 20:16:08 INFO: Mainlight is switched off
2020-01-18 20:16:08 INFO: CO2 is switched on
2020-01-18 20:16:13 INFO: Mainlight is switched off
2020-01-18 20:16:13 INFO: CO2 is switched on
2020-01-18 20:16:18 INFO: Mainlight is switched off
2020-01-18 20:16:18 INFO: CO2 is switched on
2020-01-18 20:16:23 INFO: Mainlight is switched off
2020-01-18 20:16:23 INFO: CO2 is switched on
2020-01-18 20:16:28 INFO: Mainlight is switched off
2020-01-18 20:16:28 INFO: CO2 is switched on
2020-01-18 20:16:33 INFO: Mainlight is switched off
2020-01-18 20:16:33 INFO: CO2 is switched on
2020-01-18 20:16:38 INFO: Mainlight is switched off
2020-01-18 20:16:38 INFO: CO2 is switched on
2020-01-18 20:16:43 INFO: Mainlight is switched off
2020-01-18 20:16:43 INFO: CO2 is switched on
2020-01-18 20:16:48 INFO: Mainlight is switched off
2020-01-18 20:16:48 INFO: CO2 is switched on
2020-01-18 20:16:53 INFO: Mainlight is switched off
2020-01-18 20:16:53 INFO: CO2 is switched on
2020-01-18 20:16:58 INFO: Mainlight is switched off
2020-01-18 20:16:58 INFO: CO2 is switched on
2020-01-18 20:17:03 INFO: Mainlight is switched off
2020-01-18 20:17:03 INFO: CO2 is switched on
2020-01-18 20:17:08 INFO: Mainlight is switched off
2020-01-18 20:17:08 INFO: CO2 is switched on
2020-01-18 20:17:13 INFO: Mainlight is switched off
2020-01-18 20:17:13 INFO: CO2 is switched on
2020-01-18 20:17:18 INFO: Mainlight is switched off
2020-01-18 20:17:18 INFO: CO2 is switched on
2020-01-18 20:17:23 INFO: Mainlight is switched off
2020-01-18 20:17:23 INFO: CO2 is switched on
2020-01-18 20:18:15 INFO: Server-RaspberryAQ Started!
2020-01-18 20:18:15 INFO: Mainlight is switched off
2020-01-18 20:18:15 INFO: CO2 is switched on
2020-01-18 20:18:15 INFO: Checking for new Input file.
2020-01-18 20:18:17 WARNING: MYSQL: Coudn't connect to MYSQL Database
2020-01-18 20:18:31 INFO: Server-RaspberryAQ Started!
2020-01-18 20:18:31 INFO: Mainlight is switched off
2020-01-18 20:18:31 INFO: CO2 is switched on
2020-01-18 20:18:31 INFO: Checking for new Input file.
2020-01-18 20:18:33 WARNING: MYSQL: Coudn't connect to MYSQL Database
2020-01-18 20:31:24 INFO: Server-RaspberryAQ Started!
2020-01-18 20:31:24 WARNING: Data: Inputfile couldn't be found!
2020-01-18 20:32:25 INFO: Server-RaspberryAQ Started!
2020-01-18 20:32:25 WARNING: Data: Inputfile couldn't be found!
2020-01-18 20:32:46 INFO: Server-RaspberryAQ Started!
2020-01-18 20:32:46 INFO: Mainlight is switched off
2020-01-18 20:32:46 INFO: CO2 is switched on
2020-01-18 20:32:46 INFO: Checking for new Input file.
2020-01-18 20:32:51 INFO: Mainlight is switched off
2020-01-18 20:32:51 INFO: CO2 is switched on
2020-01-18 20:32:56 INFO: Mainlight is switched off
2020-01-18 20:32:56 INFO: CO2 is switched on
2020-01-18 20:33:01 INFO: Mainlight is switched off
2020-01-18 20:33:01 INFO: CO2 is switched on
2020-01-18 20:33:06 INFO: Mainlight is switched off
2020-01-18 20:33:06 INFO: CO2 is switched on
2020-01-18 20:33:11 INFO: Mainlight is switched off
2020-01-18 20:33:11 INFO: CO2 is switched on
2020-01-18 20:33:16 INFO: Mainlight is switched off
2020-01-18 20:33:16 INFO: CO2 is switched on
2020-01-18 20:33:21 INFO: Mainlight is switched off
2020-01-18 20:33:21 INFO: CO2 is switched on
2020-01-18 20:33:26 INFO: Mainlight is switched off
2020-01-18 20:33:26 INFO: CO2 is switched on
2020-01-18 20:33:31 INFO: Mainlight is switched off
2020-01-18 20:33:31 INFO: CO2 is switched on
2020-01-18 20:33:36 INFO: Mainlight is switched off
2020-01-18 20:33:36 INFO: CO2 is switched on
2020-01-18 20:33:41 INFO: Mainlight is switched off
2020-01-18 20:33:41 INFO: CO2 is switched on
2020-01-18 20:33:46 INFO: Mainlight is switched off
2020-01-18 20:33:46 INFO: CO2 is switched on
2020-01-18 20:33:51 INFO: Mainlight is switched off
2020-01-18 20:33:51 INFO: CO2 is switched on
2020-01-18 20:33:56 INFO: Mainlight is switched off
2020-01-18 20:33:56 INFO: CO2 is switched on
2020-01-18 20:34:01 INFO: Mainlight is switched off
2020-01-18 20:34:01 INFO: CO2 is switched on
2020-01-18 20:34:06 INFO: Mainlight is switched off
2020-01-18 20:34:06 INFO: CO2 is switched on
2020-01-18 20:34:11 INFO: Mainlight is switched off
2020-01-18 20:34:11 INFO: CO2 is switched on
2020-01-18 20:34:16 INFO: Mainlight is switched off
2020-01-18 20:34:16 INFO: CO2 is switched on
2020-01-18 20:34:22 INFO: Mainlight is switched off
2020-01-18 20:34:22 INFO: CO2 is switched on
2020-01-18 20:34:27 INFO: Mainlight is switched off
2020-01-18 20:34:27 INFO: CO2 is switched on
2020-01-18 20:34:32 INFO: Mainlight is switched off
2020-01-18 20:34:32 INFO: CO2 is switched on
2020-01-18 20:34:37 INFO: Mainlight is switched off
2020-01-18 20:34:37 INFO: CO2 is switched on
2020-01-18 20:34:42 INFO: Mainlight is switched off
2020-01-18 20:34:42 INFO: CO2 is switched on
2020-01-18 20:34:47 INFO: Mainlight is switched off
2020-01-18 20:34:47 INFO: CO2 is switched on
2020-01-18 20:34:52 INFO: Mainlight is switched off
2020-01-18 20:34:52 INFO: CO2 is switched on
2020-01-18 20:34:57 INFO: Mainlight is switched off
2020-01-18 20:34:57 INFO: CO2 is switched on
2020-01-18 20:35:02 INFO: Mainlight is switched off
2020-01-18 20:35:02 INFO: CO2 is switched on
2020-01-18 20:35:07 INFO: Mainlight is switched off
2020-01-18 20:35:07 INFO: CO2 is switched on
2020-01-18 20:35:12 INFO: Mainlight is switched off
2020-01-18 20:35:12 INFO: CO2 is switched on
2020-01-18 20:35:17 INFO: Mainlight is switched off
2020-01-18 20:35:17 INFO: CO2 is switched on
2020-01-18 20:35:22 INFO: Mainlight is switched off
2020-01-18 20:35:22 INFO: CO2 is switched on
2020-01-18 20:35:27 INFO: Mainlight is switched off
2020-01-18 20:35:27 INFO: CO2 is switched on
2020-01-18 20:35:32 INFO: Mainlight is switched off
2020-01-18 20:35:32 INFO: CO2 is switched on
2020-01-18 20:35:37 INFO: Mainlight is switched off
2020-01-18 20:35:37 INFO: CO2 is switched on
2020-01-18 20:35:42 INFO: Mainlight is switched off
2020-01-18 20:35:42 INFO: CO2 is switched on
2020-01-18 20:35:47 INFO: Mainlight is switched off
2020-01-18 20:35:47 INFO: CO2 is switched on
2020-01-18 20:35:52 INFO: Mainlight is switched off
2020-01-18 20:35:52 INFO: CO2 is switched on
2020-01-18 20:35:57 INFO: Mainlight is switched off
2020-01-18 20:35:57 INFO: CO2 is switched on
2020-01-18 20:36:02 INFO: Mainlight is switched off
2020-01-18 20:36:02 INFO: CO2 is switched on
2020-01-18 20:36:07 INFO: Mainlight is switched off
2020-01-18 20:36:07 INFO: CO2 is switched on
2020-01-18 20:36:12 INFO: Mainlight is switched off
2020-01-18 20:36:12 INFO: CO2 is switched on
2020-01-18 20:36:17 INFO: Mainlight is switched off
2020-01-18 20:36:17 INFO: CO2 is switched on
2020-01-18 20:36:22 INFO: Mainlight is switched off
2020-01-18 20:36:22 INFO: CO2 is switched on
2020-01-18 20:36:27 INFO: Mainlight is switched off
2020-01-18 20:36:27 INFO: CO2 is switched on
2020-01-18 20:36:33 INFO: Mainlight is switched off
2020-01-18 20:36:33 INFO: CO2 is switched on
2020-01-18 20:36:38 INFO: Mainlight is switched off
2020-01-18 20:36:38 INFO: CO2 is switched on
2020-01-18 20:36:43 INFO: Mainlight is switched off
2020-01-18 20:36:43 INFO: CO2 is switched on
2020-01-18 20:36:48 INFO: Mainlight is switched off
2020-01-18 20:36:48 INFO: CO2 is switched on
2020-01-18 20:36:53 INFO: Mainlight is switched off
2020-01-18 20:36:53 INFO: CO2 is switched on
2020-01-18 20:36:58 INFO: Mainlight is switched off
2020-01-18 20:36:58 INFO: CO2 is switched on
2020-01-18 20:37:02 INFO: GUI-RaspberryAQ Started!
2020-01-18 20:37:03 INFO: Mainlight is switched off
2020-01-18 20:37:03 INFO: CO2 is switched on
2020-01-18 20:37:08 INFO: Mainlight is switched off
2020-01-18 20:37:08 INFO: CO2 is switched on
2020-01-18 20:37:13 INFO: Mainlight is switched off
2020-01-18 20:37:13 INFO: CO2 is switched on
2020-01-18 20:37:18 INFO: Mainlight is switched off
2020-01-18 20:37:18 INFO: CO2 is switched on
2020-01-18 20:37:23 INFO: Mainlight is switched off
2020-01-18 20:37:23 INFO: CO2 is switched on
2020-01-18 20:37:28 INFO: Mainlight is switched off
2020-01-18 20:37:28 INFO: CO2 is switched on
2020-01-18 20:37:33 INFO: Mainlight is switched off
2020-01-18 20:37:33 INFO: CO2 is switched on
2020-01-18 20:37:38 INFO: Mainlight is switched off
2020-01-18 20:37:38 INFO: CO2 is switched on
2020-01-18 20:37:43 INFO: Mainlight is switched off
2020-01-18 20:37:43 INFO: CO2 is switched on
2020-01-18 20:37:44 INFO: Values have been saved in JSON file
2020-01-18 20:37:48 INFO: Mainlight is switched off
2020-01-18 20:37:48 INFO: CO2 is switched on
2020-01-18 20:37:48 INFO: Checking for new Input file.
2020-01-18 20:37:48 INFO: Inputfile updated!
2020-01-18 20:37:53 INFO: Mainlight is switched on
2020-01-18 20:37:53 INFO: CO2 is switched on
2020-01-18 20:37:58 INFO: Mainlight is switched on
2020-01-18 20:37:58 INFO: CO2 is switched on
2020-01-18 20:38:03 INFO: Mainlight is switched on
2020-01-18 20:38:03 INFO: CO2 is switched on
2020-01-18 20:38:08 INFO: Mainlight is switched on
2020-01-18 20:38:08 INFO: CO2 is switched on
2020-01-18 20:38:13 INFO: Mainlight is switched on
2020-01-18 20:38:13 INFO: CO2 is switched on
2020-01-18 20:38:18 INFO: Mainlight is switched on
2020-01-18 20:38:18 INFO: CO2 is switched on
2020-01-18 20:38:24 INFO: Mainlight is switched on
2020-01-18 20:38:24 INFO: CO2 is switched on
2020-01-18 20:38:29 INFO: Mainlight is switched on
2020-01-18 20:38:29 INFO: CO2 is switched on
2020-01-18 20:38:34 INFO: Mainlight is switched on
2020-01-18 20:38:34 INFO: CO2 is switched on
2020-01-18 20:38:39 INFO: Mainlight is switched on
2020-01-18 20:38:39 INFO: CO2 is switched on
2020-01-18 20:38:44 INFO: Mainlight is switched on
2020-01-18 20:38:44 INFO: CO2 is switched on
2020-01-18 20:38:49 INFO: Mainlight is switched on
2020-01-18 20:38:49 INFO: CO2 is switched on
2020-01-18 20:38:54 INFO: Mainlight is switched on
2020-01-18 20:38:54 INFO: CO2 is switched on
2020-01-18 20:38:59 INFO: Mainlight is switched on
2020-01-18 20:38:59 INFO: CO2 is switched on
2020-01-18 20:39:04 INFO: Mainlight is switched on
2020-01-18 20:39:04 INFO: CO2 is switched on
2020-01-18 20:39:09 INFO: Mainlight is switched on
2020-01-18 20:39:09 INFO: CO2 is switched on
2020-01-18 20:39:14 INFO: Mainlight is switched on
2020-01-18 20:39:14 INFO: CO2 is switched on
2020-01-18 20:39:19 INFO: Mainlight is switched on
2020-01-18 20:39:19 INFO: CO2 is switched on
2020-01-18 20:39:24 INFO: Mainlight is switched on
2020-01-18 20:39:24 INFO: CO2 is switched on
2020-01-18 20:39:29 INFO: Mainlight is switched on
2020-01-18 20:39:29 INFO: CO2 is switched on
2020-01-18 20:39:34 INFO: Mainlight is switched on
2020-01-18 20:39:34 INFO: CO2 is switched on
2020-01-18 20:39:39 INFO: Mainlight is switched on
2020-01-18 20:39:39 INFO: CO2 is switched on
2020-01-18 20:39:44 INFO: Mainlight is switched on
2020-01-18 20:39:44 INFO: CO2 is switched on
2020-01-18 20:39:49 INFO: Mainlight is switched on
2020-01-18 20:39:49 INFO: CO2 is switched on
2020-01-18 20:39:54 INFO: Mainlight is switched on
2020-01-18 20:39:54 INFO: CO2 is switched on
2020-01-18 20:39:59 INFO: Mainlight is switched on
2020-01-18 20:39:59 INFO: CO2 is switched on
2020-01-18 20:40:04 INFO: Mainlight is switched on
2020-01-18 20:40:04 INFO: CO2 is switched on
2020-01-18 20:41:09 INFO: Values have been saved in JSON file
2020-01-18 20:41:11 INFO: Closing RasperryAQ-GUI
2020-01-18 20:46:34 INFO: Server-RaspberryAQ Started!
2020-01-18 20:46:34 INFO: Inputfile imported
2020-01-18 20:46:34 INFO: Mainlight is switched on
2020-01-18 20:46:34 INFO: CO2 is switched on
2020-01-18 20:46:34 INFO: Checking for new Input file.
2020-01-18 20:46:39 INFO: Mainlight is switched on
2020-01-18 20:46:39 INFO: CO2 is switched on
2020-01-18 20:46:44 INFO: Mainlight is switched on
2020-01-18 20:46:44 INFO: CO2 is switched on
2020-01-18 20:48:58 INFO: Server-RaspberryAQ Started!
2020-01-18 20:48:58 INFO: Inputfile imported
2020-01-18 20:48:58 INFO: Mainlight is switched on
2020-01-18 20:48:58 INFO: CO2 is switched on
2020-01-18 20:48:58 INFO: Checking for new Input file.
2020-01-18 20:49:26 INFO: Server-RaspberryAQ Started!
2020-01-18 20:49:26 INFO: Inputfile imported
2020-01-18 20:49:26 INFO: Mainlight is switched on
2020-01-18 20:49:26 INFO: CO2 is switched on
2020-01-18 20:49:26 INFO: Checking for new Input file.
2020-01-18 20:49:31 INFO: Mainlight is switched on
2020-01-18 20:49:31 INFO: CO2 is switched on
2020-01-18 20:50:26 INFO: Server-RaspberryAQ Started!
2020-01-18 20:50:31 INFO: Inputfile imported
2020-01-18 20:50:31 INFO: Mainlight is switched on
2020-01-18 20:50:31 INFO: CO2 is switched on
2020-01-18 20:50:31 INFO: Checking for new Input file.
2020-01-18 20:50:36 INFO: Mainlight is switched on
2020-01-18 20:50:36 INFO: CO2 is switched on
2020-01-18 20:50:41 INFO: Mainlight is switched on
2020-01-18 20:50:41 INFO: CO2 is switched on
2020-01-18 20:50:46 INFO: Mainlight is switched on
2020-01-18 20:50:46 INFO: CO2 is switched on
2020-01-18 20:50:51 INFO: Mainlight is switched on
2020-01-18 20:50:51 INFO: CO2 is switched on
2020-01-18 20:50:56 INFO: Mainlight is switched on
2020-01-18 20:50:56 INFO: CO2 is switched on
2020-01-18 20:51:01 INFO: Mainlight is switched on
2020-01-18 20:51:01 INFO: CO2 is switched on
2020-01-18 20:51:06 INFO: Mainlight is switched on
2020-01-18 20:51:06 INFO: CO2 is switched on
2020-01-18 20:51:11 INFO: Mainlight is switched on
2020-01-18 20:51:11 INFO: CO2 is switched on
2020-01-18 20:51:16 INFO: Mainlight is switched on
2020-01-18 20:51:16 INFO: CO2 is switched on
2020-01-18 20:51:21 INFO: Mainlight is switched on
2020-01-18 20:51:21 INFO: CO2 is switched on
2020-01-18 20:51:26 INFO: Server-RaspberryAQ Started!
2020-01-18 20:51:31 INFO: Inputfile imported
2020-01-18 20:51:31 INFO: Mainlight is switched on
2020-01-18 20:51:31 INFO: CO2 is switched on
2020-01-18 20:51:31 INFO: Checking for new Input file.
2020-01-18 20:51:36 INFO: Mainlight is switched on
2020-01-18 20:51:36 INFO: CO2 is switched on
2020-01-18 20:51:41 INFO: Mainlight is switched on
2020-01-18 20:51:41 INFO: CO2 is switched on
2020-01-18 20:51:44 INFO: Server-RaspberryAQ Started!
2020-01-18 20:51:49 INFO: Inputfile imported
2020-01-18 20:51:49 INFO: Mainlight is switched on
2020-01-18 20:51:49 INFO: CO2 is switched on
2020-01-18 20:51:49 INFO: Checking for new Input file.
2020-01-18 20:51:54 INFO: Mainlight is switched on
2020-01-18 20:51:54 INFO: CO2 is switched on
2020-01-18 20:51:59 INFO: Mainlight is switched on
2020-01-18 20:51:59 INFO: CO2 is switched on
2020-01-18 20:52:51 INFO: GUI-RaspberryAQ Started!
2020-01-18 20:53:10 INFO: GUI-RaspberryAQ Started!
2020-01-18 20:53:27 INFO: GUI-RaspberryAQ Started!
2020-01-18 21:25:07 INFO: Server-RaspberryAQ Started!
2020-01-18 21:25:12 INFO: Inputfile imported
2020-01-18 21:25:12 INFO: Mainlight is switched off
2020-01-18 21:25:12 INFO: CO2 is switched off
2020-01-18 21:25:12 INFO: Checking for new Input file.
2020-01-18 21:25:17 INFO: Mainlight is switched off
2020-01-18 21:25:17 INFO: CO2 is switched off
2020-01-18 21:25:22 INFO: Mainlight is switched off
2020-01-18 21:25:22 INFO: CO2 is switched off
2020-01-18 21:25:27 INFO: Mainlight is switched off
2020-01-18 21:25:27 INFO: CO2 is switched off
2020-01-18 21:25:32 INFO: Mainlight is switched off
2020-01-18 21:25:32 INFO: CO2 is switched off
2020-01-18 21:25:37 INFO: Mainlight is switched off
2020-01-18 21:25:37 INFO: CO2 is switched off
2020-01-18 21:25:42 INFO: Mainlight is switched off
2020-01-18 21:25:42 INFO: CO2 is switched off
2020-01-18 21:25:47 INFO: Mainlight is switched off
2020-01-18 21:25:47 INFO: CO2 is switched off
2020-01-18 21:25:52 INFO: Mainlight is switched off
2020-01-18 21:25:52 INFO: CO2 is switched off
2020-01-18 21:25:57 INFO: Mainlight is switched off
2020-01-18 21:25:57 INFO: CO2 is switched off
2020-01-18 21:26:02 INFO: Mainlight is switched off
2020-01-18 21:26:02 INFO: CO2 is switched off
2020-01-18 21:26:07 INFO: Mainlight is switched off
2020-01-18 21:26:07 INFO: CO2 is switched off
2020-01-18 21:26:12 INFO: Mainlight is switched off
2020-01-18 21:26:12 INFO: CO2 is switched off
2020-01-18 21:26:17 INFO: Mainlight is switched off
2020-01-18 21:26:17 INFO: CO2 is switched off
2020-01-18 21:26:22 INFO: Mainlight is switched off
2020-01-18 21:26:22 INFO: CO2 is switched off
2020-01-18 21:26:27 INFO: Mainlight is switched off
2020-01-18 21:26:27 INFO: CO2 is switched off
2020-01-18 21:26:32 INFO: Mainlight is switched off
2020-01-18 21:26:32 INFO: CO2 is switched off
2020-01-18 21:26:37 INFO: Mainlight is switched off
2020-01-18 21:26:37 INFO: CO2 is switched off
2020-01-18 21:26:42 INFO: Mainlight is switched off
2020-01-18 21:26:42 INFO: CO2 is switched off
2020-01-18 21:26:47 INFO: Mainlight is switched off
2020-01-18 21:26:47 INFO: CO2 is switched off
2020-01-18 21:26:52 INFO: Mainlight is switched off
2020-01-18 21:26:52 INFO: CO2 is switched off
2020-01-18 21:26:57 INFO: Mainlight is switched off
2020-01-18 21:26:57 INFO: CO2 is switched off
2020-01-18 21:27:02 INFO: Mainlight is switched off
2020-01-18 21:27:02 INFO: CO2 is switched off
2020-01-18 21:27:07 INFO: Mainlight is switched off
2020-01-18 21:27:07 INFO: CO2 is switched off
2020-01-18 21:27:12 INFO: Mainlight is switched off
2020-01-18 21:27:12 INFO: CO2 is switched off
2020-01-18 21:27:17 INFO: Mainlight is switched off
2020-01-18 21:27:17 INFO: CO2 is switched off
2020-01-18 21:27:22 INFO: Mainlight is switched off
2020-01-18 21:27:22 INFO: CO2 is switched off
2020-01-18 21:27:27 INFO: Mainlight is switched off
2020-01-18 21:27:27 INFO: CO2 is switched off
2020-01-18 21:27:32 INFO: Mainlight is switched off
2020-01-18 21:27:32 INFO: CO2 is switched off
2020-01-18 21:27:37 INFO: Mainlight is switched off
2020-01-18 21:27:37 INFO: CO2 is switched off
2020-01-18 21:27:42 INFO: Mainlight is switched off
2020-01-18 21:27:42 INFO: CO2 is switched off
2020-01-18 21:27:47 INFO: GUI-RaspberryAQ Started!
2020-01-18 21:27:47 INFO: Mainlight is switched off
2020-01-18 21:27:47 INFO: CO2 is switched off
2020-01-18 21:27:52 INFO: Mainlight is switched off
2020-01-18 21:27:52 INFO: CO2 is switched off
2020-01-18 21:27:57 INFO: Mainlight is switched off
2020-01-18 21:27:57 INFO: CO2 is switched off
2020-01-18 21:28:02 INFO: Mainlight is switched off
2020-01-18 21:28:02 INFO: CO2 is switched off
2020-01-18 21:28:07 INFO: Mainlight is switched off
2020-01-18 21:28:07 INFO: CO2 is switched off
2020-01-18 21:28:13 INFO: Mainlight is switched off
2020-01-18 21:28:13 INFO: CO2 is switched off
2020-01-18 21:28:18 INFO: Mainlight is switched off
2020-01-18 21:28:18 INFO: CO2 is switched off
2020-01-18 21:28:22 INFO: GUI-RaspberryAQ Started!
2020-01-18 21:28:23 INFO: Mainlight is switched off
2020-01-18 21:28:23 INFO: CO2 is switched off
2020-01-18 21:28:28 INFO: Mainlight is switched off
2020-01-18 21:28:28 INFO: CO2 is switched off
2020-01-18 21:28:33 INFO: Mainlight is switched off
2020-01-18 21:28:33 INFO: CO2 is switched off
2020-01-18 21:28:38 INFO: Mainlight is switched off
2020-01-18 21:28:38 INFO: CO2 is switched off
2020-01-18 21:28:43 INFO: Mainlight is switched off
2020-01-18 21:28:43 INFO: CO2 is switched off
2020-01-18 21:28:48 INFO: Mainlight is switched off
2020-01-18 21:28:48 INFO: CO2 is switched off
2020-01-18 21:28:53 INFO: Mainlight is switched off
2020-01-18 21:28:53 INFO: CO2 is switched off
2020-01-18 21:28:58 INFO: Mainlight is switched off
2020-01-18 21:28:58 INFO: CO2 is switched off
2020-01-18 21:29:03 INFO: Mainlight is switched off
2020-01-18 21:29:03 INFO: CO2 is switched off
2020-01-18 21:29:08 INFO: Mainlight is switched off
2020-01-18 21:29:08 INFO: CO2 is switched off
2020-01-18 21:29:13 INFO: Mainlight is switched off
2020-01-18 21:29:13 INFO: CO2 is switched off
2020-01-18 21:29:18 INFO: Mainlight is switched off
2020-01-18 21:29:18 INFO: CO2 is switched off
2020-01-18 21:29:23 INFO: Mainlight is switched off
2020-01-18 21:29:23 INFO: CO2 is switched off
2020-01-18 21:42:41 INFO: Server-RaspberryAQ Started!
2020-01-18 21:42:46 INFO: Inputfile imported
2020-01-18 21:42:46 INFO: Mainlight is switched off
2020-01-18 21:42:46 INFO: CO2 is switched off
2020-01-18 21:42:46 INFO: Checking for new Input file.
2020-01-18 21:42:51 INFO: Mainlight is switched off
2020-01-18 21:42:51 INFO: CO2 is switched off
2020-01-18 21:42:56 INFO: Mainlight is switched off
2020-01-18 21:42:56 INFO: CO2 is switched off
2020-01-18 21:43:01 INFO: Mainlight is switched off
2020-01-18 21:43:01 INFO: CO2 is switched off
2020-01-18 21:43:06 INFO: Mainlight is switched off
2020-01-18 21:43:06 INFO: CO2 is switched off
2020-01-18 21:43:11 INFO: Mainlight is switched off
2020-01-18 21:43:11 INFO: CO2 is switched off
2020-01-18 21:43:16 INFO: Mainlight is switched off
2020-01-18 21:43:16 INFO: CO2 is switched off
2020-01-18 21:43:21 INFO: Mainlight is switched off
2020-01-18 21:43:21 INFO: CO2 is switched off
2020-01-18 21:43:26 INFO: Mainlight is switched off
2020-01-18 21:43:26 INFO: CO2 is switched off
2020-01-18 21:43:31 INFO: Mainlight is switched off
2020-01-18 21:43:31 INFO: CO2 is switched off
2020-01-18 21:43:36 INFO: Mainlight is switched off
2020-01-18 21:43:36 INFO: CO2 is switched off
2020-01-18 21:43:41 INFO: Mainlight is switched off
2020-01-18 21:43:41 INFO: CO2 is switched off
2020-01-18 21:43:46 INFO: Mainlight is switched off
2020-01-18 21:43:46 INFO: CO2 is switched off
2020-01-18 21:43:51 INFO: Mainlight is switched off
2020-01-18 21:43:51 INFO: CO2 is switched off
2020-01-18 21:43:56 INFO: Mainlight is switched off
2020-01-18 21:43:56 INFO: CO2 is switched off
2020-01-18 21:44:01 INFO: Mainlight is switched off
2020-01-18 21:44:01 INFO: CO2 is switched off
2020-01-18 21:44:06 INFO: Mainlight is switched off
2020-01-18 21:44:06 INFO: CO2 is switched off
2020-01-18 21:44:11 INFO: Mainlight is switched off
2020-01-18 21:44:11 INFO: CO2 is switched off
2020-01-18 21:44:16 INFO: Mainlight is switched off
2020-01-18 21:44:16 INFO: CO2 is switched off
2020-01-18 21:44:21 INFO: Mainlight is switched off
2020-01-18 21:44:21 INFO: CO2 is switched off
2020-01-18 21:52:39 INFO: Server-RaspberryAQ Started!
2020-01-18 21:52:44 INFO: Inputfile imported
2020-01-18 21:52:44 INFO: Mainlight is switched off
2020-01-18 21:52:44 INFO: CO2 is switched off
2020-01-18 21:52:44 INFO: Checking for new Input file.
2020-01-18 21:52:49 INFO: Mainlight is switched off
2020-01-18 21:52:49 INFO: CO2 is switched off
2020-01-18 21:52:54 INFO: Mainlight is switched off
2020-01-18 21:52:54 INFO: CO2 is switched off
2020-01-18 21:52:59 INFO: Mainlight is switched off
2020-01-18 21:52:59 INFO: CO2 is switched off
2020-01-18 21:53:04 INFO: Mainlight is switched off
2020-01-18 21:53:04 INFO: CO2 is switched off
2020-01-18 22:37:53 INFO: Server-RaspberryAQ Started!
2020-01-18 22:37:58 INFO: Inputfile imported
2020-01-18 22:37:58 INFO: Mainlight is switched off
2020-01-18 22:37:58 INFO: CO2 is switched off
2020-01-18 22:37:58 INFO: Checking for new Input file.
2020-01-18 22:38:03 INFO: Mainlight is switched off
2020-01-18 22:38:03 INFO: CO2 is switched off
2020-01-18 22:38:08 INFO: Mainlight is switched off
2020-01-18 22:38:08 INFO: CO2 is switched off
2020-01-18 22:38:13 INFO: Server-RaspberryAQ Started!
2020-01-18 22:38:18 INFO: Inputfile imported
2020-01-18 22:38:18 INFO: Mainlight is switched off
2020-01-18 22:38:18 INFO: CO2 is switched off
2020-01-18 22:38:18 INFO: Checking for new Input file.
2020-01-18 22:38:23 INFO: Mainlight is switched off
2020-01-18 22:38:23 INFO: CO2 is switched off
2020-01-18 22:38:28 INFO: Mainlight is switched off
2020-01-18 22:38:28 INFO: CO2 is switched off
2020-01-18 22:38:33 INFO: Mainlight is switched off
2020-01-18 22:38:33 INFO: CO2 is switched off
2020-01-18 22:38:38 INFO: Mainlight is switched off
2020-01-18 22:38:38 INFO: CO2 is switched off
2020-01-18 22:38:43 INFO: Mainlight is switched off
2020-01-18 22:38:43 INFO: CO2 is switched off
2020-01-18 22:38:48 INFO: Mainlight is switched off
2020-01-18 22:38:48 INFO: CO2 is switched off
2020-01-18 22:38:53 INFO: Mainlight is switched off
2020-01-18 22:38:53 INFO: CO2 is switched off
2020-01-18 22:38:58 INFO: Mainlight is switched off
2020-01-18 22:38:58 INFO: CO2 is switched off
2020-01-18 22:39:03 INFO: Mainlight is switched off
2020-01-18 22:39:03 INFO: CO2 is switched off
2020-01-18 22:39:08 INFO: Mainlight is switched off
2020-01-18 22:39:08 INFO: CO2 is switched off
2020-01-18 22:39:13 INFO: Mainlight is switched off
2020-01-18 22:39:13 INFO: CO2 is switched off
2020-01-18 22:39:18 INFO: Mainlight is switched off
2020-01-18 22:39:18 INFO: CO2 is switched off
2020-01-18 22:39:23 INFO: Mainlight is switched off
2020-01-18 22:39:23 INFO: CO2 is switched off
2020-01-18 22:39:28 INFO: Mainlight is switched off
2020-01-18 22:39:28 INFO: CO2 is switched off
2020-01-18 22:39:33 INFO: Mainlight is switched off
2020-01-18 22:39:33 INFO: CO2 is switched off
2020-01-18 22:39:38 INFO: Mainlight is switched off
2020-01-18 22:39:38 INFO: CO2 is switched off
2020-01-18 22:39:43 INFO: Mainlight is switched off
2020-01-18 22:39:43 INFO: CO2 is switched off
2020-01-18 22:39:48 INFO: Mainlight is switched off
2020-01-18 22:39:48 INFO: CO2 is switched off
2020-01-18 22:39:53 INFO: Mainlight is switched off
2020-01-18 22:39:53 INFO: CO2 is switched off
2020-01-18 22:39:59 INFO: Mainlight is switched off
2020-01-18 22:39:59 INFO: CO2 is switched off
2020-01-18 22:40:04 INFO: Mainlight is switched off
2020-01-18 22:40:04 INFO: CO2 is switched off
2020-01-18 22:40:09 INFO: Mainlight is switched off
2020-01-18 22:40:09 INFO: CO2 is switched off
2020-01-18 22:40:14 INFO: Mainlight is switched off
2020-01-18 22:40:14 INFO: CO2 is switched off
2020-01-18 22:40:19 INFO: Mainlight is switched off
2020-01-18 22:40:19 INFO: CO2 is switched off
2020-01-18 22:40:24 INFO: Mainlight is switched off
2020-01-18 22:40:24 INFO: CO2 is switched off
2020-01-18 22:40:25 INFO: GUI-RaspberryAQ Started!
2020-01-18 22:40:29 INFO: Mainlight is switched off
2020-01-18 22:40:29 INFO: CO2 is switched off
2020-01-18 22:40:34 INFO: Mainlight is switched off
2020-01-18 22:40:34 INFO: CO2 is switched off
2020-01-18 22:40:39 INFO: Mainlight is switched off
2020-01-18 22:40:39 INFO: CO2 is switched off
2020-01-18 22:40:44 INFO: Mainlight is switched off
2020-01-18 22:40:44 INFO: CO2 is switched off
2020-01-18 22:40:47 INFO: Values have been saved in JSON file
2020-01-18 22:40:49 INFO: Mainlight is switched off
2020-01-18 22:40:49 INFO: CO2 is switched off
2020-01-18 22:40:54 INFO: Mainlight is switched off
2020-01-18 22:40:54 INFO: CO2 is switched off
2020-01-18 22:40:59 INFO: Mainlight is switched off
2020-01-18 22:40:59 INFO: CO2 is switched off
2020-01-18 22:41:04 INFO: Mainlight is switched off
2020-01-18 22:41:04 INFO: CO2 is switched off
2020-01-18 22:41:09 INFO: Mainlight is switched off
2020-01-18 22:41:09 INFO: CO2 is switched off
2020-01-18 22:41:14 INFO: Mainlight is switched off
2020-01-18 22:41:14 INFO: CO2 is switched off
2020-01-18 22:41:19 INFO: Mainlight is switched off
2020-01-18 22:41:19 INFO: CO2 is switched off
2020-01-18 22:41:24 INFO: Mainlight is switched off
2020-01-18 22:41:24 INFO: CO2 is switched off
2020-01-18 22:41:29 INFO: Mainlight is switched off
2020-01-18 22:41:29 INFO: CO2 is switched off
2020-01-18 22:41:34 INFO: Mainlight is switched off
2020-01-18 22:41:34 INFO: CO2 is switched off
2020-01-18 22:41:39 INFO: Mainlight is switched off
2020-01-18 22:41:39 INFO: CO2 is switched off
2020-01-18 22:41:44 INFO: Mainlight is switched off
2020-01-18 22:41:44 INFO: CO2 is switched off
2020-01-18 22:41:49 INFO: Mainlight is switched off
2020-01-18 22:41:49 INFO: CO2 is switched off
2020-01-18 22:41:54 INFO: Mainlight is switched off
2020-01-18 22:41:54 INFO: CO2 is switched off
2020-01-18 22:41:59 INFO: Mainlight is switched off
2020-01-18 22:41:59 INFO: CO2 is switched off
2020-01-18 22:42:04 INFO: Mainlight is switched off
2020-01-18 22:42:04 INFO: CO2 is switched off
2020-01-18 22:42:09 INFO: Mainlight is switched off
2020-01-18 22:42:09 INFO: CO2 is switched off
2020-01-18 22:42:14 INFO: Mainlight is switched off
2020-01-18 22:42:14 INFO: CO2 is switched off
2020-01-18 22:42:19 INFO: Mainlight is switched off
2020-01-18 22:42:19 INFO: CO2 is switched off
2020-01-18 22:42:24 INFO: Mainlight is switched off
2020-01-18 22:42:24 INFO: CO2 is switched off
2020-01-18 22:42:29 INFO: Mainlight is switched off
2020-01-18 22:42:29 INFO: CO2 is switched off
2020-01-18 22:42:34 INFO: Mainlight is switched off
2020-01-18 22:42:34 INFO: CO2 is switched off
2020-01-18 22:42:39 INFO: Mainlight is switched off
2020-01-18 22:42:39 INFO: CO2 is switched off
2020-01-18 22:42:44 INFO: Mainlight is switched off
2020-01-18 22:42:44 INFO: CO2 is switched off
2020-01-18 22:42:49 INFO: Mainlight is switched off
2020-01-18 22:42:49 INFO: CO2 is switched off
2020-01-18 22:42:54 INFO: Mainlight is switched off
2020-01-18 22:42:54 INFO: CO2 is switched off
2020-01-18 22:42:59 INFO: Mainlight is switched off
2020-01-18 22:42:59 INFO: CO2 is switched off
2020-01-18 22:43:04 INFO: Mainlight is switched off
2020-01-18 22:43:04 INFO: CO2 is switched off
2020-01-18 22:43:09 INFO: Mainlight is switched off
2020-01-18 22:43:09 INFO: CO2 is switched off
2020-01-18 22:43:14 INFO: Mainlight is switched off
2020-01-18 22:43:14 INFO: CO2 is switched off
2020-01-18 22:43:19 INFO: Mainlight is switched off
2020-01-18 22:43:20 INFO: CO2 is switched off
2020-01-18 22:43:20 INFO: Checking for new Input file.
2020-01-18 22:43:20 INFO: Inputfile updated!
2020-01-18 22:43:25 INFO: Mainlight is switched off
2020-01-18 22:43:25 INFO: CO2 is switched off
2020-01-18 22:43:30 INFO: Mainlight is switched off
2020-01-18 22:43:30 INFO: CO2 is switched off
2020-01-18 22:43:35 INFO: Mainlight is switched off
2020-01-18 22:43:35 INFO: CO2 is switched off
2020-01-18 22:43:40 INFO: Mainlight is switched off
2020-01-18 22:43:40 INFO: CO2 is switched off
2020-01-18 22:43:45 INFO: Mainlight is switched off
2020-01-18 22:43:45 INFO: CO2 is switched off
2020-01-18 22:43:50 INFO: Mainlight is switched off
2020-01-18 22:43:50 INFO: CO2 is switched off
2020-01-18 22:43:55 INFO: Mainlight is switched off
2020-01-18 22:43:55 INFO: CO2 is switched off
2020-01-18 22:44:00 INFO: Mainlight is switched off
2020-01-18 22:44:00 INFO: CO2 is switched off
2020-01-18 22:44:05 INFO: Mainlight is switched off
2020-01-18 22:44:05 INFO: CO2 is switched off
2020-01-18 22:44:10 INFO: Mainlight is switched off
2020-01-18 22:44:10 INFO: CO2 is switched off
2020-01-18 22:44:15 INFO: Mainlight is switched off
2020-01-18 22:44:15 INFO: CO2 is switched off
2020-01-18 22:44:20 INFO: Mainlight is switched off
2020-01-18 22:44:20 INFO: CO2 is switched off
2020-01-18 22:44:25 INFO: Mainlight is switched off
2020-01-18 22:44:25 INFO: CO2 is switched off
2020-01-18 22:44:30 INFO: Mainlight is switched off
2020-01-18 22:44:30 INFO: CO2 is switched off
2020-01-18 22:44:35 INFO: Mainlight is switched off
2020-01-18 22:44:35 INFO: CO2 is switched off
2020-01-18 22:44:40 INFO: Mainlight is switched off
2020-01-18 22:44:40 INFO: CO2 is switched off
2020-01-18 22:44:45 INFO: Mainlight is switched off
2020-01-18 22:44:45 INFO: CO2 is switched off
2020-01-18 22:44:50 INFO: Mainlight is switched off
2020-01-18 22:44:50 INFO: CO2 is switched off
2020-01-18 22:44:55 INFO: Mainlight is switched off
2020-01-18 22:44:55 INFO: CO2 is switched off
2020-01-18 22:45:00 INFO: Mainlight is switched on
2020-01-18 22:45:00 INFO: CO2 is switched on
2020-01-18 22:45:05 INFO: Mainlight is switched on
2020-01-18 22:45:05 INFO: CO2 is switched on
2020-01-18 22:45:10 INFO: Mainlight is switched on
2020-01-18 22:45:10 INFO: CO2 is switched on
2020-01-18 22:45:15 INFO: Mainlight is switched on
2020-01-18 22:45:15 INFO: CO2 is switched on
2020-01-18 22:45:20 INFO: Mainlight is switched on
2020-01-18 22:45:20 INFO: CO2 is switched on
2020-01-18 22:45:25 INFO: Mainlight is switched on
2020-01-18 22:45:25 INFO: CO2 is switched on
2020-01-18 22:45:30 INFO: Mainlight is switched on
2020-01-18 22:45:30 INFO: CO2 is switched on
2020-01-18 22:45:35 INFO: Mainlight is switched on
2020-01-18 22:45:35 INFO: CO2 is switched on
2020-01-18 22:45:40 INFO: Mainlight is switched on
2020-01-18 22:45:40 INFO: CO2 is switched on
2020-01-18 22:45:45 INFO: Mainlight is switched on
2020-01-18 22:45:45 INFO: CO2 is switched on
2020-01-18 22:45:50 INFO: Mainlight is switched on
2020-01-18 22:45:50 INFO: CO2 is switched on
2020-01-18 22:45:55 INFO: Mainlight is switched on
2020-01-18 22:45:55 INFO: CO2 is switched on
2020-01-18 22:46:00 INFO: Mainlight is switched on
2020-01-18 22:46:00 INFO: CO2 is switched on
2020-01-18 22:46:05 INFO: Mainlight is switched on
2020-01-18 22:46:05 INFO: CO2 is switched on
2020-01-18 22:46:10 INFO: Mainlight is switched on
2020-01-18 22:46:10 INFO: CO2 is switched on
2020-01-18 22:46:15 INFO: Mainlight is switched on
2020-01-18 22:46:15 INFO: CO2 is switched on
2020-01-18 22:46:20 INFO: Mainlight is switched on
2020-01-18 22:46:20 INFO: CO2 is switched on
2020-01-18 22:46:26 INFO: Mainlight is switched on
2020-01-18 22:46:26 INFO: CO2 is switched on
2020-01-18 22:46:31 INFO: Mainlight is switched on
2020-01-18 22:46:31 INFO: CO2 is switched on
2020-01-18 22:46:36 INFO: Mainlight is switched on
2020-01-18 22:46:36 INFO: CO2 is switched on
2020-01-18 22:46:41 INFO: Mainlight is switched on
2020-01-18 22:46:41 INFO: CO2 is switched on
2020-01-18 22:46:46 INFO: Mainlight is switched on
2020-01-18 22:46:46 INFO: CO2 is switched on
2020-01-18 22:46:51 INFO: Mainlight is switched on
2020-01-18 22:46:51 INFO: CO2 is switched on
2020-01-18 22:46:56 INFO: Mainlight is switched on
2020-01-18 22:46:56 INFO: CO2 is switched on
2020-01-18 22:47:01 INFO: Mainlight is switched on
2020-01-18 22:47:01 INFO: CO2 is switched on
2020-01-18 22:47:06 INFO: Mainlight is switched on
2020-01-18 22:47:06 INFO: CO2 is switched on
2020-01-18 22:47:11 INFO: Mainlight is switched on
2020-01-18 22:47:11 INFO: CO2 is switched on
2020-01-18 22:47:16 INFO: Mainlight is switched on
2020-01-18 22:47:16 INFO: CO2 is switched on
2020-01-18 22:47:21 INFO: Mainlight is switched on
2020-01-18 22:47:21 INFO: CO2 is switched on
2020-01-18 22:47:26 INFO: Mainlight is switched on
2020-01-18 22:47:26 INFO: CO2 is switched on
2020-01-18 22:47:31 INFO: Mainlight is switched on
2020-01-18 22:47:31 INFO: CO2 is switched on
2020-01-18 22:47:36 INFO: Mainlight is switched on
2020-01-18 22:47:36 INFO: CO2 is switched on
2020-01-18 22:47:41 INFO: Mainlight is switched on
2020-01-18 22:47:41 INFO: CO2 is switched on
2020-01-18 22:47:46 INFO: Mainlight is switched on
2020-01-18 22:47:46 INFO: CO2 is switched on
2020-01-18 22:47:51 INFO: Mainlight is switched on
2020-01-18 22:47:51 INFO: CO2 is switched on
2020-01-18 22:47:56 INFO: Mainlight is switched on
2020-01-18 22:47:56 INFO: CO2 is switched on
2020-01-18 22:48:01 INFO: Mainlight is switched on
2020-01-18 22:48:01 INFO: CO2 is switched on
2020-01-18 22:48:06 INFO: Mainlight is switched on
2020-01-18 22:48:06 INFO: CO2 is switched on
2020-01-18 22:48:11 INFO: Mainlight is switched on
2020-01-18 22:48:11 INFO: CO2 is switched on
2020-01-18 22:48:13 INFO: Server-RaspberryAQ Started!
2020-01-18 22:48:19 INFO: Inputfile imported
2020-01-18 22:48:19 INFO: Mainlight is switched on
2020-01-18 22:48:19 INFO: CO2 is switched on
2020-01-18 22:48:19 INFO: Checking for new Input file.
2020-01-18 22:48:24 INFO: Mainlight is switched on
2020-01-18 22:48:24 INFO: CO2 is switched on
2020-01-18 22:48:29 INFO: Mainlight is switched on
2020-01-18 22:48:29 INFO: CO2 is switched on
2020-01-18 22:48:34 INFO: Mainlight is switched on
2020-01-18 22:48:34 INFO: CO2 is switched on
2020-01-18 22:48:39 INFO: Mainlight is switched on
2020-01-18 22:48:39 INFO: CO2 is switched on
2020-01-18 22:48:44 INFO: Mainlight is switched on
2020-01-18 22:48:44 INFO: CO2 is switched on
2020-01-18 22:48:49 INFO: Mainlight is switched on
2020-01-18 22:48:49 INFO: CO2 is switched on
2020-01-18 22:48:54 INFO: Mainlight is switched on
2020-01-18 22:48:54 INFO: CO2 is switched on
2020-01-18 22:48:59 INFO: Mainlight is switched on
2020-01-18 22:48:59 INFO: CO2 is switched on
2020-01-18 22:49:26 INFO: Server-RaspberryAQ Started!
2020-01-18 22:49:31 INFO: Inputfile imported
2020-01-18 22:49:31 INFO: Mainlight is switched on
2020-01-18 22:49:31 INFO: CO2 is switched on
2020-01-18 22:49:31 INFO: Checking for new Input file.
2020-01-18 22:49:31 WARNING: MYSQL: Coudn't connect to MYSQL Database
2020-01-18 22:49:36 INFO: Mainlight is switched on
2020-01-18 22:49:36 INFO: CO2 is switched on
2020-01-18 22:49:41 INFO: Mainlight is switched on
2020-01-18 22:49:41 INFO: CO2 is switched on
2020-01-18 22:49:41 WARNING: MYSQL: Coudn't connect to MYSQL Database
2020-01-18 22:49:46 INFO: Mainlight is switched on
2020-01-18 22:49:46 INFO: CO2 is switched on
2020-01-18 22:49:51 INFO: Mainlight is switched on
2020-01-18 22:49:51 INFO: CO2 is switched on
2020-01-18 22:49:52 WARNING: MYSQL: Coudn't connect to MYSQL Database
2020-01-18 22:49:57 INFO: Mainlight is switched on
2020-01-18 22:49:57 INFO: CO2 is switched on
2020-01-18 22:50:02 INFO: Mainlight is switched on
2020-01-18 22:50:02 INFO: CO2 is switched on
2020-01-18 22:50:02 WARNING: MYSQL: Coudn't connect to MYSQL Database
2020-01-18 22:50:07 INFO: Mainlight is switched on
2020-01-18 22:50:07 INFO: CO2 is switched on
2020-01-18 22:50:11 INFO: Server-RaspberryAQ Started!
2020-01-18 22:50:16 INFO: Inputfile imported
2020-01-18 22:50:16 INFO: Mainlight is switched on
2020-01-18 22:50:16 INFO: CO2 is switched on
2020-01-18 22:50:16 INFO: Checking for new Input file.
2020-01-18 22:50:16 WARNING: MYSQL: Coudn't connect to MYSQL Database
2020-01-18 22:50:21 INFO: Mainlight is switched on
2020-01-18 22:50:21 INFO: CO2 is switched on
2020-01-18 22:50:26 INFO: Mainlight is switched on
2020-01-18 22:50:26 INFO: CO2 is switched on
2020-01-18 22:50:26 WARNING: MYSQL: Coudn't connect to MYSQL Database
2020-01-18 22:50:31 INFO: Mainlight is switched on
2020-01-18 22:50:31 INFO: CO2 is switched on
2020-01-18 22:50:36 INFO: Mainlight is switched on
2020-01-18 22:50:36 INFO: CO2 is switched on
2020-01-18 22:50:37 WARNING: MYSQL: Coudn't connect to MYSQL Database
2020-01-18 23:08:38 INFO: Server-RaspberryAQ Started!
2020-01-18 23:08:43 INFO: Inputfile imported
2020-01-18 23:08:43 INFO: Mainlight is switched on
2020-01-18 23:08:43 INFO: CO2 is switched on
2020-01-18 23:10:32 INFO: GUI-RaspberryAQ Started!
2020-01-18 23:12:12 INFO: GUI-RaspberryAQ Started!
2020-01-18 23:13:00 INFO: GUI-RaspberryAQ Started!
2020-01-18 23:13:37 INFO: GUI-RaspberryAQ Started!
2020-01-18 23:15:02 INFO: GUI-RaspberryAQ Started!
