2020-02-12 00:00:46 INFO: Server-RaspberryAQ Started!
2020-02-12 00:00:51 INFO: Inputfile imported
2020-02-12 00:00:51 INFO: Mainlight is switched off
2020-02-12 00:00:51 INFO: CO2 is switched off
2020-02-12 00:00:51 INFO: Heater is switched off
2020-02-12 00:01:48 INFO: Server-RaspberryAQ Started!
2020-02-12 00:01:53 INFO: Inputfile imported
2020-02-12 00:01:53 INFO: Mainlight is switched off
2020-02-12 00:01:53 INFO: CO2 is switched off
2020-02-12 00:01:53 INFO: Heater is switched off
2020-02-12 00:01:53 INFO: Checking for new Input file.
2020-02-12 00:01:58 INFO: Mainlight is switched off
2020-02-12 00:01:58 INFO: CO2 is switched off
2020-02-12 00:01:58 INFO: Heater is switched off
2020-02-12 00:02:03 INFO: Mainlight is switched off
2020-02-12 00:02:03 INFO: CO2 is switched off
2020-02-12 00:02:03 INFO: Heater is switched off
2020-02-12 00:02:08 INFO: Mainlight is switched off
2020-02-12 00:02:08 INFO: CO2 is switched off
2020-02-12 00:02:08 INFO: Heater is switched off
2020-02-12 00:02:13 INFO: Mainlight is switched off
2020-02-12 00:02:13 INFO: CO2 is switched off
2020-02-12 00:02:13 INFO: Heater is switched off
2020-02-12 00:02:18 INFO: Mainlight is switched off
2020-02-12 00:02:18 INFO: CO2 is switched off
2020-02-12 00:02:18 INFO: Heater is switched off
2020-02-12 00:02:18 INFO: Checking for new Input file.
2020-02-12 00:02:23 INFO: Mainlight is switched off
2020-02-12 00:02:23 INFO: CO2 is switched off
2020-02-12 00:02:23 INFO: Heater is switched off
2020-02-12 00:02:28 INFO: Mainlight is switched off
2020-02-12 00:02:28 INFO: CO2 is switched off
2020-02-12 00:02:28 INFO: Heater is switched off
2020-02-12 00:02:33 INFO: Mainlight is switched off
2020-02-12 00:02:33 INFO: CO2 is switched off
2020-02-12 00:02:33 INFO: Heater is switched off
2020-02-12 00:07:54 INFO: Server-RaspberryAQ Started!
2020-02-12 00:07:59 INFO: Inputfile imported
2020-02-12 00:07:59 INFO: Mainlight is switched off
2020-02-12 00:07:59 INFO: CO2 is switched off
2020-02-12 00:07:59 INFO: Heater is switched off
2020-02-12 00:07:59 INFO: Checking for new Input file.
2020-02-12 00:08:04 INFO: Mainlight is switched off
2020-02-12 00:08:04 INFO: CO2 is switched off
2020-02-12 00:08:04 INFO: Heater is switched off
2020-02-12 00:08:09 INFO: Mainlight is switched off
2020-02-12 00:08:09 INFO: CO2 is switched off
2020-02-12 00:08:09 INFO: Heater is switched off
2020-02-12 00:08:23 INFO: Server-RaspberryAQ Started!
2020-02-12 00:08:28 INFO: Inputfile imported
2020-02-12 00:08:28 INFO: Mainlight is switched off
2020-02-12 00:08:28 INFO: CO2 is switched off
2020-02-12 00:08:28 INFO: Heater is switched off
