2020-03-08 17:10:54 INFO: Server-RaspberryAQ Started!
2020-03-08 17:10:59 INFO: Inputfile imported
2020-03-08 17:10:59 INFO: Mainlight is switched on
2020-03-08 17:10:59 INFO: CO2 is switched on
2020-03-08 17:10:59 INFO: Heater is switched off
2020-03-08 17:10:59 INFO: Checking for new Input file.
2020-03-08 17:11:04 INFO: Mainlight is switched on
2020-03-08 17:11:04 INFO: CO2 is switched on
2020-03-08 17:11:04 INFO: Heater is switched off
2020-03-08 17:15:16 INFO: Server-RaspberryAQ Started!
2020-03-08 17:15:21 INFO: Inputfile imported
2020-03-08 17:15:21 INFO: Mainlight is switched on
2020-03-08 17:15:21 INFO: CO2 is switched on
2020-03-08 17:15:21 INFO: Heater is switched off
2020-03-08 17:15:21 INFO: Checking for new Input file.
2020-03-08 17:15:26 INFO: Mainlight is switched on
2020-03-08 17:15:26 INFO: CO2 is switched on
2020-03-08 17:15:26 INFO: Heater is switched off
2020-03-08 17:15:31 INFO: Mainlight is switched on
2020-03-08 17:15:31 INFO: CO2 is switched on
2020-03-08 17:15:31 INFO: Heater is switched off
2020-03-08 17:15:36 INFO: Mainlight is switched on
2020-03-08 17:15:36 INFO: CO2 is switched on
2020-03-08 17:15:36 INFO: Heater is switched off
2020-03-08 17:15:41 INFO: Mainlight is switched on
2020-03-08 17:15:41 INFO: CO2 is switched on
2020-03-08 17:15:41 INFO: Heater is switched off
2020-03-08 17:15:46 INFO: Mainlight is switched on
2020-03-08 17:15:46 INFO: CO2 is switched on
2020-03-08 17:15:46 INFO: Heater is switched off
2020-03-08 17:15:46 INFO: Checking for new Input file.
2020-03-08 17:15:51 INFO: Mainlight is switched on
2020-03-08 17:15:51 INFO: CO2 is switched on
2020-03-08 17:15:51 INFO: Heater is switched off
2020-03-08 17:15:56 INFO: Mainlight is switched on
2020-03-08 17:15:56 INFO: CO2 is switched on
2020-03-08 17:15:56 INFO: Heater is switched off
2020-03-08 17:16:01 INFO: Mainlight is switched on
2020-03-08 17:16:01 INFO: CO2 is switched on
2020-03-08 17:16:01 INFO: Heater is switched off
2020-03-08 17:16:06 INFO: Mainlight is switched on
2020-03-08 17:16:06 INFO: CO2 is switched on
2020-03-08 17:16:06 INFO: Heater is switched off
2020-03-08 17:16:12 INFO: Mainlight is switched on
2020-03-08 17:16:12 INFO: CO2 is switched on
2020-03-08 17:16:12 INFO: Heater is switched off
2020-03-08 17:16:12 INFO: Checking for new Input file.
2020-03-08 17:16:17 INFO: Mainlight is switched on
2020-03-08 17:16:17 INFO: CO2 is switched on
2020-03-08 17:16:17 INFO: Heater is switched off
2020-03-08 17:16:22 INFO: Mainlight is switched on
2020-03-08 17:16:22 INFO: CO2 is switched on
2020-03-08 17:16:22 INFO: Heater is switched off
2020-03-08 17:16:27 INFO: Mainlight is switched on
2020-03-08 17:16:27 INFO: CO2 is switched on
2020-03-08 17:16:27 INFO: Heater is switched off
2020-03-08 17:16:32 INFO: Mainlight is switched on
2020-03-08 17:16:32 INFO: CO2 is switched on
2020-03-08 17:16:32 INFO: Heater is switched off
2020-03-08 17:16:37 INFO: Mainlight is switched on
2020-03-08 17:16:37 INFO: CO2 is switched on
2020-03-08 17:16:37 INFO: Heater is switched off
2020-03-08 17:16:37 INFO: Checking for new Input file.
2020-03-08 17:16:42 INFO: Mainlight is switched on
2020-03-08 17:16:42 INFO: CO2 is switched on
2020-03-08 17:16:42 INFO: Heater is switched off
2020-03-08 17:16:47 INFO: Mainlight is switched on
2020-03-08 17:16:47 INFO: CO2 is switched on
2020-03-08 17:16:47 INFO: Heater is switched off
2020-03-08 17:16:52 INFO: Mainlight is switched on
2020-03-08 17:16:52 INFO: CO2 is switched on
2020-03-08 17:16:52 INFO: Heater is switched off
2020-03-08 17:16:57 INFO: Mainlight is switched on
2020-03-08 17:16:57 INFO: CO2 is switched on
2020-03-08 17:16:57 INFO: Heater is switched off
2020-03-08 17:17:02 INFO: Mainlight is switched on
2020-03-08 17:17:02 INFO: CO2 is switched on
2020-03-08 17:17:02 INFO: Heater is switched off
2020-03-08 17:17:02 INFO: Checking for new Input file.
2020-03-08 17:17:07 INFO: Mainlight is switched on
2020-03-08 17:17:07 INFO: CO2 is switched on
2020-03-08 17:17:07 INFO: Heater is switched off
2020-03-08 17:17:12 INFO: Mainlight is switched on
2020-03-08 17:17:12 INFO: CO2 is switched on
2020-03-08 17:17:12 INFO: Heater is switched off
2020-03-08 17:17:17 INFO: Mainlight is switched on
2020-03-08 17:17:17 INFO: CO2 is switched on
2020-03-08 17:17:17 INFO: Heater is switched off
2020-03-08 17:17:22 INFO: Mainlight is switched on
2020-03-08 17:17:22 INFO: CO2 is switched on
2020-03-08 17:17:22 INFO: Heater is switched off
2020-03-08 17:17:27 INFO: Mainlight is switched on
2020-03-08 17:17:27 INFO: CO2 is switched on
2020-03-08 17:17:27 INFO: Heater is switched off
2020-03-08 17:17:27 INFO: Checking for new Input file.
2020-03-08 17:17:32 INFO: Mainlight is switched on
2020-03-08 17:17:32 INFO: CO2 is switched on
2020-03-08 17:17:32 INFO: Heater is switched off
2020-03-08 17:17:42 INFO: Server-RaspberryAQ Started!
2020-03-08 17:17:48 INFO: Inputfile imported
2020-03-08 17:17:48 INFO: Mainlight is switched on
2020-03-08 17:17:48 INFO: CO2 is switched on
2020-03-08 17:17:48 INFO: Heater is switched off
2020-03-08 17:17:48 INFO: Checking for new Input file.
2020-03-08 17:17:53 INFO: Mainlight is switched on
2020-03-08 17:17:53 INFO: CO2 is switched on
2020-03-08 17:17:53 INFO: Heater is switched off
2020-03-08 17:17:58 INFO: Mainlight is switched on
2020-03-08 17:17:58 INFO: CO2 is switched on
2020-03-08 17:17:58 INFO: Heater is switched off
2020-03-08 17:18:03 INFO: Mainlight is switched on
2020-03-08 17:18:03 INFO: CO2 is switched on
2020-03-08 17:18:03 INFO: Heater is switched off
2020-03-08 17:20:06 INFO: Server-RaspberryAQ Started!
2020-03-08 17:20:11 INFO: Inputfile imported
2020-03-08 17:20:11 INFO: Mainlight is switched on
2020-03-08 17:20:11 INFO: CO2 is switched on
2020-03-08 17:20:11 INFO: Heater is switched off
2020-03-08 17:20:12 INFO: Checking for new Input file.
2020-03-08 17:20:17 INFO: Mainlight is switched on
2020-03-08 17:20:17 INFO: CO2 is switched on
2020-03-08 17:20:17 INFO: Heater is switched off
2020-03-08 17:20:22 INFO: Mainlight is switched on
2020-03-08 17:20:22 INFO: CO2 is switched on
2020-03-08 17:20:22 INFO: Heater is switched off
