2020-03-07 09:03:22 INFO: Server-RaspberryAQ Started!
2020-03-07 09:03:27 INFO: Inputfile imported
2020-03-07 09:03:27 INFO: Mainlight is switched off
2020-03-07 09:03:27 INFO: CO2 is switched off
2020-03-07 09:03:27 INFO: Heater is switched off
2020-03-07 09:03:28 INFO: Checking for new Input file.
2020-03-07 09:03:33 INFO: Mainlight is switched off
2020-03-07 09:03:33 INFO: CO2 is switched off
2020-03-07 09:03:33 INFO: Heater is switched off
2020-03-07 09:03:38 INFO: Mainlight is switched off
2020-03-07 09:03:38 INFO: CO2 is switched off
2020-03-07 09:03:38 INFO: Heater is switched off
2020-03-07 09:03:43 INFO: Mainlight is switched off
2020-03-07 09:03:43 INFO: CO2 is switched off
2020-03-07 09:03:43 INFO: Heater is switched off
2020-03-07 09:03:48 INFO: Mainlight is switched off
2020-03-07 09:03:48 INFO: CO2 is switched off
2020-03-07 09:03:48 INFO: Heater is switched off
2020-03-07 09:03:53 INFO: Mainlight is switched off
2020-03-07 09:03:53 INFO: CO2 is switched off
2020-03-07 09:03:53 INFO: Heater is switched off
2020-03-07 09:03:53 INFO: Checking for new Input file.
2020-03-07 09:03:58 INFO: Mainlight is switched off
2020-03-07 09:03:58 INFO: CO2 is switched off
2020-03-07 09:03:58 INFO: Heater is switched off
2020-03-07 09:04:03 INFO: Mainlight is switched off
2020-03-07 09:04:03 INFO: CO2 is switched off
2020-03-07 09:04:03 INFO: Heater is switched off
2020-03-07 09:04:07 INFO: Server-RaspberryAQ Started!
2020-03-07 09:04:12 INFO: Inputfile imported
2020-03-07 09:04:12 INFO: Mainlight is switched off
2020-03-07 09:04:12 INFO: CO2 is switched off
2020-03-07 09:04:12 INFO: Heater is switched off
2020-03-07 09:04:12 INFO: Checking for new Input file.
2020-03-07 09:04:17 INFO: Mainlight is switched off
2020-03-07 09:04:17 INFO: CO2 is switched off
2020-03-07 09:04:17 INFO: Heater is switched off
2020-03-07 09:04:22 INFO: Mainlight is switched off
2020-03-07 09:04:22 INFO: CO2 is switched off
2020-03-07 09:04:22 INFO: Heater is switched off
2020-03-07 09:04:28 INFO: Server-RaspberryAQ Started!
2020-03-07 09:04:33 INFO: Inputfile imported
2020-03-07 09:04:33 INFO: Mainlight is switched off
2020-03-07 09:04:33 INFO: CO2 is switched off
2020-03-07 09:04:33 INFO: Heater is switched off
2020-03-07 09:04:33 INFO: Checking for new Input file.
2020-03-07 09:04:39 INFO: Mainlight is switched off
2020-03-07 09:04:39 INFO: CO2 is switched off
2020-03-07 09:04:39 INFO: Heater is switched off
2020-03-07 09:04:44 INFO: Mainlight is switched off
2020-03-07 09:04:44 INFO: CO2 is switched off
2020-03-07 09:04:44 INFO: Heater is switched off
2020-03-07 09:04:49 INFO: Mainlight is switched off
2020-03-07 09:04:49 INFO: CO2 is switched off
2020-03-07 09:04:49 INFO: Heater is switched off
2020-03-07 09:05:04 INFO: Server-RaspberryAQ Started!
2020-03-07 09:05:09 INFO: Inputfile imported
2020-03-07 09:05:09 INFO: Mainlight is switched off
2020-03-07 09:05:09 INFO: CO2 is switched off
2020-03-07 09:05:09 INFO: Heater is switched off
2020-03-07 09:05:09 INFO: Checking for new Input file.
2020-03-07 09:06:04 INFO: Server-RaspberryAQ Started!
2020-03-07 09:06:09 INFO: Inputfile imported
2020-03-07 09:06:09 INFO: Mainlight is switched off
2020-03-07 09:06:09 INFO: CO2 is switched off
2020-03-07 09:06:09 INFO: Heater is switched off
2020-03-07 09:06:09 INFO: Checking for new Input file.
2020-03-07 09:10:08 INFO: Server-RaspberryAQ Started!
2020-03-07 09:10:13 INFO: Inputfile imported
2020-03-07 09:10:13 INFO: Mainlight is switched off
2020-03-07 09:10:13 INFO: CO2 is switched off
2020-03-07 09:10:13 INFO: Heater is switched off
2020-03-07 09:10:13 INFO: Checking for new Input file.
2020-03-07 09:11:01 INFO: Server-RaspberryAQ Started!
2020-03-07 09:11:06 INFO: Inputfile imported
2020-03-07 09:11:06 INFO: Mainlight is switched off
2020-03-07 09:11:06 INFO: CO2 is switched off
2020-03-07 09:11:06 INFO: Heater is switched off
2020-03-07 09:11:06 INFO: Checking for new Input file.
2020-03-07 09:12:03 INFO: Server-RaspberryAQ Started!
2020-03-07 09:12:08 INFO: Inputfile imported
2020-03-07 09:12:08 INFO: Mainlight is switched off
2020-03-07 09:12:08 INFO: CO2 is switched off
2020-03-07 09:12:08 INFO: Heater is switched off
2020-03-07 09:12:08 INFO: Checking for new Input file.
2020-03-07 09:13:46 INFO: Server-RaspberryAQ Started!
2020-03-07 09:13:51 INFO: Inputfile imported
2020-03-07 09:13:51 INFO: Mainlight is switched off
2020-03-07 09:13:51 INFO: CO2 is switched off
2020-03-07 09:13:51 INFO: Heater is switched off
2020-03-07 09:13:51 INFO: Checking for new Input file.
2020-03-07 09:14:26 INFO: Server-RaspberryAQ Started!
2020-03-07 09:14:31 INFO: Inputfile imported
2020-03-07 09:14:31 INFO: Mainlight is switched off
2020-03-07 09:14:31 INFO: CO2 is switched off
2020-03-07 09:14:31 INFO: Heater is switched off
2020-03-07 09:14:31 INFO: Checking for new Input file.
