2020-02-09 00:02:15 INFO: Server-RaspberryAQ Started!
2020-02-09 00:02:20 INFO: Inputfile imported
2020-02-09 00:02:30 INFO: Mainlight is switched off
2020-02-09 00:02:30 INFO: CO2 is switched off
2020-02-09 00:02:30 INFO: Heater is switched off
2020-02-09 00:02:30 INFO: Checking for new Input file.
2020-02-09 00:02:42 INFO: Server-RaspberryAQ Started!
2020-02-09 00:02:47 INFO: Inputfile imported
2020-02-09 00:02:57 INFO: Mainlight is switched off
2020-02-09 00:02:57 INFO: CO2 is switched off
2020-02-09 00:02:57 INFO: Heater is switched off
2020-02-09 00:02:57 INFO: Checking for new Input file.
2020-02-09 00:03:02 INFO: Mainlight is switched off
2020-02-09 00:03:02 INFO: CO2 is switched off
2020-02-09 00:03:02 INFO: Heater is switched off
2020-02-09 00:03:07 INFO: Mainlight is switched off
2020-02-09 00:03:07 INFO: CO2 is switched off
2020-02-09 00:03:07 INFO: Heater is switched off
2020-02-09 00:03:12 INFO: Mainlight is switched off
2020-02-09 00:03:12 INFO: CO2 is switched off
2020-02-09 00:03:12 INFO: Heater is switched off
2020-02-09 00:03:17 INFO: Mainlight is switched off
2020-02-09 00:03:17 INFO: CO2 is switched off
2020-02-09 00:03:17 INFO: Heater is switched off
2020-02-09 00:03:22 INFO: Mainlight is switched off
2020-02-09 00:03:22 INFO: CO2 is switched off
2020-02-09 00:03:22 INFO: Heater is switched off
2020-02-09 00:03:22 INFO: Checking for new Input file.
2020-02-09 00:03:27 INFO: Mainlight is switched off
2020-02-09 00:03:27 INFO: CO2 is switched off
2020-02-09 00:03:27 INFO: Heater is switched off
2020-02-09 00:03:32 INFO: Mainlight is switched off
2020-02-09 00:03:32 INFO: CO2 is switched off
2020-02-09 00:03:32 INFO: Heater is switched off
2020-02-09 00:03:37 INFO: Mainlight is switched off
2020-02-09 00:03:37 INFO: CO2 is switched off
2020-02-09 00:03:37 INFO: Heater is switched off
2020-02-09 00:03:42 INFO: Mainlight is switched off
2020-02-09 00:03:42 INFO: CO2 is switched off
2020-02-09 00:03:42 INFO: Heater is switched off
2020-02-09 00:03:47 INFO: Mainlight is switched off
2020-02-09 00:03:47 INFO: CO2 is switched off
2020-02-09 00:03:47 INFO: Heater is switched off
2020-02-09 00:03:47 INFO: Checking for new Input file.
2020-02-09 00:03:52 INFO: Mainlight is switched off
2020-02-09 00:03:52 INFO: CO2 is switched off
2020-02-09 00:03:52 INFO: Heater is switched off
2020-02-09 00:03:57 INFO: Mainlight is switched off
2020-02-09 00:03:57 INFO: CO2 is switched off
2020-02-09 00:03:57 INFO: Heater is switched off
2020-02-09 00:04:02 INFO: Mainlight is switched off
2020-02-09 00:04:02 INFO: CO2 is switched off
2020-02-09 00:04:02 INFO: Heater is switched off
2020-02-09 00:04:07 INFO: Mainlight is switched off
2020-02-09 00:04:07 INFO: CO2 is switched off
2020-02-09 00:04:07 INFO: Heater is switched off
2020-02-09 00:04:12 INFO: Mainlight is switched off
2020-02-09 00:04:12 INFO: CO2 is switched off
2020-02-09 00:04:12 INFO: Heater is switched off
2020-02-09 00:04:12 INFO: Checking for new Input file.
2020-02-09 00:04:17 INFO: Mainlight is switched off
2020-02-09 00:04:17 INFO: CO2 is switched off
2020-02-09 00:04:17 INFO: Heater is switched off
2020-02-09 00:04:22 INFO: Mainlight is switched off
2020-02-09 00:04:22 INFO: CO2 is switched off
2020-02-09 00:04:22 INFO: Heater is switched off
2020-02-09 00:04:27 INFO: Mainlight is switched off
2020-02-09 00:04:27 INFO: CO2 is switched off
2020-02-09 00:04:27 INFO: Heater is switched off
2020-02-09 00:04:32 INFO: Mainlight is switched off
2020-02-09 00:04:32 INFO: CO2 is switched off
2020-02-09 00:04:32 INFO: Heater is switched off
2020-02-09 00:04:37 INFO: Mainlight is switched off
2020-02-09 00:04:37 INFO: CO2 is switched off
2020-02-09 00:04:37 INFO: Heater is switched off
2020-02-09 00:04:37 INFO: Checking for new Input file.
2020-02-09 00:04:42 INFO: Mainlight is switched off
2020-02-09 00:04:42 INFO: CO2 is switched off
2020-02-09 00:04:42 INFO: Heater is switched off
2020-02-09 00:04:52 INFO: Server-RaspberryAQ Started!
2020-02-09 00:04:57 INFO: Inputfile imported
2020-02-09 00:05:07 INFO: Mainlight is switched off
2020-02-09 00:05:07 INFO: CO2 is switched off
2020-02-09 00:05:07 INFO: Heater is switched off
2020-02-09 00:05:07 INFO: Checking for new Input file.
2020-02-09 00:05:12 INFO: Mainlight is switched off
2020-02-09 00:05:12 INFO: CO2 is switched off
2020-02-09 00:05:12 INFO: Heater is switched off
2020-02-09 00:05:17 INFO: Mainlight is switched off
2020-02-09 00:05:17 INFO: CO2 is switched off
2020-02-09 00:05:17 INFO: Heater is switched off
2020-02-09 00:05:22 INFO: Mainlight is switched off
2020-02-09 00:05:22 INFO: CO2 is switched off
2020-02-09 00:05:22 INFO: Heater is switched off
2020-02-09 00:05:27 INFO: Mainlight is switched off
2020-02-09 00:05:27 INFO: CO2 is switched off
2020-02-09 00:05:27 INFO: Heater is switched off
2020-02-09 00:05:32 INFO: Mainlight is switched off
2020-02-09 00:05:32 INFO: CO2 is switched off
2020-02-09 00:05:32 INFO: Heater is switched off
2020-02-09 00:05:32 INFO: Checking for new Input file.
2020-02-09 00:05:35 INFO: Server-RaspberryAQ Started!
2020-02-09 00:05:40 INFO: Inputfile imported
2020-02-09 00:05:50 INFO: Mainlight is switched off
2020-02-09 00:05:50 INFO: CO2 is switched off
2020-02-09 00:05:50 INFO: Heater is switched off
2020-02-09 00:05:50 INFO: Checking for new Input file.
2020-02-09 00:05:55 INFO: Mainlight is switched off
2020-02-09 00:05:55 INFO: CO2 is switched off
2020-02-09 00:05:55 INFO: Heater is switched off
2020-02-09 00:06:00 INFO: Mainlight is switched off
2020-02-09 00:06:00 INFO: CO2 is switched off
2020-02-09 00:06:00 INFO: Heater is switched off
2020-02-09 00:06:05 INFO: Mainlight is switched off
2020-02-09 00:06:05 INFO: CO2 is switched off
2020-02-09 00:06:05 INFO: Heater is switched off
2020-02-09 00:06:10 INFO: Mainlight is switched off
2020-02-09 00:06:10 INFO: CO2 is switched off
2020-02-09 00:06:10 INFO: Heater is switched off
2020-02-09 00:06:15 INFO: Mainlight is switched off
2020-02-09 00:06:15 INFO: CO2 is switched off
2020-02-09 00:06:15 INFO: Heater is switched off
2020-02-09 00:06:15 INFO: Checking for new Input file.
2020-02-09 00:06:20 INFO: Mainlight is switched off
2020-02-09 00:06:20 INFO: CO2 is switched off
2020-02-09 00:06:20 INFO: Heater is switched off
2020-02-09 00:06:25 INFO: Mainlight is switched off
2020-02-09 00:06:25 INFO: CO2 is switched off
2020-02-09 00:06:25 INFO: Heater is switched off
2020-02-09 00:06:30 INFO: Mainlight is switched off
2020-02-09 00:06:30 INFO: CO2 is switched off
2020-02-09 00:06:30 INFO: Heater is switched off
2020-02-09 00:06:35 INFO: Mainlight is switched off
2020-02-09 00:06:35 INFO: CO2 is switched off
2020-02-09 00:06:35 INFO: Heater is switched off
2020-02-09 00:06:40 INFO: Mainlight is switched off
2020-02-09 00:06:40 INFO: CO2 is switched off
2020-02-09 00:06:40 INFO: Heater is switched off
2020-02-09 00:06:40 INFO: Checking for new Input file.
2020-02-09 00:06:49 INFO: Server-RaspberryAQ Started!
2020-02-09 00:06:54 INFO: Inputfile imported
2020-02-09 00:07:04 INFO: Mainlight is switched off
2020-02-09 00:07:04 INFO: CO2 is switched off
2020-02-09 00:07:04 INFO: Heater is switched off
2020-02-09 00:07:04 INFO: Checking for new Input file.
2020-02-09 00:07:09 INFO: Mainlight is switched off
2020-02-09 00:07:09 INFO: CO2 is switched off
2020-02-09 00:07:09 INFO: Heater is switched off
2020-02-09 00:07:14 INFO: Mainlight is switched off
2020-02-09 00:07:14 INFO: CO2 is switched off
2020-02-09 00:07:14 INFO: Heater is switched off
2020-02-09 00:07:19 INFO: Mainlight is switched off
2020-02-09 00:07:19 INFO: CO2 is switched off
2020-02-09 00:07:19 INFO: Heater is switched off
2020-02-09 00:07:24 INFO: Mainlight is switched off
2020-02-09 00:07:24 INFO: CO2 is switched off
2020-02-09 00:07:24 INFO: Heater is switched off
2020-02-09 00:07:29 INFO: Mainlight is switched off
2020-02-09 00:07:29 INFO: CO2 is switched off
2020-02-09 00:07:29 INFO: Heater is switched off
2020-02-09 00:07:29 INFO: Checking for new Input file.
2020-02-09 00:07:34 INFO: Mainlight is switched off
2020-02-09 00:07:34 INFO: CO2 is switched off
2020-02-09 00:07:34 INFO: Heater is switched off
2020-02-09 00:07:39 INFO: Mainlight is switched off
2020-02-09 00:07:39 INFO: CO2 is switched off
2020-02-09 00:07:39 INFO: Heater is switched off
2020-02-09 00:07:44 INFO: Mainlight is switched off
2020-02-09 00:07:44 INFO: CO2 is switched off
2020-02-09 00:07:44 INFO: Heater is switched off
2020-02-09 00:07:49 INFO: Mainlight is switched off
2020-02-09 00:07:49 INFO: CO2 is switched off
2020-02-09 00:07:49 INFO: Heater is switched off
2020-02-09 00:07:54 INFO: Mainlight is switched off
2020-02-09 00:07:54 INFO: CO2 is switched off
2020-02-09 00:07:54 INFO: Heater is switched off
2020-02-09 00:07:54 INFO: Checking for new Input file.
2020-02-09 00:07:59 INFO: Mainlight is switched off
2020-02-09 00:07:59 INFO: CO2 is switched off
2020-02-09 00:07:59 INFO: Heater is switched off
2020-02-09 00:08:04 INFO: Mainlight is switched off
2020-02-09 00:08:04 INFO: CO2 is switched off
2020-02-09 00:08:04 INFO: Heater is switched off
2020-02-09 00:08:10 INFO: Mainlight is switched off
2020-02-09 00:08:10 INFO: CO2 is switched off
2020-02-09 00:08:10 INFO: Heater is switched off
2020-02-09 00:08:14 INFO: Server-RaspberryAQ Started!
2020-02-09 00:08:19 INFO: Inputfile imported
2020-02-09 00:08:19 INFO: Mainlight is switched off
2020-02-09 00:08:19 INFO: CO2 is switched off
2020-02-09 00:08:19 INFO: Heater is switched off
2020-02-09 00:08:19 INFO: Checking for new Input file.
2020-02-09 00:08:24 INFO: Mainlight is switched off
2020-02-09 00:08:24 INFO: CO2 is switched off
2020-02-09 00:08:24 INFO: Heater is switched off
2020-02-09 00:08:29 INFO: Mainlight is switched off
2020-02-09 00:08:29 INFO: CO2 is switched off
2020-02-09 00:08:29 INFO: Heater is switched off
2020-02-09 00:08:35 INFO: Mainlight is switched off
2020-02-09 00:08:35 INFO: CO2 is switched off
2020-02-09 00:08:35 INFO: Heater is switched off
2020-02-09 00:08:40 INFO: Mainlight is switched off
2020-02-09 00:08:40 INFO: CO2 is switched off
2020-02-09 00:08:40 INFO: Heater is switched off
2020-02-09 00:08:45 INFO: Mainlight is switched off
2020-02-09 00:08:45 INFO: CO2 is switched off
2020-02-09 00:08:45 INFO: Heater is switched off
2020-02-09 00:08:45 INFO: Checking for new Input file.
2020-02-09 00:08:50 INFO: Mainlight is switched off
2020-02-09 00:08:50 INFO: CO2 is switched off
2020-02-09 00:08:50 INFO: Heater is switched off
2020-02-09 00:08:55 INFO: Mainlight is switched off
2020-02-09 00:08:55 INFO: CO2 is switched off
2020-02-09 00:08:55 INFO: Heater is switched off
2020-02-09 00:09:00 INFO: Mainlight is switched off
2020-02-09 00:09:00 INFO: CO2 is switched off
2020-02-09 00:09:00 INFO: Heater is switched off
2020-02-09 00:09:05 INFO: Mainlight is switched off
2020-02-09 00:09:05 INFO: CO2 is switched off
2020-02-09 00:09:05 INFO: Heater is switched off
2020-02-09 00:09:13 INFO: Server-RaspberryAQ Started!
2020-02-09 00:09:18 INFO: Inputfile imported
2020-02-09 00:09:18 INFO: Mainlight is switched off
2020-02-09 00:09:18 INFO: CO2 is switched off
2020-02-09 00:09:18 INFO: Heater is switched off
2020-02-09 00:09:18 INFO: Checking for new Input file.
2020-02-09 00:09:23 INFO: Mainlight is switched off
2020-02-09 00:09:23 INFO: CO2 is switched off
2020-02-09 00:09:23 INFO: Heater is switched off
2020-02-09 00:09:28 INFO: Mainlight is switched off
2020-02-09 00:09:28 INFO: CO2 is switched off
2020-02-09 00:09:28 INFO: Heater is switched off
2020-02-09 00:09:34 INFO: Mainlight is switched off
2020-02-09 00:09:34 INFO: CO2 is switched off
2020-02-09 00:09:34 INFO: Heater is switched off
2020-02-09 00:10:51 INFO: Server-RaspberryAQ Started!
2020-02-09 00:10:56 INFO: Inputfile imported
2020-02-09 00:10:56 INFO: Mainlight is switched off
2020-02-09 00:10:56 INFO: CO2 is switched off
2020-02-09 00:10:56 INFO: Heater is switched off
2020-02-09 00:11:24 WARNING: MYSQL: Coudn't connect to MYSQL Database
2020-02-09 00:11:24 INFO: Checking for new Input file.
2020-02-09 00:11:29 INFO: Mainlight is switched off
2020-02-09 00:11:29 INFO: CO2 is switched off
2020-02-09 00:11:29 INFO: Heater is switched off
2020-02-09 00:12:53 INFO: Server-RaspberryAQ Started!
2020-02-09 00:12:58 INFO: Inputfile imported
2020-02-09 00:13:27 INFO: Server-RaspberryAQ Started!
2020-02-09 00:13:32 INFO: Inputfile imported
2020-02-09 00:13:40 INFO: MYSQL Infos imported
2020-02-09 00:13:40 INFO: Mainlight is switched off
2020-02-09 00:13:40 INFO: CO2 is switched off
2020-02-09 00:13:40 INFO: Heater is switched off
2020-02-09 00:15:48 INFO: Server-RaspberryAQ Started!
2020-02-09 00:15:53 INFO: Inputfile imported
2020-02-09 00:15:53 INFO: MYSQL Infos imported
2020-02-09 00:15:53 INFO: Mainlight is switched off
2020-02-09 00:15:53 INFO: CO2 is switched off
2020-02-09 00:15:53 INFO: Heater is switched off
2020-02-09 00:15:54 INFO: MYSQL: Values are written to MYSQL Database
2020-02-09 00:15:54 INFO: Checking for new Input file.
2020-02-09 00:15:59 INFO: Mainlight is switched off
2020-02-09 00:15:59 INFO: CO2 is switched off
2020-02-09 00:15:59 INFO: Heater is switched off
2020-02-09 00:15:59 INFO: MYSQL: Values are written to MYSQL Database
2020-02-09 00:16:04 INFO: Mainlight is switched off
2020-02-09 00:16:04 INFO: CO2 is switched off
2020-02-09 00:16:04 INFO: Heater is switched off
2020-02-09 00:16:04 INFO: MYSQL: Values are written to MYSQL Database
2020-02-09 00:16:09 INFO: Mainlight is switched off
2020-02-09 00:16:09 INFO: CO2 is switched off
2020-02-09 00:16:09 INFO: Heater is switched off
2020-02-09 00:16:10 INFO: MYSQL: Values are written to MYSQL Database
2020-02-09 00:16:15 INFO: Mainlight is switched off
2020-02-09 00:16:15 INFO: CO2 is switched off
2020-02-09 00:16:15 INFO: Heater is switched off
2020-02-09 00:16:15 INFO: MYSQL: Values are written to MYSQL Database
2020-02-09 00:17:10 INFO: Server-RaspberryAQ Started!
2020-02-09 00:17:15 INFO: Inputfile imported
2020-02-09 00:17:15 INFO: MYSQL Infos imported
2020-02-09 00:17:15 INFO: Mainlight is switched off
2020-02-09 00:17:15 INFO: CO2 is switched off
2020-02-09 00:17:15 INFO: Heater is switched off
2020-02-09 00:17:15 INFO: MYSQL: Values are written to MYSQL Database
2020-02-09 00:17:15 INFO: Checking for new Input file.
2020-02-09 00:17:20 INFO: Mainlight is switched off
2020-02-09 00:17:20 INFO: CO2 is switched off
2020-02-09 00:17:20 INFO: Heater is switched off
2020-02-09 00:17:21 INFO: MYSQL: Values are written to MYSQL Database
2020-02-09 00:17:26 INFO: Mainlight is switched off
2020-02-09 00:17:26 INFO: CO2 is switched off
2020-02-09 00:17:26 INFO: Heater is switched off
2020-02-09 00:17:26 INFO: MYSQL: Values are written to MYSQL Database
2020-02-09 00:17:31 INFO: Server-RaspberryAQ Started!
2020-02-09 00:17:36 INFO: Inputfile imported
2020-02-09 00:17:36 INFO: MYSQL Infos imported
2020-02-09 00:17:36 INFO: Mainlight is switched off
2020-02-09 00:17:36 INFO: CO2 is switched off
2020-02-09 00:17:36 INFO: Heater is switched off
2020-02-09 00:17:37 INFO: MYSQL: Values are written to MYSQL Database
2020-02-09 00:17:37 INFO: Checking for new Input file.
2020-02-09 00:17:42 INFO: Mainlight is switched off
2020-02-09 00:17:42 INFO: CO2 is switched off
2020-02-09 00:17:42 INFO: Heater is switched off
2020-02-09 00:17:47 INFO: Mainlight is switched off
2020-02-09 00:17:47 INFO: CO2 is switched off
2020-02-09 00:17:47 INFO: Heater is switched off
2020-02-09 00:17:52 INFO: Mainlight is switched off
2020-02-09 00:17:52 INFO: CO2 is switched off
2020-02-09 00:17:52 INFO: Heater is switched off
2020-02-09 00:17:57 INFO: Mainlight is switched off
2020-02-09 00:17:57 INFO: CO2 is switched off
2020-02-09 00:17:57 INFO: Heater is switched off
2020-02-09 00:18:02 INFO: Mainlight is switched off
2020-02-09 00:18:02 INFO: CO2 is switched off
2020-02-09 00:18:02 INFO: Heater is switched off
2020-02-09 00:18:02 INFO: Checking for new Input file.
2020-02-09 00:18:02 INFO: MYSQL Infos imported
2020-02-09 00:18:02 INFO: Inputfile updated!
2020-02-09 00:18:07 INFO: Mainlight is switched off
2020-02-09 00:18:07 INFO: CO2 is switched off
2020-02-09 00:18:07 INFO: Heater is switched off
2020-02-09 00:18:12 INFO: Mainlight is switched off
2020-02-09 00:18:12 INFO: CO2 is switched off
2020-02-09 00:18:12 INFO: Heater is switched off
2020-02-09 00:18:17 INFO: Mainlight is switched off
2020-02-09 00:18:17 INFO: CO2 is switched off
2020-02-09 00:18:17 INFO: Heater is switched off
2020-02-09 00:18:22 INFO: Mainlight is switched off
2020-02-09 00:18:22 INFO: CO2 is switched off
2020-02-09 00:18:22 INFO: Heater is switched off
2020-02-09 00:18:27 INFO: Mainlight is switched off
2020-02-09 00:18:27 INFO: CO2 is switched off
2020-02-09 00:18:27 INFO: Heater is switched off
2020-02-09 00:18:27 INFO: Checking for new Input file.
2020-02-09 00:18:32 INFO: Mainlight is switched off
2020-02-09 00:18:32 INFO: CO2 is switched off
2020-02-09 00:18:32 INFO: Heater is switched off
2020-02-09 00:18:37 INFO: Mainlight is switched off
2020-02-09 00:18:37 INFO: CO2 is switched off
2020-02-09 00:18:37 INFO: Heater is switched off
2020-02-09 00:18:42 INFO: Mainlight is switched off
2020-02-09 00:18:42 INFO: CO2 is switched off
2020-02-09 00:18:42 INFO: Heater is switched off
2020-02-09 00:18:47 INFO: Mainlight is switched off
2020-02-09 00:18:47 INFO: CO2 is switched off
2020-02-09 00:18:47 INFO: Heater is switched off
2020-02-09 00:18:52 INFO: Mainlight is switched off
2020-02-09 00:18:52 INFO: CO2 is switched off
2020-02-09 00:18:52 INFO: Heater is switched off
2020-02-09 00:18:52 INFO: Checking for new Input file.
2020-02-09 00:18:57 INFO: Mainlight is switched off
2020-02-09 00:18:57 INFO: CO2 is switched off
2020-02-09 00:18:57 INFO: Heater is switched off
2020-02-09 00:19:02 INFO: Mainlight is switched off
2020-02-09 00:19:02 INFO: CO2 is switched off
2020-02-09 00:19:02 INFO: Heater is switched off
2020-02-09 00:19:07 INFO: Mainlight is switched off
2020-02-09 00:19:07 INFO: CO2 is switched off
2020-02-09 00:19:07 INFO: Heater is switched off
2020-02-09 00:19:12 INFO: Mainlight is switched off
2020-02-09 00:19:12 INFO: CO2 is switched off
2020-02-09 00:19:12 INFO: Heater is switched off
2020-02-09 00:19:17 INFO: Mainlight is switched off
2020-02-09 00:19:17 INFO: CO2 is switched off
2020-02-09 00:19:17 INFO: Heater is switched off
2020-02-09 00:19:17 INFO: Checking for new Input file.
2020-02-09 00:19:22 INFO: Mainlight is switched off
2020-02-09 00:19:22 INFO: CO2 is switched off
2020-02-09 00:19:22 INFO: Heater is switched off
2020-02-09 00:19:27 INFO: Mainlight is switched off
2020-02-09 00:19:27 INFO: CO2 is switched off
2020-02-09 00:19:27 INFO: Heater is switched off
2020-02-09 00:19:32 INFO: Mainlight is switched off
2020-02-09 00:19:32 INFO: CO2 is switched off
2020-02-09 00:19:32 INFO: Heater is switched off
2020-02-09 00:19:37 INFO: Mainlight is switched off
2020-02-09 00:19:37 INFO: CO2 is switched off
2020-02-09 00:19:37 INFO: Heater is switched off
2020-02-09 00:19:42 INFO: Mainlight is switched off
2020-02-09 00:19:42 INFO: CO2 is switched off
2020-02-09 00:19:42 INFO: Heater is switched off
2020-02-09 00:19:42 INFO: Checking for new Input file.
2020-02-09 00:19:47 INFO: Mainlight is switched off
2020-02-09 00:19:47 INFO: CO2 is switched off
2020-02-09 00:19:47 INFO: Heater is switched off
2020-02-09 00:19:52 INFO: Mainlight is switched off
2020-02-09 00:19:52 INFO: CO2 is switched off
2020-02-09 00:19:52 INFO: Heater is switched off
2020-02-09 00:19:57 INFO: Mainlight is switched off
2020-02-09 00:19:57 INFO: CO2 is switched off
2020-02-09 00:19:57 INFO: Heater is switched off
2020-02-09 00:20:02 INFO: Mainlight is switched off
2020-02-09 00:20:02 INFO: CO2 is switched off
2020-02-09 00:20:02 INFO: Heater is switched off
2020-02-09 00:20:07 INFO: Mainlight is switched off
2020-02-09 00:20:07 INFO: CO2 is switched off
2020-02-09 00:20:07 INFO: Heater is switched off
2020-02-09 00:20:07 INFO: Checking for new Input file.
2020-02-09 00:20:12 INFO: Mainlight is switched off
2020-02-09 00:20:12 INFO: CO2 is switched off
2020-02-09 00:20:12 INFO: Heater is switched off
2020-02-09 00:20:17 INFO: Mainlight is switched off
2020-02-09 00:20:17 INFO: CO2 is switched off
2020-02-09 00:20:17 INFO: Heater is switched off
2020-02-09 00:20:22 INFO: Mainlight is switched off
2020-02-09 00:20:22 INFO: CO2 is switched off
2020-02-09 00:20:22 INFO: Heater is switched off
2020-02-09 00:20:28 INFO: Mainlight is switched off
2020-02-09 00:20:28 INFO: CO2 is switched off
2020-02-09 00:20:28 INFO: Heater is switched off
2020-02-09 00:20:33 INFO: Mainlight is switched off
2020-02-09 00:20:33 INFO: CO2 is switched off
2020-02-09 00:20:33 INFO: Heater is switched off
2020-02-09 00:20:33 INFO: Checking for new Input file.
2020-02-09 00:20:38 INFO: Mainlight is switched off
2020-02-09 00:20:38 INFO: CO2 is switched off
2020-02-09 00:20:38 INFO: Heater is switched off
2020-02-09 00:20:43 INFO: Mainlight is switched off
2020-02-09 00:20:43 INFO: CO2 is switched off
2020-02-09 00:20:43 INFO: Heater is switched off
2020-02-09 00:20:48 INFO: Mainlight is switched off
2020-02-09 00:20:48 INFO: CO2 is switched off
2020-02-09 00:20:48 INFO: Heater is switched off
2020-02-09 00:20:53 INFO: Mainlight is switched off
2020-02-09 00:20:53 INFO: CO2 is switched off
2020-02-09 00:20:53 INFO: Heater is switched off
2020-02-09 00:20:58 INFO: Mainlight is switched off
2020-02-09 00:20:58 INFO: CO2 is switched off
2020-02-09 00:20:58 INFO: Heater is switched off
2020-02-09 00:20:58 INFO: Checking for new Input file.
2020-02-09 00:21:03 INFO: Mainlight is switched off
2020-02-09 00:21:03 INFO: CO2 is switched off
2020-02-09 00:21:03 INFO: Heater is switched off
2020-02-09 00:21:08 INFO: Mainlight is switched off
2020-02-09 00:21:08 INFO: CO2 is switched off
2020-02-09 00:21:08 INFO: Heater is switched off
2020-02-09 00:21:13 INFO: Mainlight is switched off
2020-02-09 00:21:13 INFO: CO2 is switched off
2020-02-09 00:21:13 INFO: Heater is switched off
2020-02-09 00:21:18 INFO: Mainlight is switched off
2020-02-09 00:21:18 INFO: CO2 is switched off
2020-02-09 00:21:18 INFO: Heater is switched off
2020-02-09 00:21:23 INFO: Mainlight is switched off
2020-02-09 00:21:23 INFO: CO2 is switched off
2020-02-09 00:21:23 INFO: Heater is switched off
2020-02-09 00:21:23 INFO: Checking for new Input file.
2020-02-09 00:21:28 INFO: Mainlight is switched off
2020-02-09 00:21:28 INFO: CO2 is switched off
2020-02-09 00:21:28 INFO: Heater is switched off
2020-02-09 00:21:33 INFO: Mainlight is switched off
2020-02-09 00:21:33 INFO: CO2 is switched off
2020-02-09 00:21:33 INFO: Heater is switched off
2020-02-09 00:21:38 INFO: Mainlight is switched off
2020-02-09 00:21:38 INFO: CO2 is switched off
2020-02-09 00:21:38 INFO: Heater is switched off
2020-02-09 00:21:43 INFO: Mainlight is switched off
2020-02-09 00:21:43 INFO: CO2 is switched off
2020-02-09 00:21:43 INFO: Heater is switched off
2020-02-09 00:21:48 INFO: Mainlight is switched off
2020-02-09 00:21:48 INFO: CO2 is switched off
2020-02-09 00:21:48 INFO: Heater is switched off
2020-02-09 00:21:48 INFO: Checking for new Input file.
2020-02-09 00:21:53 INFO: Mainlight is switched off
2020-02-09 00:21:53 INFO: CO2 is switched off
2020-02-09 00:21:53 INFO: Heater is switched off
2020-02-09 00:21:58 INFO: Mainlight is switched off
2020-02-09 00:21:58 INFO: CO2 is switched off
2020-02-09 00:21:58 INFO: Heater is switched off
2020-02-09 00:22:03 INFO: Mainlight is switched off
2020-02-09 00:22:03 INFO: CO2 is switched off
2020-02-09 00:22:03 INFO: Heater is switched off
2020-02-09 00:22:08 INFO: Mainlight is switched off
2020-02-09 00:22:08 INFO: CO2 is switched off
2020-02-09 00:22:08 INFO: Heater is switched off
2020-02-09 00:22:13 INFO: Mainlight is switched off
2020-02-09 00:22:13 INFO: CO2 is switched off
2020-02-09 00:22:13 INFO: Heater is switched off
2020-02-09 00:22:13 INFO: Checking for new Input file.
2020-02-09 00:22:18 INFO: Mainlight is switched off
2020-02-09 00:22:18 INFO: CO2 is switched off
2020-02-09 00:22:18 INFO: Heater is switched off
2020-02-09 00:22:23 INFO: Mainlight is switched off
2020-02-09 00:22:23 INFO: CO2 is switched off
2020-02-09 00:22:23 INFO: Heater is switched off
2020-02-09 00:22:28 INFO: Mainlight is switched off
2020-02-09 00:22:28 INFO: CO2 is switched off
2020-02-09 00:22:28 INFO: Heater is switched off
2020-02-09 00:22:33 INFO: Mainlight is switched off
2020-02-09 00:22:33 INFO: CO2 is switched off
2020-02-09 00:22:33 INFO: Heater is switched off
2020-02-09 00:22:38 INFO: Mainlight is switched off
2020-02-09 00:22:38 INFO: CO2 is switched off
2020-02-09 00:22:38 INFO: Heater is switched off
2020-02-09 00:22:38 INFO: Checking for new Input file.
2020-02-09 00:22:43 INFO: Mainlight is switched off
2020-02-09 00:22:43 INFO: CO2 is switched off
2020-02-09 00:22:43 INFO: Heater is switched off
2020-02-09 00:22:48 INFO: Mainlight is switched off
2020-02-09 00:22:48 INFO: CO2 is switched off
2020-02-09 00:22:48 INFO: Heater is switched off
2020-02-09 00:22:53 INFO: Mainlight is switched off
2020-02-09 00:22:53 INFO: CO2 is switched off
2020-02-09 00:22:53 INFO: Heater is switched off
2020-02-09 00:22:58 INFO: Mainlight is switched off
2020-02-09 00:22:58 INFO: CO2 is switched off
2020-02-09 00:22:58 INFO: Heater is switched off
2020-02-09 00:23:03 INFO: Mainlight is switched off
2020-02-09 00:23:03 INFO: CO2 is switched off
2020-02-09 00:23:03 INFO: Heater is switched off
2020-02-09 00:23:03 INFO: Checking for new Input file.
2020-02-09 00:23:08 INFO: Mainlight is switched off
2020-02-09 00:23:08 INFO: CO2 is switched off
2020-02-09 00:23:08 INFO: Heater is switched off
2020-02-09 00:23:13 INFO: Mainlight is switched off
2020-02-09 00:23:13 INFO: CO2 is switched off
2020-02-09 00:23:13 INFO: Heater is switched off
2020-02-09 00:23:18 INFO: Mainlight is switched off
2020-02-09 00:23:18 INFO: CO2 is switched off
2020-02-09 00:23:18 INFO: Heater is switched off
2020-02-09 00:23:23 INFO: Mainlight is switched off
2020-02-09 00:23:23 INFO: CO2 is switched off
2020-02-09 00:23:23 INFO: Heater is switched off
2020-02-09 00:23:28 INFO: Mainlight is switched off
2020-02-09 00:23:28 INFO: CO2 is switched off
2020-02-09 00:23:28 INFO: Heater is switched off
2020-02-09 00:23:28 INFO: Checking for new Input file.
2020-02-09 00:23:34 INFO: Mainlight is switched off
2020-02-09 00:23:34 INFO: CO2 is switched off
2020-02-09 00:23:34 INFO: Heater is switched off
2020-02-09 00:23:39 INFO: Mainlight is switched off
2020-02-09 00:23:39 INFO: CO2 is switched off
2020-02-09 00:23:39 INFO: Heater is switched off
2020-02-09 00:23:44 INFO: Mainlight is switched off
2020-02-09 00:23:44 INFO: CO2 is switched off
2020-02-09 00:23:44 INFO: Heater is switched off
2020-02-09 00:23:49 INFO: Mainlight is switched off
2020-02-09 00:23:49 INFO: CO2 is switched off
2020-02-09 00:23:49 INFO: Heater is switched off
2020-02-09 00:23:54 INFO: Mainlight is switched off
2020-02-09 00:23:54 INFO: CO2 is switched off
2020-02-09 00:23:54 INFO: Heater is switched off
2020-02-09 00:23:54 INFO: Checking for new Input file.
2020-02-09 00:23:59 INFO: Mainlight is switched off
2020-02-09 00:23:59 INFO: CO2 is switched off
2020-02-09 00:23:59 INFO: Heater is switched off
2020-02-09 00:24:04 INFO: Mainlight is switched off
2020-02-09 00:24:04 INFO: CO2 is switched off
2020-02-09 00:24:04 INFO: Heater is switched off
2020-02-09 00:24:09 INFO: Mainlight is switched off
2020-02-09 00:24:09 INFO: CO2 is switched off
2020-02-09 00:24:09 INFO: Heater is switched off
2020-02-09 00:24:14 INFO: Mainlight is switched off
2020-02-09 00:24:14 INFO: CO2 is switched off
2020-02-09 00:24:14 INFO: Heater is switched off
2020-02-09 00:24:19 INFO: Mainlight is switched off
2020-02-09 00:24:19 INFO: CO2 is switched off
2020-02-09 00:24:19 INFO: Heater is switched off
2020-02-09 00:24:19 INFO: Checking for new Input file.
2020-02-09 00:24:24 INFO: Mainlight is switched off
2020-02-09 00:24:24 INFO: CO2 is switched off
2020-02-09 00:24:24 INFO: Heater is switched off
2020-02-09 00:24:29 INFO: Mainlight is switched off
2020-02-09 00:24:29 INFO: CO2 is switched off
2020-02-09 00:24:29 INFO: Heater is switched off
2020-02-09 00:24:34 INFO: Mainlight is switched off
2020-02-09 00:24:34 INFO: CO2 is switched off
2020-02-09 00:24:34 INFO: Heater is switched off
2020-02-09 00:24:39 INFO: Mainlight is switched off
2020-02-09 00:24:39 INFO: CO2 is switched off
2020-02-09 00:24:39 INFO: Heater is switched off
2020-02-09 00:24:44 INFO: Mainlight is switched off
2020-02-09 00:24:44 INFO: CO2 is switched off
2020-02-09 00:24:44 INFO: Heater is switched off
2020-02-09 00:24:44 INFO: Checking for new Input file.
2020-02-09 00:24:49 INFO: Mainlight is switched off
2020-02-09 00:24:49 INFO: CO2 is switched off
2020-02-09 00:24:49 INFO: Heater is switched off
2020-02-09 00:24:54 INFO: Mainlight is switched off
2020-02-09 00:24:54 INFO: CO2 is switched off
2020-02-09 00:24:54 INFO: Heater is switched off
2020-02-09 00:24:59 INFO: Mainlight is switched off
2020-02-09 00:24:59 INFO: CO2 is switched off
2020-02-09 00:24:59 INFO: Heater is switched off
2020-02-09 00:25:04 INFO: Mainlight is switched off
2020-02-09 00:25:04 INFO: CO2 is switched off
2020-02-09 00:25:04 INFO: Heater is switched off
2020-02-09 00:25:09 INFO: Mainlight is switched off
2020-02-09 00:25:09 INFO: CO2 is switched off
2020-02-09 00:25:09 INFO: Heater is switched off
2020-02-09 00:25:09 INFO: Checking for new Input file.
2020-02-09 00:25:14 INFO: Mainlight is switched off
2020-02-09 00:25:14 INFO: CO2 is switched off
2020-02-09 00:25:14 INFO: Heater is switched off
2020-02-09 00:25:19 INFO: Mainlight is switched off
2020-02-09 00:25:19 INFO: CO2 is switched off
2020-02-09 00:25:19 INFO: Heater is switched off
2020-02-09 00:25:24 INFO: Mainlight is switched off
2020-02-09 00:25:24 INFO: CO2 is switched off
2020-02-09 00:25:24 INFO: Heater is switched off
2020-02-09 00:25:29 INFO: Mainlight is switched off
2020-02-09 00:25:29 INFO: CO2 is switched off
2020-02-09 00:25:29 INFO: Heater is switched off
2020-02-09 00:25:34 INFO: Mainlight is switched off
2020-02-09 00:25:34 INFO: CO2 is switched off
2020-02-09 00:25:34 INFO: Heater is switched off
2020-02-09 00:25:34 INFO: Checking for new Input file.
2020-02-09 00:25:39 INFO: Mainlight is switched off
2020-02-09 00:25:39 INFO: CO2 is switched off
2020-02-09 00:25:39 INFO: Heater is switched off
2020-02-09 00:25:44 INFO: Mainlight is switched off
2020-02-09 00:25:44 INFO: CO2 is switched off
2020-02-09 00:25:44 INFO: Heater is switched off
2020-02-09 00:25:49 INFO: Mainlight is switched off
2020-02-09 00:25:49 INFO: CO2 is switched off
2020-02-09 00:25:49 INFO: Heater is switched off
2020-02-09 00:25:54 INFO: Mainlight is switched off
2020-02-09 00:25:54 INFO: CO2 is switched off
2020-02-09 00:25:54 INFO: Heater is switched off
2020-02-09 00:25:59 INFO: Mainlight is switched off
2020-02-09 00:25:59 INFO: CO2 is switched off
2020-02-09 00:25:59 INFO: Heater is switched off
2020-02-09 00:25:59 INFO: Checking for new Input file.
2020-02-09 00:26:04 INFO: Mainlight is switched off
2020-02-09 00:26:04 INFO: CO2 is switched off
2020-02-09 00:26:04 INFO: Heater is switched off
2020-02-09 00:26:09 INFO: Mainlight is switched off
2020-02-09 00:26:09 INFO: CO2 is switched off
2020-02-09 00:26:09 INFO: Heater is switched off
2020-02-09 00:26:14 INFO: Mainlight is switched off
2020-02-09 00:26:14 INFO: CO2 is switched off
2020-02-09 00:26:14 INFO: Heater is switched off
2020-02-09 00:26:19 INFO: Mainlight is switched off
2020-02-09 00:26:19 INFO: CO2 is switched off
2020-02-09 00:26:19 INFO: Heater is switched off
2020-02-09 00:26:24 INFO: Mainlight is switched off
2020-02-09 00:26:24 INFO: CO2 is switched off
2020-02-09 00:26:24 INFO: Heater is switched off
2020-02-09 00:26:25 INFO: Checking for new Input file.
2020-02-09 00:26:30 INFO: Mainlight is switched off
2020-02-09 00:26:30 INFO: CO2 is switched off
2020-02-09 00:26:30 INFO: Heater is switched off
2020-02-09 00:26:35 INFO: Mainlight is switched off
2020-02-09 00:26:35 INFO: CO2 is switched off
2020-02-09 00:26:35 INFO: Heater is switched off
2020-02-09 00:26:40 INFO: Mainlight is switched off
2020-02-09 00:26:40 INFO: CO2 is switched off
2020-02-09 00:26:40 INFO: Heater is switched off
2020-02-09 00:26:45 INFO: Mainlight is switched off
2020-02-09 00:26:45 INFO: CO2 is switched off
2020-02-09 00:26:45 INFO: Heater is switched off
2020-02-09 00:26:50 INFO: Mainlight is switched off
2020-02-09 00:26:50 INFO: CO2 is switched off
2020-02-09 00:26:50 INFO: Heater is switched off
2020-02-09 00:26:50 INFO: Checking for new Input file.
2020-02-09 00:26:55 INFO: Mainlight is switched off
2020-02-09 00:26:55 INFO: CO2 is switched off
2020-02-09 00:26:55 INFO: Heater is switched off
2020-02-09 00:27:00 INFO: Mainlight is switched off
2020-02-09 00:27:00 INFO: CO2 is switched off
2020-02-09 00:27:00 INFO: Heater is switched off
2020-02-09 00:27:05 INFO: Mainlight is switched off
2020-02-09 00:27:05 INFO: CO2 is switched off
2020-02-09 00:27:05 INFO: Heater is switched off
2020-02-09 00:27:10 INFO: Mainlight is switched off
2020-02-09 00:27:10 INFO: CO2 is switched off
2020-02-09 00:27:10 INFO: Heater is switched off
2020-02-09 00:27:15 INFO: Mainlight is switched off
2020-02-09 00:27:15 INFO: CO2 is switched off
2020-02-09 00:27:15 INFO: Heater is switched off
2020-02-09 00:27:15 INFO: Checking for new Input file.
2020-02-09 00:27:20 INFO: Mainlight is switched off
2020-02-09 00:27:20 INFO: CO2 is switched off
2020-02-09 00:27:20 INFO: Heater is switched off
2020-02-09 00:27:25 INFO: Mainlight is switched off
2020-02-09 00:27:25 INFO: CO2 is switched off
2020-02-09 00:27:25 INFO: Heater is switched off
2020-02-09 00:27:30 INFO: Mainlight is switched off
2020-02-09 00:27:30 INFO: CO2 is switched off
2020-02-09 00:27:30 INFO: Heater is switched off
2020-02-09 00:27:35 INFO: Mainlight is switched off
2020-02-09 00:27:35 INFO: CO2 is switched off
2020-02-09 00:27:35 INFO: Heater is switched off
2020-02-09 00:27:40 INFO: Mainlight is switched off
2020-02-09 00:27:40 INFO: CO2 is switched off
2020-02-09 00:27:40 INFO: Heater is switched off
2020-02-09 00:27:40 INFO: Checking for new Input file.
2020-02-09 00:27:45 INFO: Mainlight is switched off
2020-02-09 00:27:45 INFO: CO2 is switched off
2020-02-09 00:27:45 INFO: Heater is switched off
2020-02-09 00:27:50 INFO: Mainlight is switched off
2020-02-09 00:27:50 INFO: CO2 is switched off
2020-02-09 00:27:50 INFO: Heater is switched off
2020-02-09 00:27:55 INFO: Mainlight is switched off
2020-02-09 00:27:55 INFO: CO2 is switched off
2020-02-09 00:27:55 INFO: Heater is switched off
2020-02-09 00:28:00 INFO: Mainlight is switched off
2020-02-09 00:28:00 INFO: CO2 is switched off
2020-02-09 00:28:00 INFO: Heater is switched off
2020-02-09 00:28:05 INFO: Mainlight is switched off
2020-02-09 00:28:05 INFO: CO2 is switched off
2020-02-09 00:28:05 INFO: Heater is switched off
2020-02-09 00:28:05 INFO: Checking for new Input file.
2020-02-09 00:28:10 INFO: Mainlight is switched off
2020-02-09 00:28:10 INFO: CO2 is switched off
2020-02-09 00:28:10 INFO: Heater is switched off
2020-02-09 00:28:15 INFO: Mainlight is switched off
2020-02-09 00:28:15 INFO: CO2 is switched off
2020-02-09 00:28:15 INFO: Heater is switched off
2020-02-09 00:28:20 INFO: Mainlight is switched off
2020-02-09 00:28:20 INFO: CO2 is switched off
2020-02-09 00:28:20 INFO: Heater is switched off
2020-02-09 00:28:25 INFO: Mainlight is switched off
2020-02-09 00:28:25 INFO: CO2 is switched off
2020-02-09 00:28:25 INFO: Heater is switched off
2020-02-09 00:28:30 INFO: Mainlight is switched off
2020-02-09 00:28:30 INFO: CO2 is switched off
2020-02-09 00:28:30 INFO: Heater is switched off
2020-02-09 00:28:30 INFO: Checking for new Input file.
2020-02-09 00:28:35 INFO: Mainlight is switched off
2020-02-09 00:28:35 INFO: CO2 is switched off
2020-02-09 00:28:35 INFO: Heater is switched off
2020-02-09 00:28:40 INFO: Mainlight is switched off
2020-02-09 00:28:40 INFO: CO2 is switched off
2020-02-09 00:28:40 INFO: Heater is switched off
2020-02-09 00:28:45 INFO: Mainlight is switched off
2020-02-09 00:28:45 INFO: CO2 is switched off
2020-02-09 00:28:45 INFO: Heater is switched off
2020-02-09 00:28:50 INFO: Mainlight is switched off
2020-02-09 00:28:50 INFO: CO2 is switched off
2020-02-09 00:28:50 INFO: Heater is switched off
2020-02-09 00:28:56 INFO: Mainlight is switched off
2020-02-09 00:28:56 INFO: CO2 is switched off
2020-02-09 00:28:56 INFO: Heater is switched off
2020-02-09 00:28:56 INFO: Checking for new Input file.
2020-02-09 00:29:01 INFO: Mainlight is switched off
2020-02-09 00:29:01 INFO: CO2 is switched off
2020-02-09 00:29:01 INFO: Heater is switched off
2020-02-09 00:29:06 INFO: Mainlight is switched off
2020-02-09 00:29:06 INFO: CO2 is switched off
2020-02-09 00:29:06 INFO: Heater is switched off
2020-02-09 00:29:11 INFO: Mainlight is switched off
2020-02-09 00:29:11 INFO: CO2 is switched off
2020-02-09 00:29:11 INFO: Heater is switched off
2020-02-09 00:29:16 INFO: Mainlight is switched off
2020-02-09 00:29:16 INFO: CO2 is switched off
2020-02-09 00:29:16 INFO: Heater is switched off
2020-02-09 00:29:21 INFO: Mainlight is switched off
2020-02-09 00:29:21 INFO: CO2 is switched off
2020-02-09 00:29:21 INFO: Heater is switched off
2020-02-09 00:29:21 INFO: Checking for new Input file.
2020-02-09 00:29:26 INFO: Mainlight is switched off
2020-02-09 00:29:26 INFO: CO2 is switched off
2020-02-09 00:29:26 INFO: Heater is switched off
2020-02-09 00:29:31 INFO: Mainlight is switched off
2020-02-09 00:29:31 INFO: CO2 is switched off
2020-02-09 00:29:31 INFO: Heater is switched off
2020-02-09 00:29:36 INFO: Mainlight is switched off
2020-02-09 00:29:36 INFO: CO2 is switched off
2020-02-09 00:29:36 INFO: Heater is switched off
2020-02-09 00:29:41 INFO: Mainlight is switched off
2020-02-09 00:29:41 INFO: CO2 is switched off
2020-02-09 00:29:41 INFO: Heater is switched off
2020-02-09 00:29:46 INFO: Mainlight is switched off
2020-02-09 00:29:46 INFO: CO2 is switched off
2020-02-09 00:29:46 INFO: Heater is switched off
2020-02-09 00:29:46 INFO: Checking for new Input file.
2020-02-09 00:29:51 INFO: Mainlight is switched off
2020-02-09 00:29:51 INFO: CO2 is switched off
2020-02-09 00:29:51 INFO: Heater is switched off
2020-02-09 00:29:56 INFO: Mainlight is switched off
2020-02-09 00:29:56 INFO: CO2 is switched off
2020-02-09 00:29:56 INFO: Heater is switched off
2020-02-09 00:30:01 INFO: Mainlight is switched off
2020-02-09 00:30:01 INFO: CO2 is switched off
2020-02-09 00:30:01 INFO: Heater is switched off
2020-02-09 00:30:06 INFO: Mainlight is switched off
2020-02-09 00:30:06 INFO: CO2 is switched off
2020-02-09 00:30:06 INFO: Heater is switched off
2020-02-09 00:30:11 INFO: Mainlight is switched off
2020-02-09 00:30:11 INFO: CO2 is switched off
2020-02-09 00:30:11 INFO: Heater is switched off
2020-02-09 00:30:11 INFO: Checking for new Input file.
2020-02-09 00:30:16 INFO: Mainlight is switched off
2020-02-09 00:30:16 INFO: CO2 is switched off
2020-02-09 00:30:16 INFO: Heater is switched off
2020-02-09 00:30:21 INFO: Mainlight is switched off
2020-02-09 00:30:21 INFO: CO2 is switched off
2020-02-09 00:30:21 INFO: Heater is switched off
2020-02-09 00:30:26 INFO: Mainlight is switched off
2020-02-09 00:30:26 INFO: CO2 is switched off
2020-02-09 00:30:26 INFO: Heater is switched off
2020-02-09 00:30:31 INFO: Mainlight is switched off
2020-02-09 00:30:31 INFO: CO2 is switched off
2020-02-09 00:30:31 INFO: Heater is switched off
2020-02-09 00:30:36 INFO: Mainlight is switched off
2020-02-09 00:30:36 INFO: CO2 is switched off
2020-02-09 00:30:36 INFO: Heater is switched off
2020-02-09 00:30:36 INFO: Checking for new Input file.
2020-02-09 00:30:41 INFO: Mainlight is switched off
2020-02-09 00:30:41 INFO: CO2 is switched off
2020-02-09 00:30:41 INFO: Heater is switched off
2020-02-09 00:30:46 INFO: Mainlight is switched off
2020-02-09 00:30:46 INFO: CO2 is switched off
2020-02-09 00:30:46 INFO: Heater is switched off
2020-02-09 00:30:51 INFO: Mainlight is switched off
2020-02-09 00:30:51 INFO: CO2 is switched off
2020-02-09 00:30:51 INFO: Heater is switched off
2020-02-09 00:30:56 INFO: Mainlight is switched off
2020-02-09 00:30:56 INFO: CO2 is switched off
2020-02-09 00:30:56 INFO: Heater is switched off
2020-02-09 00:31:01 INFO: Mainlight is switched off
2020-02-09 00:31:01 INFO: CO2 is switched off
2020-02-09 00:31:01 INFO: Heater is switched off
2020-02-09 00:31:01 INFO: Checking for new Input file.
2020-02-09 00:31:06 INFO: Mainlight is switched off
2020-02-09 00:31:06 INFO: CO2 is switched off
2020-02-09 00:31:06 INFO: Heater is switched off
2020-02-09 00:31:11 INFO: Mainlight is switched off
2020-02-09 00:31:11 INFO: CO2 is switched off
2020-02-09 00:31:11 INFO: Heater is switched off
2020-02-09 00:31:16 INFO: Mainlight is switched off
2020-02-09 00:31:16 INFO: CO2 is switched off
2020-02-09 00:31:16 INFO: Heater is switched off
2020-02-09 00:31:22 INFO: Mainlight is switched off
2020-02-09 00:31:22 INFO: CO2 is switched off
2020-02-09 00:31:22 INFO: Heater is switched off
2020-02-09 00:31:27 INFO: Mainlight is switched off
2020-02-09 00:31:27 INFO: CO2 is switched off
2020-02-09 00:31:27 INFO: Heater is switched off
2020-02-09 00:31:27 INFO: Checking for new Input file.
2020-02-09 00:31:32 INFO: Mainlight is switched off
2020-02-09 00:31:32 INFO: CO2 is switched off
2020-02-09 00:31:32 INFO: Heater is switched off
2020-02-09 00:31:37 INFO: Mainlight is switched off
2020-02-09 00:31:37 INFO: CO2 is switched off
2020-02-09 00:31:37 INFO: Heater is switched off
2020-02-09 00:31:42 INFO: Mainlight is switched off
2020-02-09 00:31:42 INFO: CO2 is switched off
2020-02-09 00:31:42 INFO: Heater is switched off
2020-02-09 00:31:47 INFO: Mainlight is switched off
2020-02-09 00:31:47 INFO: CO2 is switched off
2020-02-09 00:31:47 INFO: Heater is switched off
2020-02-09 00:31:52 INFO: Mainlight is switched off
2020-02-09 00:31:52 INFO: CO2 is switched off
2020-02-09 00:31:52 INFO: Heater is switched off
2020-02-09 00:31:52 INFO: Checking for new Input file.
2020-02-09 00:31:57 INFO: Mainlight is switched off
2020-02-09 00:31:57 INFO: CO2 is switched off
2020-02-09 00:31:57 INFO: Heater is switched off
2020-02-09 00:32:02 INFO: Mainlight is switched off
2020-02-09 00:32:02 INFO: CO2 is switched off
2020-02-09 00:32:02 INFO: Heater is switched off
2020-02-09 00:32:07 INFO: Mainlight is switched off
2020-02-09 00:32:07 INFO: CO2 is switched off
2020-02-09 00:32:07 INFO: Heater is switched off
2020-02-09 00:32:12 INFO: Mainlight is switched off
2020-02-09 00:32:12 INFO: CO2 is switched off
2020-02-09 00:32:12 INFO: Heater is switched off
2020-02-09 00:32:17 INFO: Mainlight is switched off
2020-02-09 00:32:17 INFO: CO2 is switched off
2020-02-09 00:32:17 INFO: Heater is switched off
2020-02-09 00:32:17 INFO: Checking for new Input file.
2020-02-09 00:32:22 INFO: Mainlight is switched off
2020-02-09 00:32:22 INFO: CO2 is switched off
2020-02-09 00:32:22 INFO: Heater is switched off
2020-02-09 00:32:27 INFO: Mainlight is switched off
2020-02-09 00:32:27 INFO: CO2 is switched off
2020-02-09 00:32:27 INFO: Heater is switched off
2020-02-09 00:32:32 INFO: Mainlight is switched off
2020-02-09 00:32:32 INFO: CO2 is switched off
2020-02-09 00:32:32 INFO: Heater is switched off
2020-02-09 00:32:37 INFO: Mainlight is switched off
2020-02-09 00:32:37 INFO: CO2 is switched off
2020-02-09 00:32:37 INFO: Heater is switched off
2020-02-09 00:32:42 INFO: Mainlight is switched off
2020-02-09 00:32:42 INFO: CO2 is switched off
2020-02-09 00:32:42 INFO: Heater is switched off
2020-02-09 00:32:42 INFO: MYSQL: Values are written to MYSQL Database
2020-02-09 00:32:42 INFO: Checking for new Input file.
2020-02-09 00:32:47 INFO: Mainlight is switched off
2020-02-09 00:32:47 INFO: CO2 is switched off
2020-02-09 00:32:47 INFO: Heater is switched off
2020-02-09 00:32:52 INFO: Mainlight is switched off
2020-02-09 00:32:52 INFO: CO2 is switched off
2020-02-09 00:32:52 INFO: Heater is switched off
2020-02-09 00:32:57 INFO: Mainlight is switched off
2020-02-09 00:32:57 INFO: CO2 is switched off
2020-02-09 00:32:57 INFO: Heater is switched off
2020-02-09 00:33:03 INFO: Mainlight is switched off
2020-02-09 00:33:03 INFO: CO2 is switched off
2020-02-09 00:33:03 INFO: Heater is switched off
2020-02-09 00:33:08 INFO: Mainlight is switched off
2020-02-09 00:33:08 INFO: CO2 is switched off
2020-02-09 00:33:08 INFO: Heater is switched off
2020-02-09 00:33:08 INFO: Checking for new Input file.
2020-02-09 00:33:13 INFO: Mainlight is switched off
2020-02-09 00:33:13 INFO: CO2 is switched off
2020-02-09 00:33:13 INFO: Heater is switched off
2020-02-09 00:33:18 INFO: Mainlight is switched off
2020-02-09 00:33:18 INFO: CO2 is switched off
2020-02-09 00:33:18 INFO: Heater is switched off
2020-02-09 00:33:23 INFO: Mainlight is switched off
2020-02-09 00:33:23 INFO: CO2 is switched off
2020-02-09 00:33:23 INFO: Heater is switched off
2020-02-09 00:33:28 INFO: Mainlight is switched off
2020-02-09 00:33:28 INFO: CO2 is switched off
2020-02-09 00:33:28 INFO: Heater is switched off
2020-02-09 00:33:33 INFO: Mainlight is switched off
2020-02-09 00:33:33 INFO: CO2 is switched off
2020-02-09 00:33:33 INFO: Heater is switched off
2020-02-09 00:33:33 INFO: Checking for new Input file.
2020-02-09 00:33:38 INFO: Mainlight is switched off
2020-02-09 00:33:38 INFO: CO2 is switched off
2020-02-09 00:33:38 INFO: Heater is switched off
2020-02-09 00:33:43 INFO: Mainlight is switched off
2020-02-09 00:33:43 INFO: CO2 is switched off
2020-02-09 00:33:43 INFO: Heater is switched off
2020-02-09 00:33:48 INFO: Mainlight is switched off
2020-02-09 00:33:48 INFO: CO2 is switched off
2020-02-09 00:33:48 INFO: Heater is switched off
2020-02-09 00:33:53 INFO: Mainlight is switched off
2020-02-09 00:33:53 INFO: CO2 is switched off
2020-02-09 00:33:53 INFO: Heater is switched off
2020-02-09 00:33:58 INFO: Mainlight is switched off
2020-02-09 00:33:58 INFO: CO2 is switched off
2020-02-09 00:33:58 INFO: Heater is switched off
2020-02-09 00:33:58 INFO: Checking for new Input file.
2020-02-09 00:34:03 INFO: Mainlight is switched off
2020-02-09 00:34:03 INFO: CO2 is switched off
2020-02-09 00:34:03 INFO: Heater is switched off
2020-02-09 00:34:08 INFO: Mainlight is switched off
2020-02-09 00:34:08 INFO: CO2 is switched off
2020-02-09 00:34:08 INFO: Heater is switched off
2020-02-09 00:34:13 INFO: Mainlight is switched off
2020-02-09 00:34:13 INFO: CO2 is switched off
2020-02-09 00:34:13 INFO: Heater is switched off
2020-02-09 00:34:18 INFO: Mainlight is switched off
2020-02-09 00:34:18 INFO: CO2 is switched off
2020-02-09 00:34:18 INFO: Heater is switched off
2020-02-09 00:34:23 INFO: Mainlight is switched off
2020-02-09 00:34:23 INFO: CO2 is switched off
2020-02-09 00:34:23 INFO: Heater is switched off
2020-02-09 00:34:23 INFO: Checking for new Input file.
2020-02-09 00:34:28 INFO: Mainlight is switched off
2020-02-09 00:34:28 INFO: CO2 is switched off
2020-02-09 00:34:28 INFO: Heater is switched off
2020-02-09 00:34:33 INFO: Mainlight is switched off
2020-02-09 00:34:33 INFO: CO2 is switched off
2020-02-09 00:34:33 INFO: Heater is switched off
2020-02-09 00:34:38 INFO: Mainlight is switched off
2020-02-09 00:34:38 INFO: CO2 is switched off
2020-02-09 00:34:38 INFO: Heater is switched off
2020-02-09 00:34:43 INFO: Mainlight is switched off
2020-02-09 00:34:43 INFO: CO2 is switched off
2020-02-09 00:34:43 INFO: Heater is switched off
2020-02-09 00:34:48 INFO: Mainlight is switched off
2020-02-09 00:34:48 INFO: CO2 is switched off
2020-02-09 00:34:48 INFO: Heater is switched off
2020-02-09 00:34:48 INFO: Checking for new Input file.
2020-02-09 00:34:53 INFO: Mainlight is switched off
2020-02-09 00:34:53 INFO: CO2 is switched off
2020-02-09 00:34:53 INFO: Heater is switched off
2020-02-09 00:34:58 INFO: Mainlight is switched off
2020-02-09 00:34:58 INFO: CO2 is switched off
2020-02-09 00:34:58 INFO: Heater is switched off
2020-02-09 00:35:03 INFO: Mainlight is switched off
2020-02-09 00:35:03 INFO: CO2 is switched off
2020-02-09 00:35:03 INFO: Heater is switched off
2020-02-09 00:35:08 INFO: Mainlight is switched off
2020-02-09 00:35:08 INFO: CO2 is switched off
2020-02-09 00:35:08 INFO: Heater is switched off
2020-02-09 00:35:14 INFO: Mainlight is switched off
2020-02-09 00:35:14 INFO: CO2 is switched off
2020-02-09 00:35:14 INFO: Heater is switched off
2020-02-09 00:35:14 INFO: Checking for new Input file.
2020-02-09 00:35:19 INFO: Mainlight is switched off
2020-02-09 00:35:19 INFO: CO2 is switched off
2020-02-09 00:35:19 INFO: Heater is switched off
2020-02-09 00:35:24 INFO: Mainlight is switched off
2020-02-09 00:35:24 INFO: CO2 is switched off
2020-02-09 00:35:24 INFO: Heater is switched off
2020-02-09 00:35:29 INFO: Mainlight is switched off
2020-02-09 00:35:29 INFO: CO2 is switched off
2020-02-09 00:35:29 INFO: Heater is switched off
2020-02-09 00:35:34 INFO: Mainlight is switched off
2020-02-09 00:35:34 INFO: CO2 is switched off
2020-02-09 00:35:34 INFO: Heater is switched off
2020-02-09 00:35:39 INFO: Mainlight is switched off
2020-02-09 00:35:39 INFO: CO2 is switched off
2020-02-09 00:35:39 INFO: Heater is switched off
2020-02-09 00:35:39 INFO: Checking for new Input file.
2020-02-09 00:35:44 INFO: Mainlight is switched off
2020-02-09 00:35:44 INFO: CO2 is switched off
2020-02-09 00:35:44 INFO: Heater is switched off
2020-02-09 00:35:49 INFO: Mainlight is switched off
2020-02-09 00:35:49 INFO: CO2 is switched off
2020-02-09 00:35:49 INFO: Heater is switched off
2020-02-09 00:35:54 INFO: Mainlight is switched off
2020-02-09 00:35:54 INFO: CO2 is switched off
2020-02-09 00:35:54 INFO: Heater is switched off
2020-02-09 00:35:59 INFO: Mainlight is switched off
2020-02-09 00:35:59 INFO: CO2 is switched off
2020-02-09 00:35:59 INFO: Heater is switched off
2020-02-09 00:36:04 INFO: Mainlight is switched off
2020-02-09 00:36:04 INFO: CO2 is switched off
2020-02-09 00:36:04 INFO: Heater is switched off
2020-02-09 00:36:04 INFO: Checking for new Input file.
2020-02-09 00:36:09 INFO: Mainlight is switched off
2020-02-09 00:36:09 INFO: CO2 is switched off
2020-02-09 00:36:09 INFO: Heater is switched off
2020-02-09 00:36:14 INFO: Mainlight is switched off
2020-02-09 00:36:14 INFO: CO2 is switched off
2020-02-09 00:36:14 INFO: Heater is switched off
2020-02-09 00:36:19 INFO: Mainlight is switched off
2020-02-09 00:36:19 INFO: CO2 is switched off
2020-02-09 00:36:19 INFO: Heater is switched off
2020-02-09 00:36:24 INFO: Mainlight is switched off
2020-02-09 00:36:24 INFO: CO2 is switched off
2020-02-09 00:36:24 INFO: Heater is switched off
2020-02-09 00:36:29 INFO: Mainlight is switched off
2020-02-09 00:36:29 INFO: CO2 is switched off
2020-02-09 00:36:29 INFO: Heater is switched off
2020-02-09 00:36:29 INFO: Checking for new Input file.
2020-02-09 00:36:34 INFO: Mainlight is switched off
2020-02-09 00:36:34 INFO: CO2 is switched off
2020-02-09 00:36:34 INFO: Heater is switched off
2020-02-09 00:36:39 INFO: Mainlight is switched off
2020-02-09 00:36:39 INFO: CO2 is switched off
2020-02-09 00:36:39 INFO: Heater is switched off
2020-02-09 00:36:44 INFO: Mainlight is switched off
2020-02-09 00:36:44 INFO: CO2 is switched off
2020-02-09 00:36:44 INFO: Heater is switched off
2020-02-09 00:36:49 INFO: Mainlight is switched off
2020-02-09 00:36:49 INFO: CO2 is switched off
2020-02-09 00:36:49 INFO: Heater is switched off
2020-02-09 00:36:54 INFO: Mainlight is switched off
2020-02-09 00:36:54 INFO: CO2 is switched off
2020-02-09 00:36:54 INFO: Heater is switched off
2020-02-09 00:36:54 INFO: Checking for new Input file.
2020-02-09 00:36:59 INFO: Mainlight is switched off
2020-02-09 00:36:59 INFO: CO2 is switched off
2020-02-09 00:36:59 INFO: Heater is switched off
2020-02-09 00:37:04 INFO: Mainlight is switched off
2020-02-09 00:37:04 INFO: CO2 is switched off
2020-02-09 00:37:04 INFO: Heater is switched off
2020-02-09 00:37:09 INFO: Mainlight is switched off
2020-02-09 00:37:09 INFO: CO2 is switched off
2020-02-09 00:37:09 INFO: Heater is switched off
2020-02-09 00:37:14 INFO: Mainlight is switched off
2020-02-09 00:37:14 INFO: CO2 is switched off
2020-02-09 00:37:14 INFO: Heater is switched off
2020-02-09 00:37:19 INFO: Mainlight is switched off
2020-02-09 00:37:19 INFO: CO2 is switched off
2020-02-09 00:37:20 INFO: Heater is switched off
2020-02-09 00:37:20 INFO: Checking for new Input file.
2020-02-09 00:37:25 INFO: Mainlight is switched off
2020-02-09 00:37:25 INFO: CO2 is switched off
2020-02-09 00:37:25 INFO: Heater is switched off
2020-02-09 00:37:30 INFO: Mainlight is switched off
2020-02-09 00:37:30 INFO: CO2 is switched off
2020-02-09 00:37:30 INFO: Heater is switched off
2020-02-09 00:37:35 INFO: Mainlight is switched off
2020-02-09 00:37:35 INFO: CO2 is switched off
2020-02-09 00:37:35 INFO: Heater is switched off
2020-02-09 00:37:40 INFO: Mainlight is switched off
2020-02-09 00:37:40 INFO: CO2 is switched off
2020-02-09 00:37:40 INFO: Heater is switched off
2020-02-09 00:37:45 INFO: Mainlight is switched off
2020-02-09 00:37:45 INFO: CO2 is switched off
2020-02-09 00:37:45 INFO: Heater is switched off
2020-02-09 00:37:45 INFO: Checking for new Input file.
2020-02-09 00:37:50 INFO: Mainlight is switched off
2020-02-09 00:37:50 INFO: CO2 is switched off
2020-02-09 00:37:50 INFO: Heater is switched off
2020-02-09 00:37:55 INFO: Mainlight is switched off
2020-02-09 00:37:55 INFO: CO2 is switched off
2020-02-09 00:37:55 INFO: Heater is switched off
2020-02-09 00:38:00 INFO: Mainlight is switched off
2020-02-09 00:38:00 INFO: CO2 is switched off
2020-02-09 00:38:00 INFO: Heater is switched off
2020-02-09 00:38:05 INFO: Mainlight is switched off
2020-02-09 00:38:05 INFO: CO2 is switched off
2020-02-09 00:38:05 INFO: Heater is switched off
2020-02-09 00:38:10 INFO: Mainlight is switched off
2020-02-09 00:38:10 INFO: CO2 is switched off
2020-02-09 00:38:10 INFO: Heater is switched off
2020-02-09 00:38:10 INFO: Checking for new Input file.
2020-02-09 00:38:15 INFO: Mainlight is switched off
2020-02-09 00:38:15 INFO: CO2 is switched off
2020-02-09 00:38:15 INFO: Heater is switched off
2020-02-09 00:38:20 INFO: Mainlight is switched off
2020-02-09 00:38:20 INFO: CO2 is switched off
2020-02-09 00:38:20 INFO: Heater is switched off
2020-02-09 00:38:25 INFO: Mainlight is switched off
2020-02-09 00:38:25 INFO: CO2 is switched off
2020-02-09 00:38:25 INFO: Heater is switched off
2020-02-09 00:38:30 INFO: Mainlight is switched off
2020-02-09 00:38:30 INFO: CO2 is switched off
2020-02-09 00:38:30 INFO: Heater is switched off
2020-02-09 00:38:35 INFO: Mainlight is switched off
2020-02-09 00:38:35 INFO: CO2 is switched off
2020-02-09 00:38:35 INFO: Heater is switched off
2020-02-09 00:38:35 INFO: Checking for new Input file.
2020-02-09 00:38:40 INFO: Mainlight is switched off
2020-02-09 00:38:40 INFO: CO2 is switched off
2020-02-09 00:38:40 INFO: Heater is switched off
2020-02-09 00:38:45 INFO: Mainlight is switched off
2020-02-09 00:38:45 INFO: CO2 is switched off
2020-02-09 00:38:45 INFO: Heater is switched off
2020-02-09 00:38:50 INFO: Mainlight is switched off
2020-02-09 00:38:50 INFO: CO2 is switched off
2020-02-09 00:38:50 INFO: Heater is switched off
2020-02-09 00:38:55 INFO: Mainlight is switched off
2020-02-09 00:38:55 INFO: CO2 is switched off
2020-02-09 00:38:55 INFO: Heater is switched off
2020-02-09 00:39:00 INFO: Mainlight is switched off
2020-02-09 00:39:00 INFO: CO2 is switched off
2020-02-09 00:39:00 INFO: Heater is switched off
2020-02-09 00:39:00 INFO: Checking for new Input file.
2020-02-09 00:39:05 INFO: Mainlight is switched off
2020-02-09 00:39:05 INFO: CO2 is switched off
2020-02-09 00:39:05 INFO: Heater is switched off
2020-02-09 00:39:10 INFO: Mainlight is switched off
2020-02-09 00:39:10 INFO: CO2 is switched off
2020-02-09 00:39:10 INFO: Heater is switched off
2020-02-09 00:39:15 INFO: Mainlight is switched off
2020-02-09 00:39:15 INFO: CO2 is switched off
2020-02-09 00:39:15 INFO: Heater is switched off
2020-02-09 00:39:20 INFO: Mainlight is switched off
2020-02-09 00:39:21 INFO: CO2 is switched off
2020-02-09 00:39:21 INFO: Heater is switched off
2020-02-09 00:39:26 INFO: Mainlight is switched off
2020-02-09 00:39:26 INFO: CO2 is switched off
2020-02-09 00:39:26 INFO: Heater is switched off
2020-02-09 00:39:26 INFO: Checking for new Input file.
2020-02-09 00:39:31 INFO: Mainlight is switched off
2020-02-09 00:39:31 INFO: CO2 is switched off
2020-02-09 00:39:31 INFO: Heater is switched off
2020-02-09 00:39:36 INFO: Mainlight is switched off
2020-02-09 00:39:36 INFO: CO2 is switched off
2020-02-09 00:39:36 INFO: Heater is switched off
2020-02-09 00:39:41 INFO: Mainlight is switched off
2020-02-09 00:39:41 INFO: CO2 is switched off
2020-02-09 00:39:41 INFO: Heater is switched off
2020-02-09 00:39:46 INFO: Mainlight is switched off
2020-02-09 00:39:46 INFO: CO2 is switched off
2020-02-09 00:39:46 INFO: Heater is switched off
2020-02-09 00:39:51 INFO: Mainlight is switched off
2020-02-09 00:39:51 INFO: CO2 is switched off
2020-02-09 00:39:51 INFO: Heater is switched off
2020-02-09 00:39:51 INFO: Checking for new Input file.
2020-02-09 00:39:56 INFO: Mainlight is switched off
2020-02-09 00:39:56 INFO: CO2 is switched off
2020-02-09 00:39:56 INFO: Heater is switched off
2020-02-09 00:40:01 INFO: Mainlight is switched off
2020-02-09 00:40:01 INFO: CO2 is switched off
2020-02-09 00:40:01 INFO: Heater is switched off
2020-02-09 00:40:06 INFO: Mainlight is switched off
2020-02-09 00:40:06 INFO: CO2 is switched off
2020-02-09 00:40:06 INFO: Heater is switched off
2020-02-09 00:40:11 INFO: Mainlight is switched off
2020-02-09 00:40:11 INFO: CO2 is switched off
2020-02-09 00:40:11 INFO: Heater is switched off
2020-02-09 00:40:16 INFO: Mainlight is switched off
2020-02-09 00:40:16 INFO: CO2 is switched off
2020-02-09 00:40:16 INFO: Heater is switched off
2020-02-09 00:40:16 INFO: Checking for new Input file.
2020-02-09 00:40:21 INFO: Mainlight is switched off
2020-02-09 00:40:21 INFO: CO2 is switched off
2020-02-09 00:40:21 INFO: Heater is switched off
2020-02-09 00:40:26 INFO: Mainlight is switched off
2020-02-09 00:40:26 INFO: CO2 is switched off
2020-02-09 00:40:26 INFO: Heater is switched off
2020-02-09 00:40:31 INFO: Mainlight is switched off
2020-02-09 00:40:31 INFO: CO2 is switched off
2020-02-09 00:40:31 INFO: Heater is switched off
2020-02-09 00:40:36 INFO: Mainlight is switched off
2020-02-09 00:40:36 INFO: CO2 is switched off
2020-02-09 00:40:36 INFO: Heater is switched off
2020-02-09 00:40:41 INFO: Mainlight is switched off
2020-02-09 00:40:41 INFO: CO2 is switched off
2020-02-09 00:40:41 INFO: Heater is switched off
2020-02-09 00:40:41 INFO: Checking for new Input file.
2020-02-09 00:40:46 INFO: Mainlight is switched off
2020-02-09 00:40:46 INFO: CO2 is switched off
2020-02-09 00:40:46 INFO: Heater is switched off
2020-02-09 00:40:51 INFO: Mainlight is switched off
2020-02-09 00:40:51 INFO: CO2 is switched off
2020-02-09 00:40:51 INFO: Heater is switched off
2020-02-09 00:40:56 INFO: Mainlight is switched off
2020-02-09 00:40:56 INFO: CO2 is switched off
2020-02-09 00:40:56 INFO: Heater is switched off
2020-02-09 00:41:01 INFO: Mainlight is switched off
2020-02-09 00:41:01 INFO: CO2 is switched off
2020-02-09 00:41:01 INFO: Heater is switched off
2020-02-09 00:41:06 INFO: Mainlight is switched off
2020-02-09 00:41:06 INFO: CO2 is switched off
2020-02-09 00:41:06 INFO: Heater is switched off
2020-02-09 00:41:06 INFO: Checking for new Input file.
2020-02-09 00:41:11 INFO: Mainlight is switched off
2020-02-09 00:41:11 INFO: CO2 is switched off
2020-02-09 00:41:11 INFO: Heater is switched off
2020-02-09 00:41:16 INFO: Mainlight is switched off
2020-02-09 00:41:16 INFO: CO2 is switched off
2020-02-09 00:41:16 INFO: Heater is switched off
2020-02-09 00:41:21 INFO: Mainlight is switched off
2020-02-09 00:41:21 INFO: CO2 is switched off
2020-02-09 00:41:21 INFO: Heater is switched off
2020-02-09 00:41:27 INFO: Mainlight is switched off
2020-02-09 00:41:27 INFO: CO2 is switched off
2020-02-09 00:41:27 INFO: Heater is switched off
2020-02-09 00:41:32 INFO: Mainlight is switched off
2020-02-09 00:41:32 INFO: CO2 is switched off
2020-02-09 00:41:32 INFO: Heater is switched off
2020-02-09 00:41:32 INFO: Checking for new Input file.
2020-02-09 00:41:37 INFO: Mainlight is switched off
2020-02-09 00:41:37 INFO: CO2 is switched off
2020-02-09 00:41:37 INFO: Heater is switched off
2020-02-09 00:41:42 INFO: Mainlight is switched off
2020-02-09 00:41:42 INFO: CO2 is switched off
2020-02-09 00:41:42 INFO: Heater is switched off
2020-02-09 00:41:47 INFO: Mainlight is switched off
2020-02-09 00:41:47 INFO: CO2 is switched off
2020-02-09 00:41:47 INFO: Heater is switched off
2020-02-09 00:41:52 INFO: Mainlight is switched off
2020-02-09 00:41:52 INFO: CO2 is switched off
2020-02-09 00:41:52 INFO: Heater is switched off
2020-02-09 00:41:57 INFO: Mainlight is switched off
2020-02-09 00:41:57 INFO: CO2 is switched off
2020-02-09 00:41:57 INFO: Heater is switched off
2020-02-09 00:41:57 INFO: Checking for new Input file.
2020-02-09 00:42:02 INFO: Mainlight is switched off
2020-02-09 00:42:02 INFO: CO2 is switched off
2020-02-09 00:42:02 INFO: Heater is switched off
2020-02-09 00:42:07 INFO: Mainlight is switched off
2020-02-09 00:42:07 INFO: CO2 is switched off
2020-02-09 00:42:07 INFO: Heater is switched off
2020-02-09 00:42:12 INFO: Mainlight is switched off
2020-02-09 00:42:12 INFO: CO2 is switched off
2020-02-09 00:42:12 INFO: Heater is switched off
2020-02-09 00:42:17 INFO: Mainlight is switched off
2020-02-09 00:42:17 INFO: CO2 is switched off
2020-02-09 00:42:17 INFO: Heater is switched off
2020-02-09 00:42:22 INFO: Mainlight is switched off
2020-02-09 00:42:22 INFO: CO2 is switched off
2020-02-09 00:42:22 INFO: Heater is switched off
2020-02-09 00:42:22 INFO: Checking for new Input file.
2020-02-09 00:42:27 INFO: Mainlight is switched off
2020-02-09 00:42:27 INFO: CO2 is switched off
2020-02-09 00:42:27 INFO: Heater is switched off
2020-02-09 00:42:32 INFO: Mainlight is switched off
2020-02-09 00:42:32 INFO: CO2 is switched off
2020-02-09 00:42:32 INFO: Heater is switched off
2020-02-09 00:42:37 INFO: Mainlight is switched off
2020-02-09 00:42:37 INFO: CO2 is switched off
2020-02-09 00:42:37 INFO: Heater is switched off
2020-02-09 00:42:42 INFO: Mainlight is switched off
2020-02-09 00:42:42 INFO: CO2 is switched off
2020-02-09 00:42:42 INFO: Heater is switched off
2020-02-09 00:42:47 INFO: Mainlight is switched off
2020-02-09 00:42:47 INFO: CO2 is switched off
2020-02-09 00:42:47 INFO: Heater is switched off
2020-02-09 00:42:47 INFO: Checking for new Input file.
2020-02-09 00:42:52 INFO: Mainlight is switched off
2020-02-09 00:42:52 INFO: CO2 is switched off
2020-02-09 00:42:52 INFO: Heater is switched off
2020-02-09 00:42:57 INFO: Mainlight is switched off
2020-02-09 00:42:57 INFO: CO2 is switched off
2020-02-09 00:42:57 INFO: Heater is switched off
2020-02-09 00:43:02 INFO: Mainlight is switched off
2020-02-09 00:43:02 INFO: CO2 is switched off
2020-02-09 00:43:02 INFO: Heater is switched off
2020-02-09 00:43:07 INFO: Mainlight is switched off
2020-02-09 00:43:07 INFO: CO2 is switched off
2020-02-09 00:43:07 INFO: Heater is switched off
2020-02-09 00:43:12 INFO: Mainlight is switched off
2020-02-09 00:43:12 INFO: CO2 is switched off
2020-02-09 00:43:12 INFO: Heater is switched off
2020-02-09 00:43:12 INFO: Checking for new Input file.
2020-02-09 00:43:17 INFO: Mainlight is switched off
2020-02-09 00:43:17 INFO: CO2 is switched off
2020-02-09 00:43:17 INFO: Heater is switched off
2020-02-09 00:43:23 INFO: Mainlight is switched off
2020-02-09 00:43:23 INFO: CO2 is switched off
2020-02-09 00:43:23 INFO: Heater is switched off
2020-02-09 00:43:28 INFO: Mainlight is switched off
2020-02-09 00:43:28 INFO: CO2 is switched off
2020-02-09 00:43:28 INFO: Heater is switched off
2020-02-09 00:43:33 INFO: Mainlight is switched off
2020-02-09 00:43:33 INFO: CO2 is switched off
2020-02-09 00:43:33 INFO: Heater is switched off
2020-02-09 00:43:38 INFO: Mainlight is switched off
2020-02-09 00:43:38 INFO: CO2 is switched off
2020-02-09 00:43:38 INFO: Heater is switched off
2020-02-09 00:43:38 INFO: Checking for new Input file.
2020-02-09 00:43:43 INFO: Mainlight is switched off
2020-02-09 00:43:43 INFO: CO2 is switched off
2020-02-09 00:43:43 INFO: Heater is switched off
2020-02-09 00:43:48 INFO: Mainlight is switched off
2020-02-09 00:43:48 INFO: CO2 is switched off
2020-02-09 00:43:48 INFO: Heater is switched off
2020-02-09 00:43:53 INFO: Mainlight is switched off
2020-02-09 00:43:53 INFO: CO2 is switched off
2020-02-09 00:43:53 INFO: Heater is switched off
2020-02-09 00:43:58 INFO: Mainlight is switched off
2020-02-09 00:43:58 INFO: CO2 is switched off
2020-02-09 00:43:58 INFO: Heater is switched off
2020-02-09 00:44:03 INFO: Mainlight is switched off
2020-02-09 00:44:03 INFO: CO2 is switched off
2020-02-09 00:44:03 INFO: Heater is switched off
2020-02-09 00:44:03 INFO: Checking for new Input file.
2020-02-09 00:44:08 INFO: Mainlight is switched off
2020-02-09 00:44:08 INFO: CO2 is switched off
2020-02-09 00:44:08 INFO: Heater is switched off
2020-02-09 00:44:13 INFO: Mainlight is switched off
2020-02-09 00:44:13 INFO: CO2 is switched off
2020-02-09 00:44:13 INFO: Heater is switched off
2020-02-09 00:44:18 INFO: Mainlight is switched off
2020-02-09 00:44:18 INFO: CO2 is switched off
2020-02-09 00:44:18 INFO: Heater is switched off
2020-02-09 00:44:23 INFO: Mainlight is switched off
2020-02-09 00:44:23 INFO: CO2 is switched off
2020-02-09 00:44:23 INFO: Heater is switched off
2020-02-09 00:44:28 INFO: Mainlight is switched off
2020-02-09 00:44:28 INFO: CO2 is switched off
2020-02-09 00:44:28 INFO: Heater is switched off
2020-02-09 00:44:28 INFO: Checking for new Input file.
2020-02-09 00:44:33 INFO: Mainlight is switched off
2020-02-09 00:44:33 INFO: CO2 is switched off
2020-02-09 00:44:33 INFO: Heater is switched off
2020-02-09 00:44:38 INFO: Mainlight is switched off
2020-02-09 00:44:38 INFO: CO2 is switched off
2020-02-09 00:44:38 INFO: Heater is switched off
2020-02-09 00:44:43 INFO: Mainlight is switched off
2020-02-09 00:44:43 INFO: CO2 is switched off
2020-02-09 00:44:43 INFO: Heater is switched off
2020-02-09 00:44:48 INFO: Mainlight is switched off
2020-02-09 00:44:48 INFO: CO2 is switched off
2020-02-09 00:44:48 INFO: Heater is switched off
2020-02-09 00:44:53 INFO: Mainlight is switched off
2020-02-09 00:44:53 INFO: CO2 is switched off
2020-02-09 00:44:53 INFO: Heater is switched off
2020-02-09 00:44:53 INFO: Checking for new Input file.
2020-02-09 00:44:58 INFO: Mainlight is switched off
2020-02-09 00:44:58 INFO: CO2 is switched off
2020-02-09 00:44:58 INFO: Heater is switched off
2020-02-09 00:45:03 INFO: Mainlight is switched off
2020-02-09 00:45:03 INFO: CO2 is switched off
2020-02-09 00:45:03 INFO: Heater is switched off
2020-02-09 00:45:09 INFO: Mainlight is switched off
2020-02-09 00:45:09 INFO: CO2 is switched off
2020-02-09 00:45:09 INFO: Heater is switched off
2020-02-09 00:45:14 INFO: Mainlight is switched off
2020-02-09 00:45:14 INFO: CO2 is switched off
2020-02-09 00:45:14 INFO: Heater is switched off
2020-02-09 00:45:19 INFO: Mainlight is switched off
2020-02-09 00:45:19 INFO: CO2 is switched off
2020-02-09 00:45:19 INFO: Heater is switched off
2020-02-09 00:45:19 INFO: Checking for new Input file.
2020-02-09 00:45:24 INFO: Mainlight is switched off
2020-02-09 00:45:24 INFO: CO2 is switched off
2020-02-09 00:45:24 INFO: Heater is switched off
2020-02-09 00:45:29 INFO: Mainlight is switched off
2020-02-09 00:45:29 INFO: CO2 is switched off
2020-02-09 00:45:29 INFO: Heater is switched off
2020-02-09 00:45:34 INFO: Mainlight is switched off
2020-02-09 00:45:34 INFO: CO2 is switched off
2020-02-09 00:45:34 INFO: Heater is switched off
2020-02-09 00:45:39 INFO: Mainlight is switched off
2020-02-09 00:45:39 INFO: CO2 is switched off
2020-02-09 00:45:39 INFO: Heater is switched off
2020-02-09 00:45:44 INFO: Mainlight is switched off
2020-02-09 00:45:44 INFO: CO2 is switched off
2020-02-09 00:45:44 INFO: Heater is switched off
2020-02-09 00:45:44 INFO: Checking for new Input file.
2020-02-09 00:45:49 INFO: Mainlight is switched off
2020-02-09 00:45:49 INFO: CO2 is switched off
2020-02-09 00:45:49 INFO: Heater is switched off
2020-02-09 00:45:54 INFO: Mainlight is switched off
2020-02-09 00:45:54 INFO: CO2 is switched off
2020-02-09 00:45:54 INFO: Heater is switched off
2020-02-09 00:45:59 INFO: Mainlight is switched off
2020-02-09 00:45:59 INFO: CO2 is switched off
2020-02-09 00:45:59 INFO: Heater is switched off
2020-02-09 00:46:04 INFO: Mainlight is switched off
2020-02-09 00:46:04 INFO: CO2 is switched off
2020-02-09 00:46:04 INFO: Heater is switched off
2020-02-09 00:46:09 INFO: Mainlight is switched off
2020-02-09 00:46:09 INFO: CO2 is switched off
2020-02-09 00:46:09 INFO: Heater is switched off
2020-02-09 00:46:09 INFO: Checking for new Input file.
2020-02-09 00:46:14 INFO: Mainlight is switched off
2020-02-09 00:46:14 INFO: CO2 is switched off
2020-02-09 00:46:14 INFO: Heater is switched off
2020-02-09 00:46:19 INFO: Mainlight is switched off
2020-02-09 00:46:19 INFO: CO2 is switched off
2020-02-09 00:46:19 INFO: Heater is switched off
2020-02-09 00:46:24 INFO: Mainlight is switched off
2020-02-09 00:46:24 INFO: CO2 is switched off
2020-02-09 00:46:24 INFO: Heater is switched off
2020-02-09 00:46:29 INFO: Mainlight is switched off
2020-02-09 00:46:29 INFO: CO2 is switched off
2020-02-09 00:46:29 INFO: Heater is switched off
2020-02-09 00:46:34 INFO: Mainlight is switched off
2020-02-09 00:46:34 INFO: CO2 is switched off
2020-02-09 00:46:34 INFO: Heater is switched off
2020-02-09 00:46:34 INFO: Checking for new Input file.
2020-02-09 00:46:39 INFO: Mainlight is switched off
2020-02-09 00:46:39 INFO: CO2 is switched off
2020-02-09 00:46:39 INFO: Heater is switched off
2020-02-09 00:46:44 INFO: Mainlight is switched off
2020-02-09 00:46:44 INFO: CO2 is switched off
2020-02-09 00:46:44 INFO: Heater is switched off
2020-02-09 00:46:50 INFO: Mainlight is switched off
2020-02-09 00:46:50 INFO: CO2 is switched off
2020-02-09 00:46:50 INFO: Heater is switched off
2020-02-09 00:46:55 INFO: Mainlight is switched off
2020-02-09 00:46:55 INFO: CO2 is switched off
2020-02-09 00:46:55 INFO: Heater is switched off
2020-02-09 00:47:00 INFO: Mainlight is switched off
2020-02-09 00:47:00 INFO: CO2 is switched off
2020-02-09 00:47:00 INFO: Heater is switched off
2020-02-09 00:47:00 INFO: Checking for new Input file.
2020-02-09 00:47:05 INFO: Mainlight is switched off
2020-02-09 00:47:05 INFO: CO2 is switched off
2020-02-09 00:47:05 INFO: Heater is switched off
2020-02-09 00:47:10 INFO: Mainlight is switched off
2020-02-09 00:47:10 INFO: CO2 is switched off
2020-02-09 00:47:10 INFO: Heater is switched off
2020-02-09 00:47:15 INFO: Mainlight is switched off
2020-02-09 00:47:15 INFO: CO2 is switched off
2020-02-09 00:47:15 INFO: Heater is switched off
2020-02-09 00:47:20 INFO: Mainlight is switched off
2020-02-09 00:47:20 INFO: CO2 is switched off
2020-02-09 00:47:20 INFO: Heater is switched off
2020-02-09 00:47:25 INFO: Mainlight is switched off
2020-02-09 00:47:25 INFO: CO2 is switched off
2020-02-09 00:47:25 INFO: Heater is switched off
2020-02-09 00:47:25 INFO: Checking for new Input file.
2020-02-09 00:47:30 INFO: Mainlight is switched off
2020-02-09 00:47:30 INFO: CO2 is switched off
2020-02-09 00:47:30 INFO: Heater is switched off
2020-02-09 00:47:35 INFO: Mainlight is switched off
2020-02-09 00:47:35 INFO: CO2 is switched off
2020-02-09 00:47:35 INFO: Heater is switched off
2020-02-09 00:47:40 INFO: Mainlight is switched off
2020-02-09 00:47:40 INFO: CO2 is switched off
2020-02-09 00:47:40 INFO: Heater is switched off
2020-02-09 00:47:45 INFO: Mainlight is switched off
2020-02-09 00:47:45 INFO: CO2 is switched off
2020-02-09 00:47:45 INFO: Heater is switched off
2020-02-09 00:47:50 INFO: Mainlight is switched off
2020-02-09 00:47:50 INFO: CO2 is switched off
2020-02-09 00:47:50 INFO: Heater is switched off
2020-02-09 00:47:51 INFO: MYSQL: Values are written to MYSQL Database
2020-02-09 00:47:51 INFO: Checking for new Input file.
2020-02-09 00:47:56 INFO: Mainlight is switched off
2020-02-09 00:47:56 INFO: CO2 is switched off
2020-02-09 00:47:56 INFO: Heater is switched off
2020-02-09 00:48:01 INFO: Mainlight is switched off
2020-02-09 00:48:01 INFO: CO2 is switched off
2020-02-09 00:48:01 INFO: Heater is switched off
2020-02-09 00:48:06 INFO: Mainlight is switched off
2020-02-09 00:48:06 INFO: CO2 is switched off
2020-02-09 00:48:06 INFO: Heater is switched off
2020-02-09 00:48:11 INFO: Mainlight is switched off
2020-02-09 00:48:11 INFO: CO2 is switched off
2020-02-09 00:48:11 INFO: Heater is switched off
2020-02-09 00:48:16 INFO: Mainlight is switched off
2020-02-09 00:48:16 INFO: CO2 is switched off
2020-02-09 00:48:16 INFO: Heater is switched off
2020-02-09 00:48:16 INFO: Checking for new Input file.
2020-02-09 00:48:21 INFO: Mainlight is switched off
2020-02-09 00:48:21 INFO: CO2 is switched off
2020-02-09 00:48:21 INFO: Heater is switched off
2020-02-09 00:48:26 INFO: Mainlight is switched off
2020-02-09 00:48:26 INFO: CO2 is switched off
2020-02-09 00:48:26 INFO: Heater is switched off
2020-02-09 00:48:31 INFO: Mainlight is switched off
2020-02-09 00:48:31 INFO: CO2 is switched off
2020-02-09 00:48:31 INFO: Heater is switched off
2020-02-09 00:48:36 INFO: Mainlight is switched off
2020-02-09 00:48:36 INFO: CO2 is switched off
2020-02-09 00:48:36 INFO: Heater is switched off
2020-02-09 00:48:41 INFO: Mainlight is switched off
2020-02-09 00:48:41 INFO: CO2 is switched off
2020-02-09 00:48:41 INFO: Heater is switched off
2020-02-09 00:48:41 INFO: Checking for new Input file.
2020-02-09 00:48:46 INFO: Mainlight is switched off
2020-02-09 00:48:46 INFO: CO2 is switched off
2020-02-09 00:48:46 INFO: Heater is switched off
2020-02-09 00:48:51 INFO: Mainlight is switched off
2020-02-09 00:48:51 INFO: CO2 is switched off
2020-02-09 00:48:51 INFO: Heater is switched off
2020-02-09 00:48:56 INFO: Mainlight is switched off
2020-02-09 00:48:56 INFO: CO2 is switched off
2020-02-09 00:48:56 INFO: Heater is switched off
2020-02-09 00:49:01 INFO: Mainlight is switched off
2020-02-09 00:49:01 INFO: CO2 is switched off
2020-02-09 00:49:01 INFO: Heater is switched off
2020-02-09 00:49:06 INFO: Mainlight is switched off
2020-02-09 00:49:06 INFO: CO2 is switched off
2020-02-09 00:49:06 INFO: Heater is switched off
2020-02-09 00:49:06 INFO: Checking for new Input file.
2020-02-09 00:49:11 INFO: Mainlight is switched off
2020-02-09 00:49:11 INFO: CO2 is switched off
2020-02-09 00:49:11 INFO: Heater is switched off
2020-02-09 00:49:16 INFO: Mainlight is switched off
2020-02-09 00:49:16 INFO: CO2 is switched off
2020-02-09 00:49:16 INFO: Heater is switched off
2020-02-09 00:49:22 INFO: Mainlight is switched off
2020-02-09 00:49:22 INFO: CO2 is switched off
2020-02-09 00:49:22 INFO: Heater is switched off
2020-02-09 00:49:27 INFO: Mainlight is switched off
2020-02-09 00:49:27 INFO: CO2 is switched off
2020-02-09 00:49:27 INFO: Heater is switched off
2020-02-09 00:49:32 INFO: Mainlight is switched off
2020-02-09 00:49:32 INFO: CO2 is switched off
2020-02-09 00:49:32 INFO: Heater is switched off
2020-02-09 00:49:32 INFO: Checking for new Input file.
2020-02-09 00:49:37 INFO: Mainlight is switched off
2020-02-09 00:49:37 INFO: CO2 is switched off
2020-02-09 00:49:37 INFO: Heater is switched off
2020-02-09 00:49:42 INFO: Mainlight is switched off
2020-02-09 00:49:42 INFO: CO2 is switched off
2020-02-09 00:49:42 INFO: Heater is switched off
2020-02-09 00:49:47 INFO: Mainlight is switched off
2020-02-09 00:49:47 INFO: CO2 is switched off
2020-02-09 00:49:47 INFO: Heater is switched off
2020-02-09 00:49:52 INFO: Mainlight is switched off
2020-02-09 00:49:52 INFO: CO2 is switched off
2020-02-09 00:49:52 INFO: Heater is switched off
2020-02-09 00:49:57 INFO: Mainlight is switched off
2020-02-09 00:49:57 INFO: CO2 is switched off
2020-02-09 00:49:57 INFO: Heater is switched off
2020-02-09 00:49:57 INFO: Checking for new Input file.
2020-02-09 00:50:02 INFO: Mainlight is switched off
2020-02-09 00:50:02 INFO: CO2 is switched off
2020-02-09 00:50:02 INFO: Heater is switched off
2020-02-09 00:50:07 INFO: Mainlight is switched off
2020-02-09 00:50:07 INFO: CO2 is switched off
2020-02-09 00:50:07 INFO: Heater is switched off
2020-02-09 00:50:12 INFO: Mainlight is switched off
2020-02-09 00:50:12 INFO: CO2 is switched off
2020-02-09 00:50:12 INFO: Heater is switched off
2020-02-09 00:50:17 INFO: Mainlight is switched off
2020-02-09 00:50:17 INFO: CO2 is switched off
2020-02-09 00:50:17 INFO: Heater is switched off
2020-02-09 00:50:22 INFO: Mainlight is switched off
2020-02-09 00:50:22 INFO: CO2 is switched off
2020-02-09 00:50:22 INFO: Heater is switched off
2020-02-09 00:50:22 INFO: Checking for new Input file.
2020-02-09 00:50:27 INFO: Mainlight is switched off
2020-02-09 00:50:27 INFO: CO2 is switched off
2020-02-09 00:50:27 INFO: Heater is switched off
2020-02-09 00:50:32 INFO: Mainlight is switched off
2020-02-09 00:50:32 INFO: CO2 is switched off
2020-02-09 00:50:32 INFO: Heater is switched off
2020-02-09 00:50:37 INFO: Mainlight is switched off
2020-02-09 00:50:37 INFO: CO2 is switched off
2020-02-09 00:50:37 INFO: Heater is switched off
2020-02-09 00:50:42 INFO: Mainlight is switched off
2020-02-09 00:50:42 INFO: CO2 is switched off
2020-02-09 00:50:42 INFO: Heater is switched off
2020-02-09 00:50:47 INFO: Mainlight is switched off
2020-02-09 00:50:47 INFO: CO2 is switched off
2020-02-09 00:50:47 INFO: Heater is switched off
2020-02-09 00:50:47 INFO: Checking for new Input file.
2020-02-09 00:50:52 INFO: Mainlight is switched off
2020-02-09 00:50:52 INFO: CO2 is switched off
2020-02-09 00:50:52 INFO: Heater is switched off
2020-02-09 00:50:57 INFO: Mainlight is switched off
2020-02-09 00:50:57 INFO: CO2 is switched off
2020-02-09 00:50:57 INFO: Heater is switched off
2020-02-09 00:51:02 INFO: Mainlight is switched off
2020-02-09 00:51:02 INFO: CO2 is switched off
2020-02-09 00:51:03 INFO: Heater is switched off
2020-02-09 00:51:08 INFO: Mainlight is switched off
2020-02-09 00:51:08 INFO: CO2 is switched off
2020-02-09 00:51:08 INFO: Heater is switched off
2020-02-09 00:51:13 INFO: Mainlight is switched off
2020-02-09 00:51:13 INFO: CO2 is switched off
2020-02-09 00:51:13 INFO: Heater is switched off
2020-02-09 00:51:13 INFO: Checking for new Input file.
2020-02-09 00:51:18 INFO: Mainlight is switched off
2020-02-09 00:51:18 INFO: CO2 is switched off
2020-02-09 00:51:18 INFO: Heater is switched off
2020-02-09 00:51:23 INFO: Mainlight is switched off
2020-02-09 00:51:23 INFO: CO2 is switched off
2020-02-09 00:51:23 INFO: Heater is switched off
2020-02-09 00:51:28 INFO: Mainlight is switched off
2020-02-09 00:51:28 INFO: CO2 is switched off
2020-02-09 00:51:28 INFO: Heater is switched off
2020-02-09 00:51:33 INFO: Mainlight is switched off
2020-02-09 00:51:33 INFO: CO2 is switched off
2020-02-09 00:51:33 INFO: Heater is switched off
2020-02-09 00:51:38 INFO: Mainlight is switched off
2020-02-09 00:51:38 INFO: CO2 is switched off
2020-02-09 00:51:38 INFO: Heater is switched off
2020-02-09 00:51:38 INFO: Checking for new Input file.
2020-02-09 00:51:43 INFO: Mainlight is switched off
2020-02-09 00:51:43 INFO: CO2 is switched off
2020-02-09 00:51:43 INFO: Heater is switched off
2020-02-09 00:51:48 INFO: Mainlight is switched off
2020-02-09 00:51:48 INFO: CO2 is switched off
2020-02-09 00:51:48 INFO: Heater is switched off
2020-02-09 00:51:53 INFO: Mainlight is switched off
2020-02-09 00:51:53 INFO: CO2 is switched off
2020-02-09 00:51:53 INFO: Heater is switched off
2020-02-09 00:51:58 INFO: Mainlight is switched off
2020-02-09 00:51:58 INFO: CO2 is switched off
2020-02-09 00:51:58 INFO: Heater is switched off
2020-02-09 00:52:03 INFO: Mainlight is switched off
2020-02-09 00:52:03 INFO: CO2 is switched off
2020-02-09 00:52:03 INFO: Heater is switched off
2020-02-09 00:52:03 INFO: Checking for new Input file.
2020-02-09 00:52:08 INFO: Mainlight is switched off
2020-02-09 00:52:08 INFO: CO2 is switched off
2020-02-09 00:52:08 INFO: Heater is switched off
2020-02-09 00:52:13 INFO: Mainlight is switched off
2020-02-09 00:52:13 INFO: CO2 is switched off
2020-02-09 00:52:13 INFO: Heater is switched off
2020-02-09 00:52:18 INFO: Mainlight is switched off
2020-02-09 00:52:18 INFO: CO2 is switched off
2020-02-09 00:52:18 INFO: Heater is switched off
2020-02-09 00:52:23 INFO: Mainlight is switched off
2020-02-09 00:52:23 INFO: CO2 is switched off
2020-02-09 00:52:23 INFO: Heater is switched off
2020-02-09 00:52:28 INFO: Mainlight is switched off
2020-02-09 00:52:28 INFO: CO2 is switched off
2020-02-09 00:52:28 INFO: Heater is switched off
2020-02-09 00:52:28 INFO: Checking for new Input file.
2020-02-09 00:52:33 INFO: Mainlight is switched off
2020-02-09 00:52:33 INFO: CO2 is switched off
2020-02-09 00:52:33 INFO: Heater is switched off
2020-02-09 00:52:39 INFO: Mainlight is switched off
2020-02-09 00:52:39 INFO: CO2 is switched off
2020-02-09 00:52:39 INFO: Heater is switched off
2020-02-09 00:52:44 INFO: Mainlight is switched off
2020-02-09 00:52:44 INFO: CO2 is switched off
2020-02-09 00:52:44 INFO: Heater is switched off
2020-02-09 00:52:49 INFO: Mainlight is switched off
2020-02-09 00:52:49 INFO: CO2 is switched off
2020-02-09 00:52:49 INFO: Heater is switched off
2020-02-09 00:52:54 INFO: Mainlight is switched off
2020-02-09 00:52:54 INFO: CO2 is switched off
2020-02-09 00:52:54 INFO: Heater is switched off
2020-02-09 00:52:54 INFO: Checking for new Input file.
2020-02-09 00:52:59 INFO: Mainlight is switched off
2020-02-09 00:52:59 INFO: CO2 is switched off
2020-02-09 00:52:59 INFO: Heater is switched off
2020-02-09 00:53:04 INFO: Mainlight is switched off
2020-02-09 00:53:04 INFO: CO2 is switched off
2020-02-09 00:53:04 INFO: Heater is switched off
2020-02-09 00:53:09 INFO: Mainlight is switched off
2020-02-09 00:53:09 INFO: CO2 is switched off
2020-02-09 00:53:09 INFO: Heater is switched off
2020-02-09 00:53:14 INFO: Mainlight is switched off
2020-02-09 00:53:14 INFO: CO2 is switched off
2020-02-09 00:53:14 INFO: Heater is switched off
2020-02-09 00:53:19 INFO: Mainlight is switched off
2020-02-09 00:53:19 INFO: CO2 is switched off
2020-02-09 00:53:19 INFO: Heater is switched off
2020-02-09 00:53:19 INFO: Checking for new Input file.
2020-02-09 00:53:24 INFO: Mainlight is switched off
2020-02-09 00:53:24 INFO: CO2 is switched off
2020-02-09 00:53:24 INFO: Heater is switched off
2020-02-09 00:53:29 INFO: Mainlight is switched off
2020-02-09 00:53:29 INFO: CO2 is switched off
2020-02-09 00:53:29 INFO: Heater is switched off
2020-02-09 00:53:34 INFO: Mainlight is switched off
2020-02-09 00:53:34 INFO: CO2 is switched off
2020-02-09 00:53:34 INFO: Heater is switched off
2020-02-09 00:53:39 INFO: Mainlight is switched off
2020-02-09 00:53:39 INFO: CO2 is switched off
2020-02-09 00:53:39 INFO: Heater is switched off
2020-02-09 00:53:44 INFO: Mainlight is switched off
2020-02-09 00:53:44 INFO: CO2 is switched off
2020-02-09 00:53:44 INFO: Heater is switched off
2020-02-09 00:53:44 INFO: Checking for new Input file.
2020-02-09 00:53:49 INFO: Mainlight is switched off
2020-02-09 00:53:49 INFO: CO2 is switched off
2020-02-09 00:53:49 INFO: Heater is switched off
2020-02-09 00:53:54 INFO: Mainlight is switched off
2020-02-09 00:53:54 INFO: CO2 is switched off
2020-02-09 00:53:54 INFO: Heater is switched off
2020-02-09 00:53:59 INFO: Mainlight is switched off
2020-02-09 00:53:59 INFO: CO2 is switched off
2020-02-09 00:53:59 INFO: Heater is switched off
2020-02-09 00:54:04 INFO: Mainlight is switched off
2020-02-09 00:54:04 INFO: CO2 is switched off
2020-02-09 00:54:04 INFO: Heater is switched off
2020-02-09 00:54:09 INFO: Mainlight is switched off
2020-02-09 00:54:09 INFO: CO2 is switched off
2020-02-09 00:54:10 INFO: Heater is switched off
2020-02-09 00:54:10 INFO: Checking for new Input file.
2020-02-09 00:54:15 INFO: Mainlight is switched off
2020-02-09 00:54:15 INFO: CO2 is switched off
2020-02-09 00:54:15 INFO: Heater is switched off
2020-02-09 00:54:20 INFO: Mainlight is switched off
2020-02-09 00:54:20 INFO: CO2 is switched off
2020-02-09 00:54:20 INFO: Heater is switched off
2020-02-09 00:54:25 INFO: Mainlight is switched off
2020-02-09 00:54:25 INFO: CO2 is switched off
2020-02-09 00:54:25 INFO: Heater is switched off
2020-02-09 00:54:30 INFO: Mainlight is switched off
2020-02-09 00:54:30 INFO: CO2 is switched off
2020-02-09 00:54:30 INFO: Heater is switched off
2020-02-09 00:54:35 INFO: Mainlight is switched off
2020-02-09 00:54:35 INFO: CO2 is switched off
2020-02-09 00:54:35 INFO: Heater is switched off
2020-02-09 00:54:35 INFO: Checking for new Input file.
2020-02-09 00:54:40 INFO: Mainlight is switched off
2020-02-09 00:54:40 INFO: CO2 is switched off
2020-02-09 00:54:40 INFO: Heater is switched off
2020-02-09 00:54:45 INFO: Mainlight is switched off
2020-02-09 00:54:45 INFO: CO2 is switched off
2020-02-09 00:54:45 INFO: Heater is switched off
2020-02-09 00:54:50 INFO: Mainlight is switched off
2020-02-09 00:54:50 INFO: CO2 is switched off
2020-02-09 00:54:50 INFO: Heater is switched off
2020-02-09 00:54:55 INFO: Mainlight is switched off
2020-02-09 00:54:55 INFO: CO2 is switched off
2020-02-09 00:54:55 INFO: Heater is switched off
2020-02-09 00:55:00 INFO: Mainlight is switched off
2020-02-09 00:55:00 INFO: CO2 is switched off
2020-02-09 00:55:00 INFO: Heater is switched off
2020-02-09 00:55:00 INFO: Checking for new Input file.
2020-02-09 00:55:05 INFO: Mainlight is switched off
2020-02-09 00:55:05 INFO: CO2 is switched off
2020-02-09 00:55:05 INFO: Heater is switched off
2020-02-09 00:55:10 INFO: Mainlight is switched off
2020-02-09 00:55:10 INFO: CO2 is switched off
2020-02-09 00:55:10 INFO: Heater is switched off
2020-02-09 00:55:15 INFO: Mainlight is switched off
2020-02-09 00:55:15 INFO: CO2 is switched off
2020-02-09 00:55:15 INFO: Heater is switched off
2020-02-09 00:55:20 INFO: Mainlight is switched off
2020-02-09 00:55:20 INFO: CO2 is switched off
2020-02-09 00:55:20 INFO: Heater is switched off
2020-02-09 00:55:25 INFO: Mainlight is switched off
2020-02-09 00:55:25 INFO: CO2 is switched off
2020-02-09 00:55:25 INFO: Heater is switched off
2020-02-09 00:55:25 INFO: Checking for new Input file.
2020-02-09 00:55:30 INFO: Mainlight is switched off
2020-02-09 00:55:30 INFO: CO2 is switched off
2020-02-09 00:55:30 INFO: Heater is switched off
2020-02-09 00:55:35 INFO: Mainlight is switched off
2020-02-09 00:55:35 INFO: CO2 is switched off
2020-02-09 00:55:35 INFO: Heater is switched off
2020-02-09 00:55:41 INFO: Mainlight is switched off
2020-02-09 00:55:41 INFO: CO2 is switched off
2020-02-09 00:55:41 INFO: Heater is switched off
2020-02-09 00:55:46 INFO: Mainlight is switched off
2020-02-09 00:55:46 INFO: CO2 is switched off
2020-02-09 00:55:46 INFO: Heater is switched off
2020-02-09 00:55:51 INFO: Mainlight is switched off
2020-02-09 00:55:51 INFO: CO2 is switched off
2020-02-09 00:55:51 INFO: Heater is switched off
2020-02-09 00:55:51 INFO: Checking for new Input file.
2020-02-09 00:55:56 INFO: Mainlight is switched off
2020-02-09 00:55:56 INFO: CO2 is switched off
2020-02-09 00:55:56 INFO: Heater is switched off
2020-02-09 00:56:01 INFO: Mainlight is switched off
2020-02-09 00:56:01 INFO: CO2 is switched off
2020-02-09 00:56:01 INFO: Heater is switched off
2020-02-09 00:56:06 INFO: Mainlight is switched off
2020-02-09 00:56:06 INFO: CO2 is switched off
2020-02-09 00:56:06 INFO: Heater is switched off
2020-02-09 00:56:11 INFO: Mainlight is switched off
2020-02-09 00:56:11 INFO: CO2 is switched off
2020-02-09 00:56:11 INFO: Heater is switched off
2020-02-09 00:56:16 INFO: Mainlight is switched off
2020-02-09 00:56:16 INFO: CO2 is switched off
2020-02-09 00:56:16 INFO: Heater is switched off
2020-02-09 00:56:16 INFO: Checking for new Input file.
2020-02-09 00:56:21 INFO: Mainlight is switched off
2020-02-09 00:56:21 INFO: CO2 is switched off
2020-02-09 00:56:21 INFO: Heater is switched off
2020-02-09 00:56:26 INFO: Mainlight is switched off
2020-02-09 00:56:26 INFO: CO2 is switched off
2020-02-09 00:56:26 INFO: Heater is switched off
2020-02-09 00:56:31 INFO: Mainlight is switched off
2020-02-09 00:56:31 INFO: CO2 is switched off
2020-02-09 00:56:31 INFO: Heater is switched off
2020-02-09 00:56:36 INFO: Mainlight is switched off
2020-02-09 00:56:36 INFO: CO2 is switched off
2020-02-09 00:56:36 INFO: Heater is switched off
2020-02-09 00:56:41 INFO: Mainlight is switched off
2020-02-09 00:56:41 INFO: CO2 is switched off
2020-02-09 00:56:41 INFO: Heater is switched off
2020-02-09 00:56:41 INFO: Checking for new Input file.
2020-02-09 00:56:46 INFO: Mainlight is switched off
2020-02-09 00:56:46 INFO: CO2 is switched off
2020-02-09 00:56:46 INFO: Heater is switched off
2020-02-09 00:56:51 INFO: Mainlight is switched off
2020-02-09 00:56:51 INFO: CO2 is switched off
2020-02-09 00:56:51 INFO: Heater is switched off
2020-02-09 00:56:56 INFO: Mainlight is switched off
2020-02-09 00:56:56 INFO: CO2 is switched off
2020-02-09 00:56:56 INFO: Heater is switched off
2020-02-09 00:57:02 INFO: Mainlight is switched off
2020-02-09 00:57:02 INFO: CO2 is switched off
2020-02-09 00:57:02 INFO: Heater is switched off
2020-02-09 00:57:07 INFO: Mainlight is switched off
2020-02-09 00:57:07 INFO: CO2 is switched off
2020-02-09 00:57:07 INFO: Heater is switched off
2020-02-09 00:57:07 INFO: Checking for new Input file.
2020-02-09 00:57:12 INFO: Mainlight is switched off
2020-02-09 00:57:12 INFO: CO2 is switched off
2020-02-09 00:57:12 INFO: Heater is switched off
2020-02-09 00:57:17 INFO: Mainlight is switched off
2020-02-09 00:57:17 INFO: CO2 is switched off
2020-02-09 00:57:17 INFO: Heater is switched off
2020-02-09 00:57:22 INFO: Mainlight is switched off
2020-02-09 00:57:22 INFO: CO2 is switched off
2020-02-09 00:57:22 INFO: Heater is switched off
2020-02-09 00:57:27 INFO: Mainlight is switched off
2020-02-09 00:57:27 INFO: CO2 is switched off
2020-02-09 00:57:27 INFO: Heater is switched off
2020-02-09 00:57:32 INFO: Mainlight is switched off
2020-02-09 00:57:32 INFO: CO2 is switched off
2020-02-09 00:57:32 INFO: Heater is switched off
2020-02-09 00:57:32 INFO: Checking for new Input file.
2020-02-09 00:57:37 INFO: Mainlight is switched off
2020-02-09 00:57:37 INFO: CO2 is switched off
2020-02-09 00:57:37 INFO: Heater is switched off
2020-02-09 00:57:42 INFO: Mainlight is switched off
2020-02-09 00:57:42 INFO: CO2 is switched off
2020-02-09 00:57:42 INFO: Heater is switched off
2020-02-09 00:57:47 INFO: Mainlight is switched off
2020-02-09 00:57:47 INFO: CO2 is switched off
2020-02-09 00:57:47 INFO: Heater is switched off
2020-02-09 00:57:52 INFO: Mainlight is switched off
2020-02-09 00:57:52 INFO: CO2 is switched off
2020-02-09 00:57:52 INFO: Heater is switched off
